                     :-) GROMACS - gmx make_ndx, 2022.5 (-:

Executable:   /softwares/gromacs/2022.5/bin/gmx
Data prefix:  /softwares/gromacs/2022.5
Working dir:  /data2/jackson/lipid_sorting/lipid_sorting_in_tubules/Tutorial_Test/1.initial/work/dd/37f8ce1388aaee73577d5917f637d0
Command line:
  gmx make_ndx -f input.gro


Reading structure file

GROMACS reminds you: "The Poodle Chews It" (F. Zappa)

Going to read 0 old index file(s)
Analysing residue names:
There are: 56045      Other residues
Analysing residues not classified as Protein/DNA/RNA/Water and splitting into groups...

  0 System              : 75757 atoms
  1 Other               : 75757 atoms
  2 POPC                : 10752 atoms
  3 POPE                : 10752 atoms
  4 W                   : 54253 atoms

 nr : group      '!': not  'name' nr name   'splitch' nr    Enter: list groups
 'a': atom       '&': and  'del' nr         'splitres' nr   'l': list residues
 't': atom type  '|': or   'keep' nr        'splitat' nr    'h': help
 'r': residue              'res' nr         'chain' char
 "name": group             'case': case sensitive           'q': save and quit
 'ri': residue index

> 
Removed group 1 'Other'
Removed group 2 'POPC'
Removed group 3 'POPE'
Removed group 4 'W'
Group 5 does not exist
Group 6 does not exist
Group 7 does not exist
Group 8 does not exist
Group 9 does not exist
Group 10 does not exist
Group 11 does not exist
Group 12 does not exist
Group 13 does not exist
Group 14 does not exist
Group 15 does not exist
Group 16 does not exist
Group 17 does not exist
Group 18 does not exist
Group 19 does not exist
Group 20 does not exist
Group 21 does not exist
Group 22 does not exist
Group 23 does not exist
Group 24 does not exist
Group 25 does not exist
Group 26 does not exist
Group 27 does not exist
Group 28 does not exist
Group 29 does not exist
Group 30 does not exist
Group 31 does not exist
Group 32 does not exist
Group 33 does not exist
Group 34 does not exist
Group 35 does not exist
Group 36 does not exist
Group 37 does not exist
Group 38 does not exist
Group 39 does not exist
Group 40 does not exist
Group 41 does not exist
Group 42 does not exist
Group 43 does not exist
Group 44 does not exist
Group 45 does not exist
Group 46 does not exist
Group 47 does not exist
Group 48 does not exist
Group 49 does not exist
Group 50 does not exist
Group 51 does not exist
Group 52 does not exist
Group 53 does not exist
Group 54 does not exist
Group 55 does not exist
Group 56 does not exist
Group 57 does not exist
Group 58 does not exist
Group 59 does not exist
Group 60 does not exist
Group 61 does not exist
Group 62 does not exist
Group 63 does not exist
Group 64 does not exist
Group 65 does not exist
Group 66 does not exist
Group 67 does not exist
Group 68 does not exist
Group 69 does not exist
Group 70 does not exist
Group 71 does not exist
Group 72 does not exist
Group 73 does not exist
Group 74 does not exist
Group 75 does not exist
Group 76 does not exist
Group 77 does not exist
Group 78 does not exist
Group 79 does not exist
Group 80 does not exist
Group 81 does not exist
Group 82 does not exist
Group 83 does not exist
Group 84 does not exist
Group 85 does not exist
Group 86 does not exist
Group 87 does not exist
Group 88 does not exist
Group 89 does not exist
Group 90 does not exist
Group 91 does not exist
Group 92 does not exist
Group 93 does not exist
Group 94 does not exist
Group 95 does not exist
Group 96 does not exist
Group 97 does not exist
Group 98 does not exist
Group 99 does not exist

> 
Found 54253 atoms with names W NA CL CA

  1 W_NA_CL_CA          : 54253 atoms

> 
Copied index group 0 'System'
Copied index group 1 'W_NA_CL_CA'
Complemented group: 21504 atoms
Merged two groups with AND: 75757 21504 -> 21504

  2 System_&_!W_NA_CL_CA: 21504 atoms

> 

> 

> 
