                      :-) GROMACS - gmx grompp, 2022.5 (-:

Executable:   /softwares/gromacs/2022.5/bin/gmx
Data prefix:  /softwares/gromacs/2022.5
Working dir:  /data2/jackson/lipid_sorting/lipid_sorting_in_tubules/Tutorial_Test/1.initial/work/38/a8fd157ddbec876da52655ef1a4db4
Command line:
  gmx grompp -c input.gro -p input.top -f em.mdp -o em.tpr -maxwarn 1

Ignoring obsolete mdp entry 'ns_type'
Number of degrees of freedom in T-Coupling group rest is 227268.00

GROMACS reminds you: "But I always say, one's company, two's a crowd, and three's a party." (Andy Warhol)

Setting the LD random seed to -1613377545

Generated 844 of the 356590 non-bonded parameter combinations

Excluding 1 bonded neighbours molecule type 'POPC'

Excluding 1 bonded neighbours molecule type 'POPE'

Excluding 1 bonded neighbours molecule type 'POPC'

Excluding 1 bonded neighbours molecule type 'POPE'

Excluding 1 bonded neighbours molecule type 'W'
Analysing residue names:
There are: 56045      Other residues
Analysing residues not classified as Protein/DNA/RNA/Water and splitting into groups...

This run will generate roughly 6 Mb of data
                      :-) GROMACS - gmx mdrun, 2022.5 (-:

Executable:   /softwares/gromacs/2022.5/bin/gmx
Data prefix:  /softwares/gromacs/2022.5
Working dir:  /data2/jackson/lipid_sorting/lipid_sorting_in_tubules/Tutorial_Test/1.initial/work/38/a8fd157ddbec876da52655ef1a4db4
Command line:
  gmx mdrun -s em.tpr -c em.gro -nt 16 -rdd 1.6

Reading file em.tpr, VERSION 2022.5 (single precision)
Using 1 MPI thread
Using 16 OpenMP threads 


NOTE: The number of threads is not equal to the number of (logical) cpus
      and the -pin option is set to auto: will not pin threads to cpus.
      This can lead to significant performance degradation.
      Consider using -pin on (and -pinoffset in case you run multiple jobs).

Steepest Descents:
   Tolerance (Fmax)   =  3.00000e+02
   Number of steps    =        10000

writing lowest energy coordinates.

Steepest Descents converged to Fmax < 300 in 716 steps
Potential Energy  = -1.9256196e+06
Maximum force     =  2.2186798e+02 on atom 289
Norm of force     =  4.3121851e+00

GROMACS reminds you: "X-rays will prove to be a hoax." (Lord Kelvin, while president of the Royal Society)

