Feb-01 13:55:23.085 [main] DEBUG nextflow.cli.Launcher - Setting HTTP proxy: ProxyConfig[protocol=http; host=ftprox.ibcp.fr; port=3128]
Feb-01 13:55:23.110 [main] DEBUG nextflow.cli.Launcher - Setting HTTPS proxy: ProxyConfig[protocol=https; host=ftprox.ibcp.fr; port=3128]
Feb-01 13:55:23.110 [main] DEBUG nextflow.cli.Launcher - Setting FTP proxy: ProxyConfig[protocol=ftp; host=ftprox.ibcp.fr; port=3128]
Feb-01 13:55:23.110 [main] DEBUG nextflow.cli.Launcher - Setting http proxy: ProxyConfig[protocol=http; host=ftprox.ibcp.fr; port=3128]
Feb-01 13:55:23.110 [main] DEBUG nextflow.cli.Launcher - Setting https proxy: ProxyConfig[protocol=https; host=ftprox.ibcp.fr; port=3128]
Feb-01 13:55:23.110 [main] DEBUG nextflow.cli.Launcher - Setting ftp proxy: ProxyConfig[protocol=ftp; host=ftprox.ibcp.fr; port=3128]
Feb-01 13:55:23.110 [main] DEBUG nextflow.cli.Launcher - $> nextflow run /data1/jackson/TS2CG_pipeline/main.nf
Feb-01 13:55:23.197 [main] INFO  nextflow.cli.CmdRun - N E X T F L O W  ~  version 23.04.2
Feb-01 13:55:23.219 [main] DEBUG nextflow.plugin.PluginsFacade - Setting up plugin manager > mode=prod; embedded=false; plugins-dir=/home/jcrowley/.nextflow/plugins; core-plugins: nf-amazon@1.16.2,nf-azure@1.0.1,nf-codecommit@0.1.4,nf-console@1.0.5,nf-ga4gh@1.0.5,nf-google@1.7.3,nf-tower@1.5.12,nf-wave@0.8.3
Feb-01 13:55:23.230 [main] INFO  org.pf4j.DefaultPluginStatusProvider - Enabled plugins: []
Feb-01 13:55:23.231 [main] INFO  org.pf4j.DefaultPluginStatusProvider - Disabled plugins: []
Feb-01 13:55:23.235 [main] INFO  org.pf4j.DefaultPluginManager - PF4J version 3.4.1 in 'deployment' mode
Feb-01 13:55:23.246 [main] INFO  org.pf4j.AbstractPluginManager - No plugins
Feb-01 13:55:23.309 [main] DEBUG nextflow.cli.CmdRun - Applied DSL=2 by global default
Feb-01 13:55:23.330 [main] INFO  nextflow.cli.CmdRun - Launching `/data1/jackson/TS2CG_pipeline/main.nf` [clever_spence] DSL2 - revision: 5bca1afc30
Feb-01 13:55:23.331 [main] DEBUG nextflow.plugin.PluginsFacade - Plugins default=[]
Feb-01 13:55:23.331 [main] DEBUG nextflow.plugin.PluginsFacade - Plugins resolved requirement=[]
Feb-01 13:55:23.342 [main] DEBUG nextflow.secret.LocalSecretsProvider - Secrets store: /home/jcrowley/.nextflow/secrets/store.json
Feb-01 13:55:23.350 [main] DEBUG nextflow.secret.SecretsLoader - Discovered secrets providers: [nextflow.secret.LocalSecretsProvider@36bc415e] - activable => nextflow.secret.LocalSecretsProvider@36bc415e
Feb-01 13:55:23.433 [main] DEBUG nextflow.Session - Session UUID: aaf2fed4-4705-4711-b3b7-6e5877e20258
Feb-01 13:55:23.433 [main] DEBUG nextflow.Session - Run name: clever_spence
Feb-01 13:55:23.434 [main] DEBUG nextflow.Session - Executor pool size: 40
Feb-01 13:55:23.447 [main] DEBUG nextflow.util.ThreadPoolBuilder - Creating thread pool 'FileTransfer' minSize=10; maxSize=120; workQueue=LinkedBlockingQueue[10000]; allowCoreThreadTimeout=false
Feb-01 13:55:23.482 [main] DEBUG nextflow.cli.CmdRun - 
  Version: 23.04.2 build 5870
  Created: 08-06-2023 08:29 UTC (10:29 CEST)
  System: Linux 5.4.0-169-generic
  Runtime: Groovy 3.0.16 on OpenJDK 64-Bit Server VM 11.0.21+9-post-Ubuntu-0ubuntu120.04
  Encoding: UTF-8 (UTF-8)
  Process: 1515076@ibcp22-097 [192.168.24.18]
  CPUs: 40 - Mem: 62.5 GB (2.2 GB) - Swap: 980 MB (16.4 MB)
Feb-01 13:55:23.506 [main] DEBUG nextflow.Session - Work-dir: /data2/jackson/lipid_sorting/lipid_sorting_in_tubules/Tutorial/1.initial/work [ext2/ext3]
Feb-01 13:55:23.506 [main] DEBUG nextflow.Session - Script base path does not exist or is not a directory: /data1/jackson/TS2CG_pipeline/bin
Feb-01 13:55:23.517 [main] DEBUG nextflow.executor.ExecutorFactory - Extension executors providers=[]
Feb-01 13:55:23.529 [main] DEBUG nextflow.Session - Observer factory: DefaultObserverFactory
Feb-01 13:55:23.551 [main] DEBUG nextflow.cache.CacheFactory - Using Nextflow cache factory: nextflow.cache.DefaultCacheFactory
Feb-01 13:55:23.562 [main] DEBUG nextflow.util.CustomThreadPool - Creating default thread pool > poolSize: 41; maxThreads: 1000
Feb-01 13:55:23.679 [main] DEBUG nextflow.Session - Session start
Feb-01 13:55:24.401 [main] DEBUG nextflow.script.ScriptRunner - > Launching execution
Feb-01 13:55:24.915 [main] DEBUG nextflow.executor.ExecutorFactory - << taskConfig executor: null
Feb-01 13:55:24.915 [main] DEBUG nextflow.executor.ExecutorFactory - >> processorType: 'local'
Feb-01 13:55:24.922 [main] DEBUG nextflow.executor.Executor - [warm up] executor > local
Feb-01 13:55:24.927 [main] DEBUG n.processor.LocalPollingMonitor - Creating local task monitor for executor 'local' > cpus=40; memory=62.5 GB; capacity=40; pollInterval=100ms; dumpInterval=5m
Feb-01 13:55:25.059 [main] DEBUG nextflow.executor.ExecutorFactory - << taskConfig executor: null
Feb-01 13:55:25.060 [main] DEBUG nextflow.executor.ExecutorFactory - >> processorType: 'local'
Feb-01 13:55:25.064 [main] DEBUG nextflow.executor.ExecutorFactory - << taskConfig executor: null
Feb-01 13:55:25.065 [main] DEBUG nextflow.executor.ExecutorFactory - >> processorType: 'local'
Feb-01 13:55:25.073 [main] DEBUG nextflow.executor.ExecutorFactory - << taskConfig executor: null
Feb-01 13:55:25.073 [main] DEBUG nextflow.executor.ExecutorFactory - >> processorType: 'local'
Feb-01 13:55:25.079 [main] DEBUG nextflow.executor.ExecutorFactory - << taskConfig executor: null
Feb-01 13:55:25.080 [main] DEBUG nextflow.executor.ExecutorFactory - >> processorType: 'local'
Feb-01 13:55:25.084 [main] DEBUG nextflow.executor.ExecutorFactory - << taskConfig executor: null
Feb-01 13:55:25.084 [main] DEBUG nextflow.executor.ExecutorFactory - >> processorType: 'local'
Feb-01 13:55:25.088 [main] DEBUG nextflow.executor.ExecutorFactory - << taskConfig executor: null
Feb-01 13:55:25.088 [main] DEBUG nextflow.executor.ExecutorFactory - >> processorType: 'local'
Feb-01 13:55:25.094 [main] DEBUG nextflow.executor.ExecutorFactory - << taskConfig executor: null
Feb-01 13:55:25.094 [main] DEBUG nextflow.executor.ExecutorFactory - >> processorType: 'local'
Feb-01 13:55:25.104 [main] DEBUG nextflow.Session - Workflow process names [dsl2]: SOLVATE, EQ2, EM, MAKEINDEX, EM3, EM2, EQ, RUNTS2CG
Feb-01 13:55:25.104 [main] DEBUG nextflow.Session - Igniting dataflow network (8)
Feb-01 13:55:25.105 [main] DEBUG nextflow.processor.TaskProcessor - Starting process > RUNTS2CG
Feb-01 13:55:25.106 [main] DEBUG nextflow.processor.TaskProcessor - Starting process > EM
Feb-01 13:55:25.107 [main] DEBUG nextflow.processor.TaskProcessor - Starting process > EM2
Feb-01 13:55:25.108 [main] DEBUG nextflow.processor.TaskProcessor - Starting process > EQ
Feb-01 13:55:25.109 [main] DEBUG nextflow.processor.TaskProcessor - Starting process > SOLVATE
Feb-01 13:55:25.110 [main] DEBUG nextflow.processor.TaskProcessor - Starting process > MAKEINDEX
Feb-01 13:55:25.111 [main] DEBUG nextflow.processor.TaskProcessor - Starting process > EM3
Feb-01 13:55:25.111 [main] DEBUG nextflow.processor.TaskProcessor - Starting process > EQ2
Feb-01 13:55:25.112 [main] DEBUG nextflow.script.ScriptRunner - > Awaiting termination 
Feb-01 13:55:25.112 [main] DEBUG nextflow.Session - Session await
Feb-01 13:55:25.346 [Task submitter] DEBUG n.executor.local.LocalTaskHandler - Launch cmd line: /bin/bash -ue .command.run
Feb-01 13:55:25.349 [Task submitter] INFO  nextflow.Session - [35/bbd123] Submitted process > RUNTS2CG
Feb-01 13:55:25.551 [Task monitor] DEBUG n.processor.TaskPollingMonitor - Task completed > TaskHandler[id: 1; name: RUNTS2CG; status: COMPLETED; exit: 0; error: -; workDir: /data2/jackson/lipid_sorting/lipid_sorting_in_tubules/Tutorial/1.initial/work/35/bbd123dc1f2d4d30caa82e72e12173]
Feb-01 13:55:25.592 [Task submitter] DEBUG n.executor.local.LocalTaskHandler - Launch cmd line: /bin/bash -ue .command.run
Feb-01 13:55:25.594 [Task submitter] INFO  nextflow.Session - [a0/2e15bb] Submitted process > EM
Feb-01 13:55:38.026 [Task monitor] DEBUG n.processor.TaskPollingMonitor - Task completed > TaskHandler[id: 2; name: EM; status: COMPLETED; exit: 0; error: -; workDir: /data2/jackson/lipid_sorting/lipid_sorting_in_tubules/Tutorial/1.initial/work/a0/2e15bbe508dddb9b1141faf2496340]
Feb-01 13:55:38.050 [Task submitter] DEBUG n.executor.local.LocalTaskHandler - Launch cmd line: /bin/bash -ue .command.run
Feb-01 13:55:38.051 [Task submitter] INFO  nextflow.Session - [bd/4ae3c5] Submitted process > EM2
Feb-01 13:55:39.029 [Task monitor] DEBUG n.processor.TaskPollingMonitor - Task completed > TaskHandler[id: 3; name: EM2; status: COMPLETED; exit: 0; error: -; workDir: /data2/jackson/lipid_sorting/lipid_sorting_in_tubules/Tutorial/1.initial/work/bd/4ae3c5e2e8f0a04c1ca6750351b5b8]
Feb-01 13:55:39.051 [Task submitter] DEBUG n.executor.local.LocalTaskHandler - Launch cmd line: /bin/bash -ue .command.run
Feb-01 13:55:39.051 [Task submitter] INFO  nextflow.Session - [eb/37590e] Submitted process > EQ
Feb-01 13:57:00.127 [Task monitor] DEBUG n.processor.TaskPollingMonitor - Task completed > TaskHandler[id: 4; name: EQ; status: COMPLETED; exit: 0; error: -; workDir: /data2/jackson/lipid_sorting/lipid_sorting_in_tubules/Tutorial/1.initial/work/eb/37590ef48c56ac8f7d88b635d4e292]
Feb-01 13:57:00.148 [Task submitter] DEBUG n.executor.local.LocalTaskHandler - Launch cmd line: /bin/bash -ue .command.run
Feb-01 13:57:00.149 [Task submitter] INFO  nextflow.Session - [3e/c54fa6] Submitted process > SOLVATE
Feb-01 13:57:00.155 [Task monitor] DEBUG nextflow.util.ThreadPoolBuilder - Creating thread pool 'PublishDir' minSize=10; maxSize=120; workQueue=LinkedBlockingQueue[10000]; allowCoreThreadTimeout=false
Feb-01 13:57:01.193 [Task monitor] DEBUG n.processor.TaskPollingMonitor - Task completed > TaskHandler[id: 5; name: SOLVATE; status: COMPLETED; exit: 0; error: -; workDir: /data2/jackson/lipid_sorting/lipid_sorting_in_tubules/Tutorial/1.initial/work/3e/c54fa684ff5ed6c1b12766ed31d615]
Feb-01 13:57:01.208 [Task submitter] DEBUG n.executor.local.LocalTaskHandler - Launch cmd line: /bin/bash -ue .command.run
Feb-01 13:57:01.210 [Task submitter] INFO  nextflow.Session - [d1/7730b0] Submitted process > MAKEINDEX
Feb-01 13:57:01.218 [Task submitter] DEBUG n.executor.local.LocalTaskHandler - Launch cmd line: /bin/bash -ue .command.run
Feb-01 13:57:01.219 [Task submitter] INFO  nextflow.Session - [a9/a4823b] Submitted process > EM3
Feb-01 13:57:03.705 [Task monitor] DEBUG n.processor.TaskPollingMonitor - Task completed > TaskHandler[id: 7; name: EM3; status: COMPLETED; exit: 0; error: -; workDir: /data2/jackson/lipid_sorting/lipid_sorting_in_tubules/Tutorial/1.initial/work/a9/a4823b33b3f449be826cdceb29fef8]
Feb-01 13:57:03.724 [Task submitter] DEBUG n.executor.local.LocalTaskHandler - Launch cmd line: /bin/bash -ue .command.run
Feb-01 13:57:03.725 [Task submitter] INFO  nextflow.Session - [61/6f803f] Submitted process > EQ2
Feb-01 13:57:04.045 [Task monitor] DEBUG n.processor.TaskPollingMonitor - Task completed > TaskHandler[id: 6; name: MAKEINDEX; status: COMPLETED; exit: 0; error: -; workDir: /data2/jackson/lipid_sorting/lipid_sorting_in_tubules/Tutorial/1.initial/work/d1/7730b0840e9dee456d0270ea899d06]
Feb-01 13:59:43.106 [Task monitor] DEBUG n.processor.TaskPollingMonitor - Task completed > TaskHandler[id: 8; name: EQ2; status: COMPLETED; exit: 0; error: -; workDir: /data2/jackson/lipid_sorting/lipid_sorting_in_tubules/Tutorial/1.initial/work/61/6f803f970faae83b0a79b3e010556f]
Feb-01 13:59:43.110 [main] DEBUG nextflow.Session - Session await > all processes finished
Feb-01 13:59:43.112 [main] DEBUG nextflow.Session - Session await > all barriers passed
Feb-01 13:59:43.127 [main] DEBUG nextflow.util.ThreadPoolManager - Thread pool 'PublishDir' shutdown completed (hard=false)
Feb-01 13:59:43.140 [main] DEBUG nextflow.trace.WorkflowStatsObserver - Workflow completed > WorkflowStats[succeededCount=8; failedCount=0; ignoredCount=0; cachedCount=0; pendingCount=0; submittedCount=0; runningCount=0; retriesCount=0; abortedCount=0; succeedDuration=1h 8m 20s; failedDuration=0ms; cachedDuration=0ms;loadCpus=0; loadMemory=0; peakRunning=2; peakCpus=17; peakMemory=0; ]
Feb-01 13:59:43.368 [main] DEBUG nextflow.cache.CacheDB - Closing CacheDB done
Feb-01 13:59:43.385 [main] DEBUG nextflow.util.ThreadPoolManager - Thread pool 'FileTransfer' shutdown completed (hard=false)
Feb-01 13:59:43.385 [main] DEBUG nextflow.script.ScriptRunner - > Execution complete -- Goodbye
