                      :-) GROMACS - gmx grompp, 2022.5 (-:

Executable:   /softwares/gromacs/2022.5/bin/gmx
Data prefix:  /softwares/gromacs/2022.5
Working dir:  /data2/jackson/lipid_sorting/lipid_sorting_in_tubules/Tutorial/1.initial/work/a9/593f4b4da8a3121c6ca9e3b13104bb
Command line:
  gmx grompp -c input.gro -p input.top -f em.mdp -o em.tpr -maxwarn 1

Ignoring obsolete mdp entry 'ns_type'
Number of degrees of freedom in T-Coupling group rest is 64509.00

GROMACS reminds you: "Not everyone is capable of madness; and of those lucky enough to be capable, not many have the courage for it." (August Strindberg)

Setting the LD random seed to -1116737538

Generated 844 of the 356590 non-bonded parameter combinations

Excluding 1 bonded neighbours molecule type 'POPC'

Excluding 1 bonded neighbours molecule type 'POPE'

Excluding 1 bonded neighbours molecule type 'POPC'

Excluding 1 bonded neighbours molecule type 'POPE'
Analysing residue names:
There are:  1792      Other residues
Analysing residues not classified as Protein/DNA/RNA/Water and splitting into groups...

This run will generate roughly 2 Mb of data
                      :-) GROMACS - gmx mdrun, 2022.5 (-:

Executable:   /softwares/gromacs/2022.5/bin/gmx
Data prefix:  /softwares/gromacs/2022.5
Working dir:  /data2/jackson/lipid_sorting/lipid_sorting_in_tubules/Tutorial/1.initial/work/a9/593f4b4da8a3121c6ca9e3b13104bb
Command line:
  gmx mdrun -s em.tpr -c em.gro -nt 16 -rdd 1.6

Reading file em.tpr, VERSION 2022.5 (single precision)
Using 1 MPI thread
Using 16 OpenMP threads 


NOTE: The number of threads is not equal to the number of (logical) cpus
      and the -pin option is set to auto: will not pin threads to cpus.
      This can lead to significant performance degradation.
      Consider using -pin on (and -pinoffset in case you run multiple jobs).

Steepest Descents:
   Tolerance (Fmax)   =  3.00000e+02
   Number of steps    =        10000

writing lowest energy coordinates.

Steepest Descents converged to Fmax < 300 in 5 steps
Potential Energy  = -3.0893494e+05
Maximum force     =  2.5179094e+02 on atom 13652
Norm of force     =  1.4430172e+01

GROMACS reminds you: "Not everyone is capable of madness; and of those lucky enough to be capable, not many have the courage for it." (August Strindberg)

