                      :-) GROMACS - gmx mdrun, 2022.5 (-:

Copyright 1991-2022 The GROMACS Authors.
GROMACS is free software; you can redistribute it and/or modify it
under the terms of the GNU Lesser General Public License
as published by the Free Software Foundation; either version 2.1
of the License, or (at your option) any later version.

                         Current GROMACS contributors:
       Mark Abraham           Andrey Alekseenko           Cathrine Bergh      
      Christian Blau            Eliane Briand               Kevin Boyd        
     Oliver Fleetwood         Stefan Fleischmann           Vytas Gapsys       
       Gaurav Garg           Gilles Gouaillardet            Alan Gray         
      Victor Holanda           M. Eric Irrgang              Joe Jordan        
    Christoph Junghans        Prashanth Kanduri           Sebastian Kehl      
     Sebastian Keller          Carsten Kutzner           Magnus Lundborg      
       Pascal Merz              Dmitry Morozov             Szilard Pall       
      Roland Schulz             Michael Shirts         David van der Spoel    
     Alessandra Villa      Sebastian Wingbermuehle        Artem Zhmurov       

                         Previous GROMACS contributors:
        Emile Apol             Rossen Apostolov           James Barnett       
  Herman J.C. Berendsen          Par Bjelkmar           Viacheslav Bolnykh    
    Aldert van Buuren          Carlo Camilloni           Rudi van Drunen      
      Anton Feenstra           Gerrit Groenhof            Bert de Groot       
      Anca Hamuraru           Vincent Hindriksen         Aleksei Iupinov      
   Dimitrios Karkoulis           Peter Kasson               Jiri Kraus        
       Per Larsson             Justin A. Lemkul           Viveca Lindahl      
      Erik Marklund           Pieter Meulenhoff           Vedran Miletic      
      Teemu Murtola              Sander Pronk            Alexey Shvetsov      
      Alfons Sijbers            Peter Tieleman             Jon Vincent        
     Teemu Virolainen         Christian Wennberg           Maarten Wolf       

                  Coordinated by the GROMACS project leaders:
                    Paul Bauer, Berk Hess, and Erik Lindahl

GROMACS:      gmx mdrun, version 2022.5
Executable:   /softwares/gromacs/2022.5/bin/gmx
Data prefix:  /softwares/gromacs/2022.5
Working dir:  /data2/jackson/lipid_sorting/lipid_sorting_in_tubules/Tutorial/1.initial/work/eb/37590ef48c56ac8f7d88b635d4e292
Process ID:   1515703
Command line:
  gmx mdrun -s eq.tpr -c eq.gro -nt 16

GROMACS version:    2022.5
Precision:          mixed
Memory model:       64 bit
MPI library:        thread_mpi
OpenMP support:     enabled (GMX_OPENMP_MAX_THREADS = 128)
GPU support:        disabled
SIMD instructions:  AVX2_256
CPU FFT library:    fftw-3.3.8-sse2-avx-avx2-avx2_128
GPU FFT library:    none
RDTSCP usage:       enabled
TNG support:        enabled
Hwloc support:      disabled
Tracing support:    disabled
C compiler:         /usr/bin/cc GNU 9.4.0
C compiler flags:   -mavx2 -mfma -pthread -Wno-missing-field-initializers -fexcess-precision=fast -funroll-all-loops -O3 -DNDEBUG
C++ compiler:       /usr/bin/c++ GNU 9.4.0
C++ compiler flags: -mavx2 -mfma -pthread -Wno-missing-field-initializers -fexcess-precision=fast -funroll-all-loops -fopenmp -O3 -DNDEBUG


Running on 1 node with total 20 cores, 40 processing units
Hardware detected:
  CPU info:
    Vendor: Intel
    Brand:  Intel(R) Xeon(R) Silver 4210R CPU @ 2.40GHz
    Family: 6   Model: 85   Stepping: 7
    Features: aes apic avx avx2 avx512f avx512cd avx512bw avx512vl clfsh cmov cx8 cx16 f16c fma htt intel lahf mmx msr nonstop_tsc pcid pclmuldq pdcm pdpe1gb popcnt pse rdrnd rdtscp sse2 sse3 sse4.1 sse4.2 ssse3 tdt x2apic
    Number of AVX-512 FMA units: 1 (AVX2 is faster w/o 2 AVX-512 FMA units)
  Hardware topology: Basic
    Packages, cores, and logical processors:
    [indices refer to OS logical processors]
      Package  0: [   0  20] [   1  21] [   2  22] [   3  23] [   4  24] [   5  25] [   6  26] [   7  27] [   8  28] [   9  29]
      Package  1: [  10  30] [  11  31] [  12  32] [  13  33] [  14  34] [  15  35] [  16  36] [  17  37] [  18  38] [  19  39]
    CPU limit set by OS: -1   Recommended max number of threads: 40


++++ PLEASE READ AND CITE THE FOLLOWING REFERENCE ++++
M. J. Abraham, T. Murtola, R. Schulz, S. Páll, J. C. Smith, B. Hess, E.
Lindahl
GROMACS: High performance molecular simulations through multi-level
parallelism from laptops to supercomputers
SoftwareX 1 (2015) pp. 19-25
-------- -------- --- Thank You --- -------- --------


++++ PLEASE READ AND CITE THE FOLLOWING REFERENCE ++++
S. Páll, M. J. Abraham, C. Kutzner, B. Hess, E. Lindahl
Tackling Exascale Software Challenges in Molecular Dynamics Simulations with
GROMACS
In S. Markidis & E. Laure (Eds.), Solving Software Challenges for Exascale 8759 (2015) pp. 3-27
-------- -------- --- Thank You --- -------- --------


++++ PLEASE READ AND CITE THE FOLLOWING REFERENCE ++++
S. Pronk, S. Páll, R. Schulz, P. Larsson, P. Bjelkmar, R. Apostolov, M. R.
Shirts, J. C. Smith, P. M. Kasson, D. van der Spoel, B. Hess, and E. Lindahl
GROMACS 4.5: a high-throughput and highly parallel open source molecular
simulation toolkit
Bioinformatics 29 (2013) pp. 845-54
-------- -------- --- Thank You --- -------- --------


++++ PLEASE READ AND CITE THE FOLLOWING REFERENCE ++++
B. Hess and C. Kutzner and D. van der Spoel and E. Lindahl
GROMACS 4: Algorithms for highly efficient, load-balanced, and scalable
molecular simulation
J. Chem. Theory Comput. 4 (2008) pp. 435-447
-------- -------- --- Thank You --- -------- --------


++++ PLEASE READ AND CITE THE FOLLOWING REFERENCE ++++
D. van der Spoel, E. Lindahl, B. Hess, G. Groenhof, A. E. Mark and H. J. C.
Berendsen
GROMACS: Fast, Flexible and Free
J. Comp. Chem. 26 (2005) pp. 1701-1719
-------- -------- --- Thank You --- -------- --------


++++ PLEASE READ AND CITE THE FOLLOWING REFERENCE ++++
E. Lindahl and B. Hess and D. van der Spoel
GROMACS 3.0: A package for molecular simulation and trajectory analysis
J. Mol. Mod. 7 (2001) pp. 306-317
-------- -------- --- Thank You --- -------- --------


++++ PLEASE READ AND CITE THE FOLLOWING REFERENCE ++++
H. J. C. Berendsen, D. van der Spoel and R. van Drunen
GROMACS: A message-passing parallel molecular dynamics implementation
Comp. Phys. Comm. 91 (1995) pp. 43-56
-------- -------- --- Thank You --- -------- --------


++++ PLEASE CITE THE DOI FOR THIS VERSION OF GROMACS ++++
https://doi.org/10.5281/zenodo.7586780
-------- -------- --- Thank You --- -------- --------

Input Parameters:
   integrator                     = md
   tinit                          = 0
   dt                             = 0.002
   nsteps                         = 125000
   init-step                      = 0
   simulation-part                = 1
   mts                            = false
   comm-mode                      = Linear
   nstcomm                        = 100
   bd-fric                        = 0
   ld-seed                        = -1972655637
   emtol                          = 10
   emstep                         = 0.01
   niter                          = 20
   fcstep                         = 0
   nstcgsteep                     = 1000
   nbfgscorr                      = 10
   rtpi                           = 0.05
   nstxout                        = 0
   nstvout                        = 0
   nstfout                        = 0
   nstlog                         = 1000
   nstcalcenergy                  = 100
   nstenergy                      = 1000
   nstxout-compressed             = 10000
   compressed-x-precision         = 100
   cutoff-scheme                  = Verlet
   nstlist                        = 20
   pbc                            = xyz
   periodic-molecules             = false
   verlet-buffer-tolerance        = 0.005
   rlist                          = 1.1
   coulombtype                    = Reaction-Field
   coulomb-modifier               = Potential-shift
   rcoulomb-switch                = 0
   rcoulomb                       = 1.1
   epsilon-r                      = 15
   epsilon-rf                     = inf
   vdw-type                       = Cut-off
   vdw-modifier                   = Potential-shift
   rvdw-switch                    = 0
   rvdw                           = 1.1
   DispCorr                       = No
   table-extension                = 1
   fourierspacing                 = 0.12
   fourier-nx                     = 0
   fourier-ny                     = 0
   fourier-nz                     = 0
   pme-order                      = 4
   ewald-rtol                     = 1e-05
   ewald-rtol-lj                  = 0.001
   lj-pme-comb-rule               = Geometric
   ewald-geometry                 = 3d
   epsilon-surface                = 0
   tcoupl                         = V-rescale
   nsttcouple                     = 10
   nh-chain-length                = 0
   print-nose-hoover-chain-variables = false
   pcoupl                         = No
   pcoupltype                     = Isotropic
   nstpcouple                     = -1
   tau-p                          = 4
   compressibility (3x3):
      compressibility[    0]={ 0.00000e+00,  0.00000e+00,  0.00000e+00}
      compressibility[    1]={ 0.00000e+00,  0.00000e+00,  0.00000e+00}
      compressibility[    2]={ 0.00000e+00,  0.00000e+00,  0.00000e+00}
   ref-p (3x3):
      ref-p[    0]={ 0.00000e+00,  0.00000e+00,  0.00000e+00}
      ref-p[    1]={ 0.00000e+00,  0.00000e+00,  0.00000e+00}
      ref-p[    2]={ 0.00000e+00,  0.00000e+00,  0.00000e+00}
   refcoord-scaling               = COM
   posres-com (3):
      posres-com[0]= 0.00000e+00
      posres-com[1]= 0.00000e+00
      posres-com[2]= 0.00000e+00
   posres-comB (3):
      posres-comB[0]= 0.00000e+00
      posres-comB[1]= 0.00000e+00
      posres-comB[2]= 0.00000e+00
   QMMM                           = false
qm-opts:
   ngQM                           = 0
   constraint-algorithm           = Lincs
   continuation                   = false
   Shake-SOR                      = false
   shake-tol                      = 0.0001
   lincs-order                    = 4
   lincs-iter                     = 1
   lincs-warnangle                = 90
   nwall                          = 0
   wall-type                      = 9-3
   wall-r-linpot                  = -1
   wall-atomtype[0]               = -1
   wall-atomtype[1]               = -1
   wall-density[0]                = 0
   wall-density[1]                = 0
   wall-ewald-zfac                = 3
   pull                           = false
   awh                            = false
   rotation                       = false
   interactiveMD                  = false
   disre                          = No
   disre-weighting                = Conservative
   disre-mixed                    = false
   dr-fc                          = 1000
   dr-tau                         = 0
   nstdisreout                    = 100
   orire-fc                       = 0
   orire-tau                      = 0
   nstorireout                    = 100
   free-energy                    = no
   cos-acceleration               = 0
   deform (3x3):
      deform[    0]={ 0.00000e+00,  0.00000e+00,  0.00000e+00}
      deform[    1]={ 0.00000e+00,  0.00000e+00,  0.00000e+00}
      deform[    2]={ 0.00000e+00,  0.00000e+00,  0.00000e+00}
   simulated-tempering            = false
   swapcoords                     = no
   userint1                       = 0
   userint2                       = 0
   userint3                       = 0
   userint4                       = 0
   userreal1                      = 0
   userreal2                      = 0
   userreal3                      = 0
   userreal4                      = 0
   applied-forces:
     electric-field:
       x:
         E0                       = 0
         omega                    = 0
         t0                       = 0
         sigma                    = 0
       y:
         E0                       = 0
         omega                    = 0
         t0                       = 0
         sigma                    = 0
       z:
         E0                       = 0
         omega                    = 0
         t0                       = 0
         sigma                    = 0
     density-guided-simulation:
       active                     = false
       group                      = protein
       similarity-measure         = inner-product
       atom-spreading-weight      = unity
       force-constant             = 1e+09
       gaussian-transform-spreading-width = 0.2
       gaussian-transform-spreading-range-in-multiples-of-width = 4
       reference-density-filename = reference.mrc
       nst                        = 1
       normalize-densities        = true
       adaptive-force-scaling     = false
       adaptive-force-scaling-time-constant = 4
       shift-vector               = 
       transformation-matrix      = 
     qmmm-cp2k:
       active                     = false
       qmgroup                    = System
       qmmethod                   = PBE
       qmfilenames                = 
       qmcharge                   = 0
       qmmultiplicity             = 1
grpopts:
   nrdf:       64509
   ref-t:         310
   tau-t:           1
annealing:          No
annealing-npoints:           0
   acc:	           0           0           0
   nfreeze:           N           N           N
   energygrp-flags[  0]: 0

Changing nstlist from 20 to 100, rlist from 1.1 to 1.111

When checking whether update groups are usable:
  Domain decomposition is not active, so there is no need for update groups
  No constraints or virtual sites are in use, so it is best not to use update groups
Using 1 MPI thread
Using 16 OpenMP threads 


NOTE: The number of threads is not equal to the number of (logical) cpus
      and the -pin option is set to auto: will not pin threads to cpus.
      This can lead to significant performance degradation.
      Consider using -pin on (and -pinoffset in case you run multiple jobs).
System total charge: 0.000
Reaction-Field:
epsRF = 0, rc = 1.1, krf = 0.375657, crf = 1.36364, epsfac = 9.26236
The electrostatics potential has its minimum at r = 1.1
Potential shift: LJ r^-12: -3.186e-01 r^-6: -5.645e-01


Using SIMD 4x8 nonbonded short-range kernels

Using a 4x8 pair-list setup:
  updated every 100 steps, buffer 0.011 nm, rlist 1.111 nm
At tolerance 0.005 kJ/mol/ps per atom, equivalent classical 1x1 list would be:
  updated every 100 steps, buffer 0.057 nm, rlist 1.157 nm

Using full Lennard-Jones parameter combination matrix
Removing pbc first time

++++ PLEASE READ AND CITE THE FOLLOWING REFERENCE ++++
G. Bussi, D. Donadio and M. Parrinello
Canonical sampling through velocity rescaling
J. Chem. Phys. 126 (2007) pp. 014101
-------- -------- --- Thank You --- -------- --------

There are: 21504 Atoms
Center of mass motion removal mode is Linear
We have the following groups for center of mass motion removal:
  0:  rest
Initial temperature: 0 K

Started mdrun on rank 0 Thu Feb  1 13:55:39 2024

           Step           Time
              0        0.00000

   Energies (kJ/mol)
           Bond       G96Angle        LJ (SR)   Coulomb (SR)      Potential
    1.03176e+04    3.74371e+04   -3.51748e+05   -4.91964e+03   -3.08914e+05
    Kinetic En.   Total Energy  Conserved En.    Temperature Pressure (bar)
    7.03350e-02   -3.08913e+05   -3.08913e+05    2.62269e-04    2.50786e+02

           Step           Time
           1000        2.00000

   Energies (kJ/mol)
           Bond       G96Angle        LJ (SR)   Coulomb (SR)      Potential
    1.51129e+04    1.61001e+04   -3.19640e+05   -4.90243e+03   -2.93330e+05
    Kinetic En.   Total Energy  Conserved En.    Temperature Pressure (bar)
    6.14020e+04   -2.31928e+05   -3.08966e+05    2.28959e+02   -3.95107e+01

           Step           Time
           2000        4.00000

   Energies (kJ/mol)
           Bond       G96Angle        LJ (SR)   Coulomb (SR)      Potential
    2.28714e+04    1.70317e+04   -3.17817e+05   -4.95319e+03   -2.82867e+05
    Kinetic En.   Total Energy  Conserved En.    Temperature Pressure (bar)
    7.69036e+04   -2.05964e+05   -3.09135e+05    2.86763e+02    3.38297e+01

           Step           Time
           3000        6.00000

   Energies (kJ/mol)
           Bond       G96Angle        LJ (SR)   Coulomb (SR)      Potential
    2.56587e+04    1.69266e+04   -3.17666e+05   -4.97096e+03   -2.80052e+05
    Kinetic En.   Total Energy  Conserved En.    Temperature Pressure (bar)
    8.07159e+04   -1.99336e+05   -3.09331e+05    3.00978e+02    1.82731e+00

           Step           Time
           4000        8.00000

   Energies (kJ/mol)
           Bond       G96Angle        LJ (SR)   Coulomb (SR)      Potential
    2.62181e+04    1.62655e+04   -3.16786e+05   -5.01868e+03   -2.79321e+05
    Kinetic En.   Total Energy  Conserved En.    Temperature Pressure (bar)
    8.20648e+04   -1.97256e+05   -3.09534e+05    3.06008e+02   -6.67285e+00

           Step           Time
           5000       10.00000

   Energies (kJ/mol)
           Bond       G96Angle        LJ (SR)   Coulomb (SR)      Potential
    2.66087e+04    1.62681e+04   -3.18411e+05   -5.16873e+03   -2.80703e+05
    Kinetic En.   Total Energy  Conserved En.    Temperature Pressure (bar)
    8.41003e+04   -1.96602e+05   -3.09739e+05    3.13598e+02   -2.13942e+01

           Step           Time
           6000       12.00000

   Energies (kJ/mol)
           Bond       G96Angle        LJ (SR)   Coulomb (SR)      Potential
    2.68538e+04    1.63008e+04   -3.19807e+05   -5.25861e+03   -2.81911e+05
    Kinetic En.   Total Energy  Conserved En.    Temperature Pressure (bar)
    8.35664e+04   -1.98345e+05   -3.09953e+05    3.11607e+02   -1.42219e+01

           Step           Time
           7000       14.00000

   Energies (kJ/mol)
           Bond       G96Angle        LJ (SR)   Coulomb (SR)      Potential
    2.71319e+04    1.59343e+04   -3.19946e+05   -5.33613e+03   -2.82216e+05
    Kinetic En.   Total Energy  Conserved En.    Temperature Pressure (bar)
    8.32410e+04   -1.98975e+05   -3.10167e+05    3.10393e+02   -1.87104e+01

           Step           Time
           8000       16.00000

   Energies (kJ/mol)
           Bond       G96Angle        LJ (SR)   Coulomb (SR)      Potential
    2.74316e+04    1.56994e+04   -3.19783e+05   -5.15486e+03   -2.81807e+05
    Kinetic En.   Total Energy  Conserved En.    Temperature Pressure (bar)
    8.33589e+04   -1.98448e+05   -3.10380e+05    3.10833e+02   -3.03254e+01

           Step           Time
           9000       18.00000

   Energies (kJ/mol)
           Bond       G96Angle        LJ (SR)   Coulomb (SR)      Potential
    2.64516e+04    1.55539e+04   -3.20312e+05   -5.16144e+03   -2.83468e+05
    Kinetic En.   Total Energy  Conserved En.    Temperature Pressure (bar)
    8.36128e+04   -1.99855e+05   -3.10595e+05    3.11780e+02   -2.14522e+01

           Step           Time
          10000       20.00000

   Energies (kJ/mol)
           Bond       G96Angle        LJ (SR)   Coulomb (SR)      Potential
    2.69496e+04    1.57307e+04   -3.19990e+05   -5.28093e+03   -2.82591e+05
    Kinetic En.   Total Energy  Conserved En.    Temperature Pressure (bar)
    8.20603e+04   -2.00530e+05   -3.10813e+05    3.05991e+02   -3.20534e+01

           Step           Time
          11000       22.00000

   Energies (kJ/mol)
           Bond       G96Angle        LJ (SR)   Coulomb (SR)      Potential
    2.72983e+04    1.55756e+04   -3.21555e+05   -5.22968e+03   -2.83911e+05
    Kinetic En.   Total Energy  Conserved En.    Temperature Pressure (bar)
    8.34149e+04   -2.00496e+05   -3.11032e+05    3.11042e+02   -2.94132e+01

           Step           Time
          12000       24.00000

   Energies (kJ/mol)
           Bond       G96Angle        LJ (SR)   Coulomb (SR)      Potential
    2.68323e+04    1.55781e+04   -3.22016e+05   -5.21912e+03   -2.84825e+05
    Kinetic En.   Total Energy  Conserved En.    Temperature Pressure (bar)
    8.35511e+04   -2.01273e+05   -3.11251e+05    3.11550e+02   -3.16162e+01

           Step           Time
          13000       26.00000

   Energies (kJ/mol)
           Bond       G96Angle        LJ (SR)   Coulomb (SR)      Potential
    2.72711e+04    1.55958e+04   -3.22062e+05   -5.31903e+03   -2.84514e+05
    Kinetic En.   Total Energy  Conserved En.    Temperature Pressure (bar)
    8.33500e+04   -2.01164e+05   -3.11466e+05    3.10800e+02   -3.08911e+01

           Step           Time
          14000       28.00000

   Energies (kJ/mol)
           Bond       G96Angle        LJ (SR)   Coulomb (SR)      Potential
    2.69769e+04    1.53176e+04   -3.21952e+05   -5.33412e+03   -2.84992e+05
    Kinetic En.   Total Energy  Conserved En.    Temperature Pressure (bar)
    8.36728e+04   -2.01319e+05   -3.11683e+05    3.12004e+02   -2.99785e+01

           Step           Time
          15000       30.00000

   Energies (kJ/mol)
           Bond       G96Angle        LJ (SR)   Coulomb (SR)      Potential
    2.74876e+04    1.51141e+04   -3.23076e+05   -5.42946e+03   -2.85904e+05
    Kinetic En.   Total Energy  Conserved En.    Temperature Pressure (bar)
    8.34840e+04   -2.02420e+05   -3.11904e+05    3.11300e+02   -2.16315e+01

           Step           Time
          16000       32.00000

   Energies (kJ/mol)
           Bond       G96Angle        LJ (SR)   Coulomb (SR)      Potential
    2.68887e+04    1.54276e+04   -3.23681e+05   -5.22267e+03   -2.86588e+05
    Kinetic En.   Total Energy  Conserved En.    Temperature Pressure (bar)
    8.39785e+04   -2.02609e+05   -3.12125e+05    3.13143e+02   -1.66475e+01

           Step           Time
          17000       34.00000

   Energies (kJ/mol)
           Bond       G96Angle        LJ (SR)   Coulomb (SR)      Potential
    2.68999e+04    1.55933e+04   -3.23412e+05   -5.36269e+03   -2.86282e+05
    Kinetic En.   Total Energy  Conserved En.    Temperature Pressure (bar)
    8.33321e+04   -2.02950e+05   -3.12343e+05    3.10733e+02   -3.55363e+01

           Step           Time
          18000       36.00000

   Energies (kJ/mol)
           Bond       G96Angle        LJ (SR)   Coulomb (SR)      Potential
    2.70203e+04    1.52034e+04   -3.23656e+05   -5.39139e+03   -2.86823e+05
    Kinetic En.   Total Energy  Conserved En.    Temperature Pressure (bar)
    8.36450e+04   -2.03178e+05   -3.12567e+05    3.11900e+02   -1.63535e+01

           Step           Time
          19000       38.00000

   Energies (kJ/mol)
           Bond       G96Angle        LJ (SR)   Coulomb (SR)      Potential
    2.74514e+04    1.51017e+04   -3.24626e+05   -5.30897e+03   -2.87382e+05
    Kinetic En.   Total Energy  Conserved En.    Temperature Pressure (bar)
    8.29063e+04   -2.04476e+05   -3.12786e+05    3.09146e+02   -1.99337e+01

           Step           Time
          20000       40.00000

   Energies (kJ/mol)
           Bond       G96Angle        LJ (SR)   Coulomb (SR)      Potential
    2.73792e+04    1.51937e+04   -3.25591e+05   -5.41639e+03   -2.88434e+05
    Kinetic En.   Total Energy  Conserved En.    Temperature Pressure (bar)
    8.36332e+04   -2.04801e+05   -3.13004e+05    3.11856e+02   -1.41217e+01

           Step           Time
          21000       42.00000

   Energies (kJ/mol)
           Bond       G96Angle        LJ (SR)   Coulomb (SR)      Potential
    2.74513e+04    1.52050e+04   -3.26192e+05   -5.40908e+03   -2.88945e+05
    Kinetic En.   Total Energy  Conserved En.    Temperature Pressure (bar)
    8.37713e+04   -2.05173e+05   -3.13222e+05    3.12371e+02   -1.82446e+01

           Step           Time
          22000       44.00000

   Energies (kJ/mol)
           Bond       G96Angle        LJ (SR)   Coulomb (SR)      Potential
    2.69435e+04    1.52113e+04   -3.26709e+05   -5.36204e+03   -2.89916e+05
    Kinetic En.   Total Energy  Conserved En.    Temperature Pressure (bar)
    8.43013e+04   -2.05615e+05   -3.13437e+05    3.14347e+02   -2.10703e+01

           Step           Time
          23000       46.00000

   Energies (kJ/mol)
           Bond       G96Angle        LJ (SR)   Coulomb (SR)      Potential
    2.72492e+04    1.52872e+04   -3.27004e+05   -5.28613e+03   -2.89753e+05
    Kinetic En.   Total Energy  Conserved En.    Temperature Pressure (bar)
    8.37172e+04   -2.06036e+05   -3.13656e+05    3.12169e+02   -2.14292e+01

           Step           Time
          24000       48.00000

   Energies (kJ/mol)
           Bond       G96Angle        LJ (SR)   Coulomb (SR)      Potential
    2.67767e+04    1.50443e+04   -3.27999e+05   -5.42172e+03   -2.91599e+05
    Kinetic En.   Total Energy  Conserved En.    Temperature Pressure (bar)
    8.39515e+04   -2.07648e+05   -3.13872e+05    3.13043e+02   -1.70013e+01

           Step           Time
          25000       50.00000

   Energies (kJ/mol)
           Bond       G96Angle        LJ (SR)   Coulomb (SR)      Potential
    2.70140e+04    1.48012e+04   -3.28774e+05   -5.43859e+03   -2.92397e+05
    Kinetic En.   Total Energy  Conserved En.    Temperature Pressure (bar)
    8.42122e+04   -2.08185e+05   -3.14093e+05    3.14015e+02   -1.71516e+01

           Step           Time
          26000       52.00000

   Energies (kJ/mol)
           Bond       G96Angle        LJ (SR)   Coulomb (SR)      Potential
    2.66864e+04    1.53444e+04   -3.29712e+05   -5.50067e+03   -2.93182e+05
    Kinetic En.   Total Energy  Conserved En.    Temperature Pressure (bar)
    8.29255e+04   -2.10257e+05   -3.14313e+05    3.09217e+02   -1.52064e+01

           Step           Time
          27000       54.00000

   Energies (kJ/mol)
           Bond       G96Angle        LJ (SR)   Coulomb (SR)      Potential
    2.68694e+04    1.49499e+04   -3.30571e+05   -5.50170e+03   -2.94254e+05
    Kinetic En.   Total Energy  Conserved En.    Temperature Pressure (bar)
    8.34343e+04   -2.10819e+05   -3.14533e+05    3.11114e+02   -2.30901e+01

           Step           Time
          28000       56.00000

   Energies (kJ/mol)
           Bond       G96Angle        LJ (SR)   Coulomb (SR)      Potential
    2.68136e+04    1.45064e+04   -3.30053e+05   -5.38117e+03   -2.94114e+05
    Kinetic En.   Total Energy  Conserved En.    Temperature Pressure (bar)
    8.32586e+04   -2.10855e+05   -3.14753e+05    3.10459e+02   -9.54628e+00

           Step           Time
          29000       58.00000

   Energies (kJ/mol)
           Bond       G96Angle        LJ (SR)   Coulomb (SR)      Potential
    2.71716e+04    1.48146e+04   -3.31395e+05   -5.55863e+03   -2.94967e+05
    Kinetic En.   Total Energy  Conserved En.    Temperature Pressure (bar)
    8.36624e+04   -2.11305e+05   -3.14966e+05    3.11965e+02   -7.25211e+00

           Step           Time
          30000       60.00000

   Energies (kJ/mol)
           Bond       G96Angle        LJ (SR)   Coulomb (SR)      Potential
    2.75368e+04    1.51998e+04   -3.31376e+05   -5.50277e+03   -2.94142e+05
    Kinetic En.   Total Energy  Conserved En.    Temperature Pressure (bar)
    8.29307e+04   -2.11211e+05   -3.15191e+05    3.09237e+02   -1.07349e+01

           Step           Time
          31000       62.00000

   Energies (kJ/mol)
           Bond       G96Angle        LJ (SR)   Coulomb (SR)      Potential
    2.73193e+04    1.46437e+04   -3.32505e+05   -5.39925e+03   -2.95941e+05
    Kinetic En.   Total Energy  Conserved En.    Temperature Pressure (bar)
    8.34514e+04   -2.12490e+05   -3.15413e+05    3.11178e+02   -1.66933e+01

           Step           Time
          32000       64.00000

   Energies (kJ/mol)
           Bond       G96Angle        LJ (SR)   Coulomb (SR)      Potential
    2.73705e+04    1.50555e+04   -3.32475e+05   -5.38372e+03   -2.95433e+05
    Kinetic En.   Total Energy  Conserved En.    Temperature Pressure (bar)
    8.36142e+04   -2.11818e+05   -3.15642e+05    3.11785e+02   -4.91438e+00

           Step           Time
          33000       66.00000

   Energies (kJ/mol)
           Bond       G96Angle        LJ (SR)   Coulomb (SR)      Potential
    2.68027e+04    1.48834e+04   -3.32581e+05   -5.46459e+03   -2.96360e+05
    Kinetic En.   Total Energy  Conserved En.    Temperature Pressure (bar)
    8.30239e+04   -2.13336e+05   -3.15866e+05    3.09584e+02   -9.72561e-01

           Step           Time
          34000       68.00000

   Energies (kJ/mol)
           Bond       G96Angle        LJ (SR)   Coulomb (SR)      Potential
    2.69673e+04    1.49834e+04   -3.34136e+05   -5.47218e+03   -2.97658e+05
    Kinetic En.   Total Energy  Conserved En.    Temperature Pressure (bar)
    8.37107e+04   -2.13947e+05   -3.16082e+05    3.12145e+02   -7.02288e+00

           Step           Time
          35000       70.00000

   Energies (kJ/mol)
           Bond       G96Angle        LJ (SR)   Coulomb (SR)      Potential
    2.67785e+04    1.49522e+04   -3.34683e+05   -5.45476e+03   -2.98407e+05
    Kinetic En.   Total Energy  Conserved En.    Temperature Pressure (bar)
    8.30775e+04   -2.15330e+05   -3.16304e+05    3.09784e+02   -5.47772e+00

           Step           Time
          36000       72.00000

   Energies (kJ/mol)
           Bond       G96Angle        LJ (SR)   Coulomb (SR)      Potential
    2.69042e+04    1.46762e+04   -3.35150e+05   -5.67762e+03   -2.99247e+05
    Kinetic En.   Total Energy  Conserved En.    Temperature Pressure (bar)
    8.28097e+04   -2.16437e+05   -3.16526e+05    3.08785e+02   -1.94049e+00

           Step           Time
          37000       74.00000

   Energies (kJ/mol)
           Bond       G96Angle        LJ (SR)   Coulomb (SR)      Potential
    2.69412e+04    1.48974e+04   -3.35822e+05   -5.55472e+03   -2.99538e+05
    Kinetic En.   Total Energy  Conserved En.    Temperature Pressure (bar)
    8.29892e+04   -2.16549e+05   -3.16748e+05    3.09455e+02    6.22671e+00

           Step           Time
          38000       76.00000

   Energies (kJ/mol)
           Bond       G96Angle        LJ (SR)   Coulomb (SR)      Potential
    2.67848e+04    1.51104e+04   -3.35950e+05   -5.59106e+03   -2.99646e+05
    Kinetic En.   Total Energy  Conserved En.    Temperature Pressure (bar)
    8.21757e+04   -2.17470e+05   -3.16971e+05    3.06421e+02   -6.59448e+00

           Step           Time
          39000       78.00000

   Energies (kJ/mol)
           Bond       G96Angle        LJ (SR)   Coulomb (SR)      Potential
    2.70458e+04    1.47699e+04   -3.35753e+05   -5.55809e+03   -2.99496e+05
    Kinetic En.   Total Energy  Conserved En.    Temperature Pressure (bar)
    8.29749e+04   -2.16521e+05   -3.17190e+05    3.09401e+02   -2.62325e+00

           Step           Time
          40000       80.00000

   Energies (kJ/mol)
           Bond       G96Angle        LJ (SR)   Coulomb (SR)      Potential
    2.70847e+04    1.49801e+04   -3.36346e+05   -5.54567e+03   -2.99827e+05
    Kinetic En.   Total Energy  Conserved En.    Temperature Pressure (bar)
    8.31931e+04   -2.16634e+05   -3.17421e+05    3.10215e+02   -3.75286e+00

           Step           Time
          41000       82.00000

   Energies (kJ/mol)
           Bond       G96Angle        LJ (SR)   Coulomb (SR)      Potential
    2.69792e+04    1.50608e+04   -3.36035e+05   -5.66475e+03   -2.99660e+05
    Kinetic En.   Total Energy  Conserved En.    Temperature Pressure (bar)
    8.33369e+04   -2.16323e+05   -3.17644e+05    3.10751e+02   -4.34873e+00

           Step           Time
          42000       84.00000

   Energies (kJ/mol)
           Bond       G96Angle        LJ (SR)   Coulomb (SR)      Potential
    2.70834e+04    1.47763e+04   -3.37138e+05   -5.58726e+03   -3.00866e+05
    Kinetic En.   Total Energy  Conserved En.    Temperature Pressure (bar)
    8.33123e+04   -2.17553e+05   -3.17870e+05    3.10659e+02   -4.41089e+00

           Step           Time
          43000       86.00000

   Energies (kJ/mol)
           Bond       G96Angle        LJ (SR)   Coulomb (SR)      Potential
    2.73591e+04    1.47960e+04   -3.37577e+05   -5.65492e+03   -3.01077e+05
    Kinetic En.   Total Energy  Conserved En.    Temperature Pressure (bar)
    8.34955e+04   -2.17582e+05   -3.18097e+05    3.11343e+02    4.16702e+00

           Step           Time
          44000       88.00000

   Energies (kJ/mol)
           Bond       G96Angle        LJ (SR)   Coulomb (SR)      Potential
    2.70326e+04    1.49051e+04   -3.38132e+05   -5.71697e+03   -3.01911e+05
    Kinetic En.   Total Energy  Conserved En.    Temperature Pressure (bar)
    8.38942e+04   -2.18017e+05   -3.18324e+05    3.12829e+02   -1.77273e+00

           Step           Time
          45000       90.00000

   Energies (kJ/mol)
           Bond       G96Angle        LJ (SR)   Coulomb (SR)      Potential
    2.71890e+04    1.47873e+04   -3.37865e+05   -5.76552e+03   -3.01654e+05
    Kinetic En.   Total Energy  Conserved En.    Temperature Pressure (bar)
    8.32355e+04   -2.18419e+05   -3.18552e+05    3.10373e+02   -6.06222e-02

           Step           Time
          46000       92.00000

   Energies (kJ/mol)
           Bond       G96Angle        LJ (SR)   Coulomb (SR)      Potential
    2.76017e+04    1.48125e+04   -3.38586e+05   -5.58872e+03   -3.01760e+05
    Kinetic En.   Total Energy  Conserved En.    Temperature Pressure (bar)
    8.32974e+04   -2.18463e+05   -3.18786e+05    3.10604e+02    8.27312e+00

           Step           Time
          47000       94.00000

   Energies (kJ/mol)
           Bond       G96Angle        LJ (SR)   Coulomb (SR)      Potential
    2.71335e+04    1.46459e+04   -3.39456e+05   -5.63441e+03   -3.03311e+05
    Kinetic En.   Total Energy  Conserved En.    Temperature Pressure (bar)
    8.25043e+04   -2.20807e+05   -3.19009e+05    3.07646e+02   -1.60205e+01

           Step           Time
          48000       96.00000

   Energies (kJ/mol)
           Bond       G96Angle        LJ (SR)   Coulomb (SR)      Potential
    2.72224e+04    1.51507e+04   -3.40217e+05   -5.51730e+03   -3.03361e+05
    Kinetic En.   Total Energy  Conserved En.    Temperature Pressure (bar)
    8.34746e+04   -2.19886e+05   -3.19234e+05    3.11265e+02    9.46349e+00

           Step           Time
          49000       98.00000

   Energies (kJ/mol)
           Bond       G96Angle        LJ (SR)   Coulomb (SR)      Potential
    2.73744e+04    1.50428e+04   -3.40010e+05   -5.51163e+03   -3.03104e+05
    Kinetic En.   Total Energy  Conserved En.    Temperature Pressure (bar)
    8.34492e+04   -2.19655e+05   -3.19463e+05    3.11170e+02   -9.07293e-01

           Step           Time
          50000      100.00000

   Energies (kJ/mol)
           Bond       G96Angle        LJ (SR)   Coulomb (SR)      Potential
    2.76725e+04    1.48366e+04   -3.40492e+05   -5.69852e+03   -3.03681e+05
    Kinetic En.   Total Energy  Conserved En.    Temperature Pressure (bar)
    8.43631e+04   -2.19318e+05   -3.19692e+05    3.14578e+02    6.61346e+00

           Step           Time
          51000      102.00000

   Energies (kJ/mol)
           Bond       G96Angle        LJ (SR)   Coulomb (SR)      Potential
    2.71035e+04    1.48893e+04   -3.39742e+05   -5.63865e+03   -3.03388e+05
    Kinetic En.   Total Energy  Conserved En.    Temperature Pressure (bar)
    8.27762e+04   -2.20612e+05   -3.19924e+05    3.08660e+02   -2.84886e+00

           Step           Time
          52000      104.00000

   Energies (kJ/mol)
           Bond       G96Angle        LJ (SR)   Coulomb (SR)      Potential
    2.78796e+04    1.50191e+04   -3.39992e+05   -5.64410e+03   -3.02738e+05
    Kinetic En.   Total Energy  Conserved En.    Temperature Pressure (bar)
    8.31410e+04   -2.19597e+05   -3.20153e+05    3.10021e+02    3.91381e+00

           Step           Time
          53000      106.00000

   Energies (kJ/mol)
           Bond       G96Angle        LJ (SR)   Coulomb (SR)      Potential
    2.77824e+04    1.46495e+04   -3.40394e+05   -5.66526e+03   -3.03627e+05
    Kinetic En.   Total Energy  Conserved En.    Temperature Pressure (bar)
    8.39429e+04   -2.19684e+05   -3.20382e+05    3.13011e+02   -5.42625e+00

           Step           Time
          54000      108.00000

   Energies (kJ/mol)
           Bond       G96Angle        LJ (SR)   Coulomb (SR)      Potential
    2.73267e+04    1.50235e+04   -3.40960e+05   -5.70618e+03   -3.04316e+05
    Kinetic En.   Total Energy  Conserved En.    Temperature Pressure (bar)
    8.35261e+04   -2.20790e+05   -3.20610e+05    3.11457e+02    7.19841e+00

           Step           Time
          55000      110.00000

   Energies (kJ/mol)
           Bond       G96Angle        LJ (SR)   Coulomb (SR)      Potential
    2.69777e+04    1.48347e+04   -3.40095e+05   -5.75355e+03   -3.04036e+05
    Kinetic En.   Total Energy  Conserved En.    Temperature Pressure (bar)
    8.29272e+04   -2.21108e+05   -3.20843e+05    3.09224e+02    9.30909e+00

           Step           Time
          56000      112.00000

   Energies (kJ/mol)
           Bond       G96Angle        LJ (SR)   Coulomb (SR)      Potential
    2.75514e+04    1.50168e+04   -3.40517e+05   -5.47653e+03   -3.03425e+05
    Kinetic En.   Total Energy  Conserved En.    Temperature Pressure (bar)
    8.31555e+04   -2.20270e+05   -3.21073e+05    3.10075e+02    3.61025e-01

           Step           Time
          57000      114.00000

   Energies (kJ/mol)
           Bond       G96Angle        LJ (SR)   Coulomb (SR)      Potential
    2.71086e+04    1.48908e+04   -3.40518e+05   -5.76079e+03   -3.04279e+05
    Kinetic En.   Total Energy  Conserved En.    Temperature Pressure (bar)
    8.32030e+04   -2.21076e+05   -3.21305e+05    3.10252e+02    1.64964e+00

           Step           Time
          58000      116.00000

   Energies (kJ/mol)
           Bond       G96Angle        LJ (SR)   Coulomb (SR)      Potential
    2.77203e+04    1.49126e+04   -3.41083e+05   -5.52406e+03   -3.03974e+05
    Kinetic En.   Total Energy  Conserved En.    Temperature Pressure (bar)
    8.25683e+04   -2.21406e+05   -3.21533e+05    3.07885e+02   -7.07842e+00

           Step           Time
          59000      118.00000

   Energies (kJ/mol)
           Bond       G96Angle        LJ (SR)   Coulomb (SR)      Potential
    2.72689e+04    1.50059e+04   -3.40763e+05   -5.69333e+03   -3.04181e+05
    Kinetic En.   Total Energy  Conserved En.    Temperature Pressure (bar)
    8.36479e+04   -2.20534e+05   -3.21772e+05    3.11911e+02   -5.26219e+00

           Step           Time
          60000      120.00000

   Energies (kJ/mol)
           Bond       G96Angle        LJ (SR)   Coulomb (SR)      Potential
    2.71421e+04    1.46922e+04   -3.40422e+05   -5.69491e+03   -3.04283e+05
    Kinetic En.   Total Energy  Conserved En.    Temperature Pressure (bar)
    8.33479e+04   -2.20935e+05   -3.22003e+05    3.10792e+02   -1.10482e+01

           Step           Time
          61000      122.00000

   Energies (kJ/mol)
           Bond       G96Angle        LJ (SR)   Coulomb (SR)      Potential
    2.68469e+04    1.46328e+04   -3.40227e+05   -5.76140e+03   -3.04508e+05
    Kinetic En.   Total Energy  Conserved En.    Temperature Pressure (bar)
    8.30245e+04   -2.21484e+05   -3.22235e+05    3.09586e+02   -7.68047e+00

           Step           Time
          62000      124.00000

   Energies (kJ/mol)
           Bond       G96Angle        LJ (SR)   Coulomb (SR)      Potential
    2.71253e+04    1.48490e+04   -3.40489e+05   -5.70620e+03   -3.04221e+05
    Kinetic En.   Total Energy  Conserved En.    Temperature Pressure (bar)
    8.31187e+04   -2.21102e+05   -3.22466e+05    3.09938e+02    1.90584e+00

           Step           Time
          63000      126.00000

   Energies (kJ/mol)
           Bond       G96Angle        LJ (SR)   Coulomb (SR)      Potential
    2.73570e+04    1.48881e+04   -3.40095e+05   -5.84947e+03   -3.03699e+05
    Kinetic En.   Total Energy  Conserved En.    Temperature Pressure (bar)
    8.31919e+04   -2.20507e+05   -3.22700e+05    3.10210e+02   -1.19068e+01

           Step           Time
          64000      128.00000

   Energies (kJ/mol)
           Bond       G96Angle        LJ (SR)   Coulomb (SR)      Potential
    2.73340e+04    1.47342e+04   -3.40762e+05   -5.76803e+03   -3.04462e+05
    Kinetic En.   Total Energy  Conserved En.    Temperature Pressure (bar)
    8.32623e+04   -2.21199e+05   -3.22932e+05    3.10473e+02    2.27983e+00

           Step           Time
          65000      130.00000

   Energies (kJ/mol)
           Bond       G96Angle        LJ (SR)   Coulomb (SR)      Potential
    2.74334e+04    1.49410e+04   -3.40656e+05   -5.66568e+03   -3.03947e+05
    Kinetic En.   Total Energy  Conserved En.    Temperature Pressure (bar)
    8.29736e+04   -2.20974e+05   -3.23163e+05    3.09396e+02   -2.24746e-02

           Step           Time
          66000      132.00000

   Energies (kJ/mol)
           Bond       G96Angle        LJ (SR)   Coulomb (SR)      Potential
    2.65990e+04    1.50735e+04   -3.40821e+05   -5.63960e+03   -3.04788e+05
    Kinetic En.   Total Energy  Conserved En.    Temperature Pressure (bar)
    8.36017e+04   -2.21187e+05   -3.23392e+05    3.11739e+02   -1.96782e+01

           Step           Time
          67000      134.00000

   Energies (kJ/mol)
           Bond       G96Angle        LJ (SR)   Coulomb (SR)      Potential
    2.75031e+04    1.47788e+04   -3.40646e+05   -5.64309e+03   -3.04007e+05
    Kinetic En.   Total Energy  Conserved En.    Temperature Pressure (bar)
    8.21941e+04   -2.21813e+05   -3.23626e+05    3.06490e+02   -2.20623e+00

           Step           Time
          68000      136.00000

   Energies (kJ/mol)
           Bond       G96Angle        LJ (SR)   Coulomb (SR)      Potential
    2.73004e+04    1.50814e+04   -3.40069e+05   -5.49889e+03   -3.03186e+05
    Kinetic En.   Total Energy  Conserved En.    Temperature Pressure (bar)
    8.38196e+04   -2.19366e+05   -3.23856e+05    3.12551e+02   -9.16278e+00

           Step           Time
          69000      138.00000

   Energies (kJ/mol)
           Bond       G96Angle        LJ (SR)   Coulomb (SR)      Potential
    2.73131e+04    1.49698e+04   -3.39774e+05   -5.55826e+03   -3.03049e+05
    Kinetic En.   Total Energy  Conserved En.    Temperature Pressure (bar)
    8.36209e+04   -2.19428e+05   -3.24093e+05    3.11810e+02    2.34481e+00

           Step           Time
          70000      140.00000

   Energies (kJ/mol)
           Bond       G96Angle        LJ (SR)   Coulomb (SR)      Potential
    2.75949e+04    1.51204e+04   -3.40810e+05   -5.70078e+03   -3.03796e+05
    Kinetic En.   Total Energy  Conserved En.    Temperature Pressure (bar)
    8.33396e+04   -2.20456e+05   -3.24331e+05    3.10761e+02   -1.01818e+00

           Step           Time
          71000      142.00000

   Energies (kJ/mol)
           Bond       G96Angle        LJ (SR)   Coulomb (SR)      Potential
    2.74185e+04    1.52350e+04   -3.40458e+05   -5.75641e+03   -3.03561e+05
    Kinetic En.   Total Energy  Conserved En.    Temperature Pressure (bar)
    8.31633e+04   -2.20398e+05   -3.24559e+05    3.10104e+02   -1.76136e+01

           Step           Time
          72000      144.00000

   Energies (kJ/mol)
           Bond       G96Angle        LJ (SR)   Coulomb (SR)      Potential
    2.77859e+04    1.48606e+04   -3.40821e+05   -5.72768e+03   -3.03902e+05
    Kinetic En.   Total Energy  Conserved En.    Temperature Pressure (bar)
    8.35173e+04   -2.20385e+05   -3.24791e+05    3.11424e+02   -5.74799e+00

           Step           Time
          73000      146.00000

   Energies (kJ/mol)
           Bond       G96Angle        LJ (SR)   Coulomb (SR)      Potential
    2.75914e+04    1.47578e+04   -3.40316e+05   -5.76029e+03   -3.03727e+05
    Kinetic En.   Total Energy  Conserved En.    Temperature Pressure (bar)
    8.34803e+04   -2.20247e+05   -3.25028e+05    3.11286e+02   -1.42215e+00

           Step           Time
          74000      148.00000

   Energies (kJ/mol)
           Bond       G96Angle        LJ (SR)   Coulomb (SR)      Potential
    2.73759e+04    1.48773e+04   -3.40617e+05   -5.73830e+03   -3.04102e+05
    Kinetic En.   Total Energy  Conserved En.    Temperature Pressure (bar)
    8.28238e+04   -2.21278e+05   -3.25258e+05    3.08838e+02   -4.91488e+00

           Step           Time
          75000      150.00000

   Energies (kJ/mol)
           Bond       G96Angle        LJ (SR)   Coulomb (SR)      Potential
    2.76989e+04    1.49438e+04   -3.41114e+05   -5.70174e+03   -3.04173e+05
    Kinetic En.   Total Energy  Conserved En.    Temperature Pressure (bar)
    8.21541e+04   -2.22019e+05   -3.25490e+05    3.06341e+02   -3.02731e+00

           Step           Time
          76000      152.00000

   Energies (kJ/mol)
           Bond       G96Angle        LJ (SR)   Coulomb (SR)      Potential
    2.72268e+04    1.47986e+04   -3.40908e+05   -5.78777e+03   -3.04670e+05
    Kinetic En.   Total Energy  Conserved En.    Temperature Pressure (bar)
    8.42262e+04   -2.20444e+05   -3.25730e+05    3.14067e+02   -1.90748e+00

           Step           Time
          77000      154.00000

   Energies (kJ/mol)
           Bond       G96Angle        LJ (SR)   Coulomb (SR)      Potential
    2.74577e+04    1.45854e+04   -3.41106e+05   -5.88712e+03   -3.04950e+05
    Kinetic En.   Total Energy  Conserved En.    Temperature Pressure (bar)
    8.31869e+04   -2.21763e+05   -3.25972e+05    3.10192e+02   -5.36001e+00

           Step           Time
          78000      156.00000

   Energies (kJ/mol)
           Bond       G96Angle        LJ (SR)   Coulomb (SR)      Potential
    2.73187e+04    1.52123e+04   -3.41771e+05   -5.81878e+03   -3.05059e+05
    Kinetic En.   Total Energy  Conserved En.    Temperature Pressure (bar)
    8.26708e+04   -2.22388e+05   -3.26209e+05    3.08267e+02   -8.68755e+00

           Step           Time
          79000      158.00000

   Energies (kJ/mol)
           Bond       G96Angle        LJ (SR)   Coulomb (SR)      Potential
    2.72523e+04    1.50121e+04   -3.41530e+05   -6.00581e+03   -3.05271e+05
    Kinetic En.   Total Energy  Conserved En.    Temperature Pressure (bar)
    8.27984e+04   -2.22473e+05   -3.26441e+05    3.08743e+02   -1.43553e+01

           Step           Time
          80000      160.00000

   Energies (kJ/mol)
           Bond       G96Angle        LJ (SR)   Coulomb (SR)      Potential
    2.71422e+04    1.51161e+04   -3.41701e+05   -6.02533e+03   -3.05468e+05
    Kinetic En.   Total Energy  Conserved En.    Temperature Pressure (bar)
    8.27105e+04   -2.22758e+05   -3.26678e+05    3.08415e+02   -4.47218e+00

           Step           Time
          81000      162.00000

   Energies (kJ/mol)
           Bond       G96Angle        LJ (SR)   Coulomb (SR)      Potential
    2.77407e+04    1.50478e+04   -3.42869e+05   -5.88738e+03   -3.05968e+05
    Kinetic En.   Total Energy  Conserved En.    Temperature Pressure (bar)
    8.28742e+04   -2.23094e+05   -3.26914e+05    3.09026e+02    4.03807e+00

           Step           Time
          82000      164.00000

   Energies (kJ/mol)
           Bond       G96Angle        LJ (SR)   Coulomb (SR)      Potential
    2.70752e+04    1.49147e+04   -3.42212e+05   -5.87179e+03   -3.06094e+05
    Kinetic En.   Total Energy  Conserved En.    Temperature Pressure (bar)
    8.26502e+04   -2.23444e+05   -3.27148e+05    3.08191e+02    4.66253e+00

           Step           Time
          83000      166.00000

   Energies (kJ/mol)
           Bond       G96Angle        LJ (SR)   Coulomb (SR)      Potential
    2.75818e+04    1.49078e+04   -3.42890e+05   -5.96639e+03   -3.06367e+05
    Kinetic En.   Total Energy  Conserved En.    Temperature Pressure (bar)
    8.20283e+04   -2.24339e+05   -3.27384e+05    3.05871e+02   -2.93185e+00

           Step           Time
          84000      168.00000

   Energies (kJ/mol)
           Bond       G96Angle        LJ (SR)   Coulomb (SR)      Potential
    2.77064e+04    1.48215e+04   -3.42803e+05   -5.84731e+03   -3.06122e+05
    Kinetic En.   Total Energy  Conserved En.    Temperature Pressure (bar)
    8.30843e+04   -2.23038e+05   -3.27627e+05    3.09809e+02   -7.59283e+00

           Step           Time
          85000      170.00000

   Energies (kJ/mol)
           Bond       G96Angle        LJ (SR)   Coulomb (SR)      Potential
    2.78019e+04    1.46976e+04   -3.42348e+05   -5.97291e+03   -3.05821e+05
    Kinetic En.   Total Energy  Conserved En.    Temperature Pressure (bar)
    8.27165e+04   -2.23104e+05   -3.27863e+05    3.08438e+02   -1.39584e+00

           Step           Time
          86000      172.00000

   Energies (kJ/mol)
           Bond       G96Angle        LJ (SR)   Coulomb (SR)      Potential
    2.71958e+04    1.52634e+04   -3.42565e+05   -5.89546e+03   -3.06001e+05
    Kinetic En.   Total Energy  Conserved En.    Temperature Pressure (bar)
    8.30194e+04   -2.22982e+05   -3.28099e+05    3.09567e+02   -2.64483e+00

           Step           Time
          87000      174.00000

   Energies (kJ/mol)
           Bond       G96Angle        LJ (SR)   Coulomb (SR)      Potential
    2.74427e+04    1.49460e+04   -3.43014e+05   -5.95577e+03   -3.06581e+05
    Kinetic En.   Total Energy  Conserved En.    Temperature Pressure (bar)
    8.37277e+04   -2.22854e+05   -3.28336e+05    3.12208e+02   -9.36004e-01

           Step           Time
          88000      176.00000

   Energies (kJ/mol)
           Bond       G96Angle        LJ (SR)   Coulomb (SR)      Potential
    2.71337e+04    1.52807e+04   -3.42822e+05   -5.82741e+03   -3.06235e+05
    Kinetic En.   Total Energy  Conserved En.    Temperature Pressure (bar)
    8.30781e+04   -2.23157e+05   -3.28569e+05    3.09786e+02   -1.05576e+01

           Step           Time
          89000      178.00000

   Energies (kJ/mol)
           Bond       G96Angle        LJ (SR)   Coulomb (SR)      Potential
    2.76187e+04    1.49740e+04   -3.43273e+05   -5.86172e+03   -3.06542e+05
    Kinetic En.   Total Energy  Conserved En.    Temperature Pressure (bar)
    8.32522e+04   -2.23290e+05   -3.28809e+05    3.10435e+02    5.54656e+00

           Step           Time
          90000      180.00000

   Energies (kJ/mol)
           Bond       G96Angle        LJ (SR)   Coulomb (SR)      Potential
    2.72609e+04    1.52830e+04   -3.43722e+05   -5.92357e+03   -3.07101e+05
    Kinetic En.   Total Energy  Conserved En.    Temperature Pressure (bar)
    8.33311e+04   -2.23770e+05   -3.29044e+05    3.10730e+02    9.56908e+00

           Step           Time
          91000      182.00000

   Energies (kJ/mol)
           Bond       G96Angle        LJ (SR)   Coulomb (SR)      Potential
    2.74429e+04    1.50238e+04   -3.42897e+05   -5.90778e+03   -3.06338e+05
    Kinetic En.   Total Energy  Conserved En.    Temperature Pressure (bar)
    8.24190e+04   -2.23919e+05   -3.29280e+05    3.07329e+02   -1.08824e+01

           Step           Time
          92000      184.00000

   Energies (kJ/mol)
           Bond       G96Angle        LJ (SR)   Coulomb (SR)      Potential
    2.71016e+04    1.47273e+04   -3.43019e+05   -5.84661e+03   -3.07037e+05
    Kinetic En.   Total Energy  Conserved En.    Temperature Pressure (bar)
    8.29600e+04   -2.24077e+05   -3.29515e+05    3.09346e+02   -1.09742e+01

           Step           Time
          93000      186.00000

   Energies (kJ/mol)
           Bond       G96Angle        LJ (SR)   Coulomb (SR)      Potential
    2.70711e+04    1.47461e+04   -3.43335e+05   -5.80257e+03   -3.07321e+05
    Kinetic En.   Total Energy  Conserved En.    Temperature Pressure (bar)
    8.36611e+04   -2.23659e+05   -3.29751e+05    3.11960e+02   -9.09311e+00

           Step           Time
          94000      188.00000

   Energies (kJ/mol)
           Bond       G96Angle        LJ (SR)   Coulomb (SR)      Potential
    2.72699e+04    1.49617e+04   -3.43602e+05   -5.72115e+03   -3.07091e+05
    Kinetic En.   Total Energy  Conserved En.    Temperature Pressure (bar)
    8.37193e+04   -2.23372e+05   -3.29986e+05    3.12177e+02   -1.11166e+01

           Step           Time
          95000      190.00000

   Energies (kJ/mol)
           Bond       G96Angle        LJ (SR)   Coulomb (SR)      Potential
    2.74421e+04    1.50178e+04   -3.43796e+05   -5.83485e+03   -3.07171e+05
    Kinetic En.   Total Energy  Conserved En.    Temperature Pressure (bar)
    8.31094e+04   -2.24062e+05   -3.30226e+05    3.09903e+02   -9.72241e+00

           Step           Time
          96000      192.00000

   Energies (kJ/mol)
           Bond       G96Angle        LJ (SR)   Coulomb (SR)      Potential
    2.76060e+04    1.48630e+04   -3.44194e+05   -5.95924e+03   -3.07684e+05
    Kinetic En.   Total Energy  Conserved En.    Temperature Pressure (bar)
    8.27051e+04   -2.24979e+05   -3.30458e+05    3.08395e+02   -1.52161e+00

           Step           Time
          97000      194.00000

   Energies (kJ/mol)
           Bond       G96Angle        LJ (SR)   Coulomb (SR)      Potential
    2.68484e+04    1.49557e+04   -3.43823e+05   -5.85843e+03   -3.07877e+05
    Kinetic En.   Total Energy  Conserved En.    Temperature Pressure (bar)
    8.32206e+04   -2.24657e+05   -3.30700e+05    3.10318e+02   -1.18796e+00

           Step           Time
          98000      196.00000

   Energies (kJ/mol)
           Bond       G96Angle        LJ (SR)   Coulomb (SR)      Potential
    2.72710e+04    1.48637e+04   -3.43937e+05   -5.86419e+03   -3.07667e+05
    Kinetic En.   Total Energy  Conserved En.    Temperature Pressure (bar)
    8.38451e+04   -2.23822e+05   -3.30939e+05    3.12646e+02    5.85575e+00

           Step           Time
          99000      198.00000

   Energies (kJ/mol)
           Bond       G96Angle        LJ (SR)   Coulomb (SR)      Potential
    2.73757e+04    1.51100e+04   -3.43517e+05   -5.87556e+03   -3.06907e+05
    Kinetic En.   Total Energy  Conserved En.    Temperature Pressure (bar)
    8.26800e+04   -2.24227e+05   -3.31179e+05    3.08302e+02   -5.11550e-01

           Step           Time
         100000      200.00000

   Energies (kJ/mol)
           Bond       G96Angle        LJ (SR)   Coulomb (SR)      Potential
    2.72618e+04    1.48217e+04   -3.43909e+05   -5.84485e+03   -3.07671e+05
    Kinetic En.   Total Energy  Conserved En.    Temperature Pressure (bar)
    8.28125e+04   -2.24858e+05   -3.31420e+05    3.08796e+02   -4.36773e+00

           Step           Time
         101000      202.00000

   Energies (kJ/mol)
           Bond       G96Angle        LJ (SR)   Coulomb (SR)      Potential
    2.75852e+04    1.49299e+04   -3.43970e+05   -5.81453e+03   -3.07269e+05
    Kinetic En.   Total Energy  Conserved En.    Temperature Pressure (bar)
    8.19795e+04   -2.25290e+05   -3.31665e+05    3.05690e+02   -8.93083e+00

           Step           Time
         102000      204.00000

   Energies (kJ/mol)
           Bond       G96Angle        LJ (SR)   Coulomb (SR)      Potential
    2.74533e+04    1.47355e+04   -3.44807e+05   -5.80259e+03   -3.08421e+05
    Kinetic En.   Total Energy  Conserved En.    Temperature Pressure (bar)
    8.27404e+04   -2.25680e+05   -3.31904e+05    3.08527e+02   -9.86470e+00

           Step           Time
         103000      206.00000

   Energies (kJ/mol)
           Bond       G96Angle        LJ (SR)   Coulomb (SR)      Potential
    2.74589e+04    1.51048e+04   -3.44443e+05   -5.78913e+03   -3.07669e+05
    Kinetic En.   Total Energy  Conserved En.    Temperature Pressure (bar)
    8.29803e+04   -2.24688e+05   -3.32141e+05    3.09421e+02   -5.25936e+00

           Step           Time
         104000      208.00000

   Energies (kJ/mol)
           Bond       G96Angle        LJ (SR)   Coulomb (SR)      Potential
    2.72628e+04    1.52105e+04   -3.44680e+05   -6.04699e+03   -3.08254e+05
    Kinetic En.   Total Energy  Conserved En.    Temperature Pressure (bar)
    8.26105e+04   -2.25644e+05   -3.32380e+05    3.08043e+02    2.25328e+00

           Step           Time
         105000      210.00000

   Energies (kJ/mol)
           Bond       G96Angle        LJ (SR)   Coulomb (SR)      Potential
    2.73812e+04    1.50338e+04   -3.44810e+05   -5.89049e+03   -3.08285e+05
    Kinetic En.   Total Energy  Conserved En.    Temperature Pressure (bar)
    8.29410e+04   -2.25344e+05   -3.32623e+05    3.09275e+02    5.76390e+00

           Step           Time
         106000      212.00000

   Energies (kJ/mol)
           Bond       G96Angle        LJ (SR)   Coulomb (SR)      Potential
    2.72393e+04    1.49384e+04   -3.44882e+05   -5.90177e+03   -3.08606e+05
    Kinetic En.   Total Energy  Conserved En.    Temperature Pressure (bar)
    8.28744e+04   -2.25731e+05   -3.32861e+05    3.09027e+02    5.82151e-02

           Step           Time
         107000      214.00000

   Energies (kJ/mol)
           Bond       G96Angle        LJ (SR)   Coulomb (SR)      Potential
    2.72079e+04    1.50160e+04   -3.44359e+05   -5.93227e+03   -3.08067e+05
    Kinetic En.   Total Energy  Conserved En.    Temperature Pressure (bar)
    8.25203e+04   -2.25547e+05   -3.33098e+05    3.07706e+02   -2.07567e+00

           Step           Time
         108000      216.00000

   Energies (kJ/mol)
           Bond       G96Angle        LJ (SR)   Coulomb (SR)      Potential
    2.73233e+04    1.49238e+04   -3.44565e+05   -5.99660e+03   -3.08315e+05
    Kinetic En.   Total Energy  Conserved En.    Temperature Pressure (bar)
    8.35362e+04   -2.24779e+05   -3.33341e+05    3.11494e+02   -7.05947e+00

           Step           Time
         109000      218.00000

   Energies (kJ/mol)
           Bond       G96Angle        LJ (SR)   Coulomb (SR)      Potential
    2.71557e+04    1.49995e+04   -3.44631e+05   -5.88875e+03   -3.08365e+05
    Kinetic En.   Total Energy  Conserved En.    Temperature Pressure (bar)
    8.28714e+04   -2.25493e+05   -3.33584e+05    3.09016e+02   -4.16752e+00

           Step           Time
         110000      220.00000

   Energies (kJ/mol)
           Bond       G96Angle        LJ (SR)   Coulomb (SR)      Potential
    2.76622e+04    1.51021e+04   -3.45341e+05   -5.82559e+03   -3.08402e+05
    Kinetic En.   Total Energy  Conserved En.    Temperature Pressure (bar)
    8.30906e+04   -2.25312e+05   -3.33830e+05    3.09833e+02   -3.17092e+00

           Step           Time
         111000      222.00000

   Energies (kJ/mol)
           Bond       G96Angle        LJ (SR)   Coulomb (SR)      Potential
    2.77385e+04    1.49880e+04   -3.45042e+05   -5.77909e+03   -3.08095e+05
    Kinetic En.   Total Energy  Conserved En.    Temperature Pressure (bar)
    8.35255e+04   -2.24570e+05   -3.34072e+05    3.11455e+02   -2.15009e+01

           Step           Time
         112000      224.00000

   Energies (kJ/mol)
           Bond       G96Angle        LJ (SR)   Coulomb (SR)      Potential
    2.77234e+04    1.50867e+04   -3.45207e+05   -5.88811e+03   -3.08285e+05
    Kinetic En.   Total Energy  Conserved En.    Temperature Pressure (bar)
    8.23241e+04   -2.25961e+05   -3.34318e+05    3.06975e+02   -1.02344e+01

           Step           Time
         113000      226.00000

   Energies (kJ/mol)
           Bond       G96Angle        LJ (SR)   Coulomb (SR)      Potential
    2.72333e+04    1.48845e+04   -3.45918e+05   -5.78192e+03   -3.09582e+05
    Kinetic En.   Total Energy  Conserved En.    Temperature Pressure (bar)
    8.33407e+04   -2.26241e+05   -3.34560e+05    3.10765e+02    4.13158e+00

           Step           Time
         114000      228.00000

   Energies (kJ/mol)
           Bond       G96Angle        LJ (SR)   Coulomb (SR)      Potential
    2.70067e+04    1.48263e+04   -3.45820e+05   -5.95309e+03   -3.09940e+05
    Kinetic En.   Total Energy  Conserved En.    Temperature Pressure (bar)
    8.23506e+04   -2.27589e+05   -3.34804e+05    3.07074e+02   -2.19396e+00

           Step           Time
         115000      230.00000

   Energies (kJ/mol)
           Bond       G96Angle        LJ (SR)   Coulomb (SR)      Potential
    2.78338e+04    1.47765e+04   -3.45609e+05   -6.01880e+03   -3.09018e+05
    Kinetic En.   Total Energy  Conserved En.    Temperature Pressure (bar)
    8.22800e+04   -2.26737e+05   -3.35047e+05    3.06810e+02   -1.02167e+00

           Step           Time
         116000      232.00000

   Energies (kJ/mol)
           Bond       G96Angle        LJ (SR)   Coulomb (SR)      Potential
    2.74405e+04    1.51995e+04   -3.46315e+05   -5.59205e+03   -3.09267e+05
    Kinetic En.   Total Energy  Conserved En.    Temperature Pressure (bar)
    8.29356e+04   -2.26331e+05   -3.35287e+05    3.09255e+02    4.09035e+00

           Step           Time
         117000      234.00000

   Energies (kJ/mol)
           Bond       G96Angle        LJ (SR)   Coulomb (SR)      Potential
    2.74454e+04    1.49488e+04   -3.46220e+05   -5.82492e+03   -3.09651e+05
    Kinetic En.   Total Energy  Conserved En.    Temperature Pressure (bar)
    8.28976e+04   -2.26753e+05   -3.35528e+05    3.09113e+02   -1.37063e+01

           Step           Time
         118000      236.00000

   Energies (kJ/mol)
           Bond       G96Angle        LJ (SR)   Coulomb (SR)      Potential
    2.75477e+04    1.49119e+04   -3.45896e+05   -5.87499e+03   -3.09312e+05
    Kinetic En.   Total Energy  Conserved En.    Temperature Pressure (bar)
    8.25625e+04   -2.26749e+05   -3.35773e+05    3.07863e+02   -6.47240e+00

           Step           Time
         119000      238.00000

   Energies (kJ/mol)
           Bond       G96Angle        LJ (SR)   Coulomb (SR)      Potential
    2.72093e+04    1.50873e+04   -3.46295e+05   -5.72297e+03   -3.09721e+05
    Kinetic En.   Total Energy  Conserved En.    Temperature Pressure (bar)
    8.32348e+04   -2.26486e+05   -3.36019e+05    3.10370e+02   -1.12738e+01

           Step           Time
         120000      240.00000

   Energies (kJ/mol)
           Bond       G96Angle        LJ (SR)   Coulomb (SR)      Potential
    2.72139e+04    1.51604e+04   -3.46170e+05   -5.73152e+03   -3.09527e+05
    Kinetic En.   Total Energy  Conserved En.    Temperature Pressure (bar)
    8.26033e+04   -2.26924e+05   -3.36262e+05    3.08016e+02    5.32967e+00

           Step           Time
         121000      242.00000

   Energies (kJ/mol)
           Bond       G96Angle        LJ (SR)   Coulomb (SR)      Potential
    2.79438e+04    1.51944e+04   -3.46430e+05   -5.78486e+03   -3.09077e+05
    Kinetic En.   Total Energy  Conserved En.    Temperature Pressure (bar)
    8.32189e+04   -2.25858e+05   -3.36501e+05    3.10311e+02    1.93688e+00

           Step           Time
         122000      244.00000

   Energies (kJ/mol)
           Bond       G96Angle        LJ (SR)   Coulomb (SR)      Potential
    2.70124e+04    1.50396e+04   -3.45911e+05   -5.78229e+03   -3.09641e+05
    Kinetic En.   Total Energy  Conserved En.    Temperature Pressure (bar)
    8.32951e+04   -2.26346e+05   -3.36738e+05    3.10595e+02   -1.34811e+01

           Step           Time
         123000      246.00000

   Energies (kJ/mol)
           Bond       G96Angle        LJ (SR)   Coulomb (SR)      Potential
    2.77727e+04    1.51850e+04   -3.46042e+05   -5.83882e+03   -3.08924e+05
    Kinetic En.   Total Energy  Conserved En.    Temperature Pressure (bar)
    8.37281e+04   -2.25196e+05   -3.36983e+05    3.12210e+02   -1.34720e+01

           Step           Time
         124000      248.00000

   Energies (kJ/mol)
           Bond       G96Angle        LJ (SR)   Coulomb (SR)      Potential
    2.74606e+04    1.50486e+04   -3.45664e+05   -5.93214e+03   -3.09087e+05
    Kinetic En.   Total Energy  Conserved En.    Temperature Pressure (bar)
    8.24260e+04   -2.26661e+05   -3.37227e+05    3.07354e+02    2.26073e+00

           Step           Time
         125000      250.00000

Writing checkpoint, step 125000 at Thu Feb  1 13:56:59 2024


   Energies (kJ/mol)
           Bond       G96Angle        LJ (SR)   Coulomb (SR)      Potential
    2.74499e+04    1.50616e+04   -3.46356e+05   -5.91508e+03   -3.09760e+05
    Kinetic En.   Total Energy  Conserved En.    Temperature Pressure (bar)
    8.29974e+04   -2.26762e+05   -3.37468e+05    3.09485e+02   -1.17858e+00


Energy conservation over simulation part #1 of length 250 ps, time 0 to 250 ps
  Conserved energy drift: -5.31e-03 kJ/mol/ps per atom


	<======  ###############  ==>
	<====  A V E R A G E S  ====>
	<==  ###############  ======>

	Statistics over 125001 steps using 1251 frames

   Energies (kJ/mol)
           Bond       G96Angle        LJ (SR)   Coulomb (SR)      Potential
    2.70116e+04    1.51681e+04   -3.37333e+05   -5.63650e+03   -3.00789e+05
    Kinetic En.   Total Energy  Conserved En.    Temperature Pressure (bar)
    8.27174e+04   -2.18072e+05   -3.22746e+05    3.08441e+02   -5.86056e+00

   Total Virial (kJ/mol)
    2.83137e+04    7.67839e+00    3.46715e+01
    7.67840e+00    2.82148e+04   -6.05757e+00
    3.46733e+01   -6.05640e+00    3.09534e+04

   Pressure (bar)
   -2.57018e+00   -5.92865e-02   -1.42530e-01
   -5.92865e-02   -2.27140e+00   -3.73641e-03
   -1.42536e-01   -3.74071e-03   -1.27401e+01


	M E G A - F L O P S   A C C O U N T I N G

 NB=Group-cutoff nonbonded kernels    NxN=N-by-N cluster Verlet kernels
 RF=Reaction-Field  VdW=Van der Waals  QSTab=quadratic-spline table
 W3=SPC/TIP3p  W4=TIP4p (single or pairs)
 V&F=Potential and force  V=Potential only  F=Force only

 Computing:                               M-Number         M-Flops  % Flops
-----------------------------------------------------------------------------
 Pair Search distance check            3435.715822       30921.442     0.3
 NxN RF Elec. + LJ [F]               107649.677520     4090687.746    34.5
 NxN RF Elec. + LJ [V&F]               1088.317072       58769.122     0.5
 NxN LJ [F]                          215378.881344     7107503.084    59.9
 NxN LJ [V&F]                          2177.302144       93623.992     0.8
 NxN RF Electrostatics [F]              568.521360       17624.162     0.1
 NxN RF Electrostatics [V&F]              5.746384         206.870     0.0
 Shift-X                                 26.901504         161.409     0.0
 Bonds                                 2464.019712      145377.163     1.2
 Angles                                1792.014336      301058.408     2.5
 Virial                                  26.957799         485.240     0.0
 Stop-CM                                 26.923008         269.230     0.0
 Calc-Ekin                              537.643008       14516.361     0.1
-----------------------------------------------------------------------------
 Total                                                11861204.231   100.0
-----------------------------------------------------------------------------


     R E A L   C Y C L E   A N D   T I M E   A C C O U N T I N G

On 1 MPI rank, each using 16 OpenMP threads

 Computing:          Num   Num      Call    Wall time         Giga-Cycles
                     Ranks Threads  Count      (s)         total sum    %
-----------------------------------------------------------------------------
 Neighbor search        1   16       1251       1.936         74.180   2.4
 Force                  1   16     125001      66.927       2563.974  83.5
 NB X/F buffer ops.     1   16     248751       8.052        308.488  10.0
 Write traj.            1   16         14       0.117          4.496   0.1
 Update                 1   16     125001       2.193         84.000   2.7
 Rest                                           0.901         34.521   1.1
-----------------------------------------------------------------------------
 Total                                         80.127       3069.660 100.0
-----------------------------------------------------------------------------

               Core t (s)   Wall t (s)        (%)
       Time:     1282.026       80.127     1600.0
                 (ns/day)    (hour/ns)
Performance:      269.575        0.089
Finished mdrun on rank 0 Thu Feb  1 13:57:00 2024

