                      :-) GROMACS - gmx mdrun, 2022.5 (-:

Copyright 1991-2022 The GROMACS Authors.
GROMACS is free software; you can redistribute it and/or modify it
under the terms of the GNU Lesser General Public License
as published by the Free Software Foundation; either version 2.1
of the License, or (at your option) any later version.

                         Current GROMACS contributors:
       Mark Abraham           Andrey Alekseenko           Cathrine Bergh      
      Christian Blau            Eliane Briand               Kevin Boyd        
     Oliver Fleetwood         Stefan Fleischmann           Vytas Gapsys       
       Gaurav Garg           Gilles Gouaillardet            Alan Gray         
      Victor Holanda           M. Eric Irrgang              Joe Jordan        
    Christoph Junghans        Prashanth Kanduri           Sebastian Kehl      
     Sebastian Keller          Carsten Kutzner           Magnus Lundborg      
       Pascal Merz              Dmitry Morozov             Szilard Pall       
      Roland Schulz             Michael Shirts         David van der Spoel    
     Alessandra Villa      Sebastian Wingbermuehle        Artem Zhmurov       

                         Previous GROMACS contributors:
        Emile Apol             Rossen Apostolov           James Barnett       
  Herman J.C. Berendsen          Par Bjelkmar           Viacheslav Bolnykh    
    Aldert van Buuren          Carlo Camilloni           Rudi van Drunen      
      Anton Feenstra           Gerrit Groenhof            Bert de Groot       
      Anca Hamuraru           Vincent Hindriksen         Aleksei Iupinov      
   Dimitrios Karkoulis           Peter Kasson               Jiri Kraus        
       Per Larsson             Justin A. Lemkul           Viveca Lindahl      
      Erik Marklund           Pieter Meulenhoff           Vedran Miletic      
      Teemu Murtola              Sander Pronk            Alexey Shvetsov      
      Alfons Sijbers            Peter Tieleman             Jon Vincent        
     Teemu Virolainen         Christian Wennberg           Maarten Wolf       

                  Coordinated by the GROMACS project leaders:
                    Paul Bauer, Berk Hess, and Erik Lindahl

GROMACS:      gmx mdrun, version 2022.5
Executable:   /softwares/gromacs/2022.5/bin/gmx
Data prefix:  /softwares/gromacs/2022.5
Working dir:  /data2/jackson/lipid_sorting/lipid_sorting_in_tubules/Tutorial_Test/1.initial/work/36/50d17b44e68435c48947e542b14b56
Process ID:   779298
Command line:
  gmx mdrun -s eq.tpr -c eq.gro -nt 16

GROMACS version:    2022.5
Precision:          mixed
Memory model:       64 bit
MPI library:        thread_mpi
OpenMP support:     enabled (GMX_OPENMP_MAX_THREADS = 128)
GPU support:        disabled
SIMD instructions:  AVX2_256
CPU FFT library:    fftw-3.3.8-sse2-avx-avx2-avx2_128
GPU FFT library:    none
RDTSCP usage:       enabled
TNG support:        enabled
Hwloc support:      disabled
Tracing support:    disabled
C compiler:         /usr/bin/cc GNU 9.4.0
C compiler flags:   -mavx2 -mfma -pthread -Wno-missing-field-initializers -fexcess-precision=fast -funroll-all-loops -O3 -DNDEBUG
C++ compiler:       /usr/bin/c++ GNU 9.4.0
C++ compiler flags: -mavx2 -mfma -pthread -Wno-missing-field-initializers -fexcess-precision=fast -funroll-all-loops -fopenmp -O3 -DNDEBUG


Running on 1 node with total 20 cores, 40 processing units
Hardware detected:
  CPU info:
    Vendor: Intel
    Brand:  Intel(R) Xeon(R) Silver 4210R CPU @ 2.40GHz
    Family: 6   Model: 85   Stepping: 7
    Features: aes apic avx avx2 avx512f avx512cd avx512bw avx512vl clfsh cmov cx8 cx16 f16c fma htt intel lahf mmx msr nonstop_tsc pcid pclmuldq pdcm pdpe1gb popcnt pse rdrnd rdtscp sse2 sse3 sse4.1 sse4.2 ssse3 tdt x2apic
    Number of AVX-512 FMA units: 1 (AVX2 is faster w/o 2 AVX-512 FMA units)
  Hardware topology: Basic
    Packages, cores, and logical processors:
    [indices refer to OS logical processors]
      Package  0: [   0  20] [   1  21] [   2  22] [   3  23] [   4  24] [   5  25] [   6  26] [   7  27] [   8  28] [   9  29]
      Package  1: [  10  30] [  11  31] [  12  32] [  13  33] [  14  34] [  15  35] [  16  36] [  17  37] [  18  38] [  19  39]
    CPU limit set by OS: -1   Recommended max number of threads: 40


++++ PLEASE READ AND CITE THE FOLLOWING REFERENCE ++++
M. J. Abraham, T. Murtola, R. Schulz, S. Páll, J. C. Smith, B. Hess, E.
Lindahl
GROMACS: High performance molecular simulations through multi-level
parallelism from laptops to supercomputers
SoftwareX 1 (2015) pp. 19-25
-------- -------- --- Thank You --- -------- --------


++++ PLEASE READ AND CITE THE FOLLOWING REFERENCE ++++
S. Páll, M. J. Abraham, C. Kutzner, B. Hess, E. Lindahl
Tackling Exascale Software Challenges in Molecular Dynamics Simulations with
GROMACS
In S. Markidis & E. Laure (Eds.), Solving Software Challenges for Exascale 8759 (2015) pp. 3-27
-------- -------- --- Thank You --- -------- --------


++++ PLEASE READ AND CITE THE FOLLOWING REFERENCE ++++
S. Pronk, S. Páll, R. Schulz, P. Larsson, P. Bjelkmar, R. Apostolov, M. R.
Shirts, J. C. Smith, P. M. Kasson, D. van der Spoel, B. Hess, and E. Lindahl
GROMACS 4.5: a high-throughput and highly parallel open source molecular
simulation toolkit
Bioinformatics 29 (2013) pp. 845-54
-------- -------- --- Thank You --- -------- --------


++++ PLEASE READ AND CITE THE FOLLOWING REFERENCE ++++
B. Hess and C. Kutzner and D. van der Spoel and E. Lindahl
GROMACS 4: Algorithms for highly efficient, load-balanced, and scalable
molecular simulation
J. Chem. Theory Comput. 4 (2008) pp. 435-447
-------- -------- --- Thank You --- -------- --------


++++ PLEASE READ AND CITE THE FOLLOWING REFERENCE ++++
D. van der Spoel, E. Lindahl, B. Hess, G. Groenhof, A. E. Mark and H. J. C.
Berendsen
GROMACS: Fast, Flexible and Free
J. Comp. Chem. 26 (2005) pp. 1701-1719
-------- -------- --- Thank You --- -------- --------


++++ PLEASE READ AND CITE THE FOLLOWING REFERENCE ++++
E. Lindahl and B. Hess and D. van der Spoel
GROMACS 3.0: A package for molecular simulation and trajectory analysis
J. Mol. Mod. 7 (2001) pp. 306-317
-------- -------- --- Thank You --- -------- --------


++++ PLEASE READ AND CITE THE FOLLOWING REFERENCE ++++
H. J. C. Berendsen, D. van der Spoel and R. van Drunen
GROMACS: A message-passing parallel molecular dynamics implementation
Comp. Phys. Comm. 91 (1995) pp. 43-56
-------- -------- --- Thank You --- -------- --------


++++ PLEASE CITE THE DOI FOR THIS VERSION OF GROMACS ++++
https://doi.org/10.5281/zenodo.7586780
-------- -------- --- Thank You --- -------- --------

Input Parameters:
   integrator                     = md
   tinit                          = 0
   dt                             = 0.002
   nsteps                         = 50000
   init-step                      = 0
   simulation-part                = 1
   mts                            = false
   comm-mode                      = Linear
   nstcomm                        = 100
   bd-fric                        = 0
   ld-seed                        = -830472385
   emtol                          = 10
   emstep                         = 0.01
   niter                          = 20
   fcstep                         = 0
   nstcgsteep                     = 1000
   nbfgscorr                      = 10
   rtpi                           = 0.05
   nstxout                        = 0
   nstvout                        = 0
   nstfout                        = 0
   nstlog                         = 1000
   nstcalcenergy                  = 100
   nstenergy                      = 1000
   nstxout-compressed             = 10000
   compressed-x-precision         = 100
   cutoff-scheme                  = Verlet
   nstlist                        = 20
   pbc                            = xyz
   periodic-molecules             = false
   verlet-buffer-tolerance        = 0.005
   rlist                          = 1.1
   coulombtype                    = Reaction-Field
   coulomb-modifier               = Potential-shift
   rcoulomb-switch                = 0
   rcoulomb                       = 1.1
   epsilon-r                      = 15
   epsilon-rf                     = inf
   vdw-type                       = Cut-off
   vdw-modifier                   = Potential-shift
   rvdw-switch                    = 0
   rvdw                           = 1.1
   DispCorr                       = No
   table-extension                = 1
   fourierspacing                 = 0.12
   fourier-nx                     = 0
   fourier-ny                     = 0
   fourier-nz                     = 0
   pme-order                      = 4
   ewald-rtol                     = 1e-05
   ewald-rtol-lj                  = 0.001
   lj-pme-comb-rule               = Geometric
   ewald-geometry                 = 3d
   epsilon-surface                = 0
   tcoupl                         = V-rescale
   nsttcouple                     = 10
   nh-chain-length                = 0
   print-nose-hoover-chain-variables = false
   pcoupl                         = No
   pcoupltype                     = Isotropic
   nstpcouple                     = -1
   tau-p                          = 4
   compressibility (3x3):
      compressibility[    0]={ 0.00000e+00,  0.00000e+00,  0.00000e+00}
      compressibility[    1]={ 0.00000e+00,  0.00000e+00,  0.00000e+00}
      compressibility[    2]={ 0.00000e+00,  0.00000e+00,  0.00000e+00}
   ref-p (3x3):
      ref-p[    0]={ 0.00000e+00,  0.00000e+00,  0.00000e+00}
      ref-p[    1]={ 0.00000e+00,  0.00000e+00,  0.00000e+00}
      ref-p[    2]={ 0.00000e+00,  0.00000e+00,  0.00000e+00}
   refcoord-scaling               = COM
   posres-com (3):
      posres-com[0]= 0.00000e+00
      posres-com[1]= 0.00000e+00
      posres-com[2]= 0.00000e+00
   posres-comB (3):
      posres-comB[0]= 0.00000e+00
      posres-comB[1]= 0.00000e+00
      posres-comB[2]= 0.00000e+00
   QMMM                           = false
qm-opts:
   ngQM                           = 0
   constraint-algorithm           = Lincs
   continuation                   = false
   Shake-SOR                      = false
   shake-tol                      = 0.0001
   lincs-order                    = 4
   lincs-iter                     = 1
   lincs-warnangle                = 90
   nwall                          = 0
   wall-type                      = 9-3
   wall-r-linpot                  = -1
   wall-atomtype[0]               = -1
   wall-atomtype[1]               = -1
   wall-density[0]                = 0
   wall-density[1]                = 0
   wall-ewald-zfac                = 3
   pull                           = false
   awh                            = false
   rotation                       = false
   interactiveMD                  = false
   disre                          = No
   disre-weighting                = Conservative
   disre-mixed                    = false
   dr-fc                          = 1000
   dr-tau                         = 0
   nstdisreout                    = 100
   orire-fc                       = 0
   orire-tau                      = 0
   nstorireout                    = 100
   free-energy                    = no
   cos-acceleration               = 0
   deform (3x3):
      deform[    0]={ 0.00000e+00,  0.00000e+00,  0.00000e+00}
      deform[    1]={ 0.00000e+00,  0.00000e+00,  0.00000e+00}
      deform[    2]={ 0.00000e+00,  0.00000e+00,  0.00000e+00}
   simulated-tempering            = false
   swapcoords                     = no
   userint1                       = 0
   userint2                       = 0
   userint3                       = 0
   userint4                       = 0
   userreal1                      = 0
   userreal2                      = 0
   userreal3                      = 0
   userreal4                      = 0
   applied-forces:
     electric-field:
       x:
         E0                       = 0
         omega                    = 0
         t0                       = 0
         sigma                    = 0
       y:
         E0                       = 0
         omega                    = 0
         t0                       = 0
         sigma                    = 0
       z:
         E0                       = 0
         omega                    = 0
         t0                       = 0
         sigma                    = 0
     density-guided-simulation:
       active                     = false
       group                      = protein
       similarity-measure         = inner-product
       atom-spreading-weight      = unity
       force-constant             = 1e+09
       gaussian-transform-spreading-width = 0.2
       gaussian-transform-spreading-range-in-multiples-of-width = 4
       reference-density-filename = reference.mrc
       nst                        = 1
       normalize-densities        = true
       adaptive-force-scaling     = false
       adaptive-force-scaling-time-constant = 4
       shift-vector               = 
       transformation-matrix      = 
     qmmm-cp2k:
       active                     = false
       qmgroup                    = System
       qmmethod                   = PBE
       qmfilenames                = 
       qmcharge                   = 0
       qmmultiplicity             = 1
grpopts:
   nrdf:      227268
   ref-t:         310
   tau-t:           1
annealing:          No
annealing-npoints:           0
   acc:	           0           0           0
   nfreeze:           N           N           N
   energygrp-flags[  0]: 0

Changing nstlist from 20 to 100, rlist from 1.1 to 1.138

When checking whether update groups are usable:
  Domain decomposition is not active, so there is no need for update groups
  No constraints or virtual sites are in use, so it is best not to use update groups
Using 1 MPI thread
Using 16 OpenMP threads 


NOTE: The number of threads is not equal to the number of (logical) cpus
      and the -pin option is set to auto: will not pin threads to cpus.
      This can lead to significant performance degradation.
      Consider using -pin on (and -pinoffset in case you run multiple jobs).
System total charge: 0.000
Reaction-Field:
epsRF = 0, rc = 1.1, krf = 0.375657, crf = 1.36364, epsfac = 9.26236
The electrostatics potential has its minimum at r = 1.1
Potential shift: LJ r^-12: -3.186e-01 r^-6: -5.645e-01


Using SIMD 4x8 nonbonded short-range kernels

Using a dual 4x8 pair-list setup updated with dynamic pruning:
  outer list: updated every 100 steps, buffer 0.038 nm, rlist 1.138 nm
  inner list: updated every  33 steps, buffer 0.001 nm, rlist 1.101 nm
At tolerance 0.005 kJ/mol/ps per atom, equivalent classical 1x1 list would be:
  outer list: updated every 100 steps, buffer 0.085 nm, rlist 1.185 nm
  inner list: updated every  33 steps, buffer 0.019 nm, rlist 1.119 nm

Using full Lennard-Jones parameter combination matrix
Removing pbc first time

++++ PLEASE READ AND CITE THE FOLLOWING REFERENCE ++++
G. Bussi, D. Donadio and M. Parrinello
Canonical sampling through velocity rescaling
J. Chem. Phys. 126 (2007) pp. 014101
-------- -------- --- Thank You --- -------- --------

There are: 75757 Atoms
Center of mass motion removal mode is Linear
We have the following groups for center of mass motion removal:
  0:  rest
Initial temperature: 0 K

Started mdrun on rank 0 Fri Dec  8 14:37:54 2023

           Step           Time
              0        0.00000

   Energies (kJ/mol)
           Bond       G96Angle        LJ (SR)   Coulomb (SR)      Potential
    2.69436e+03    8.85179e+03   -1.93078e+06   -6.34733e+03   -1.92558e+06
    Kinetic En.   Total Energy  Conserved En.    Temperature Pressure (bar)
    2.88063e-02   -1.92558e+06   -1.92558e+06    3.04891e-05   -1.75446e+03

           Step           Time
           1000        2.00000

   Energies (kJ/mol)
           Bond       G96Angle        LJ (SR)   Coulomb (SR)      Potential
    1.40933e+04    1.23097e+04   -1.84142e+06   -5.91997e+03   -1.82094e+06
    Kinetic En.   Total Energy  Conserved En.    Temperature Pressure (bar)
    2.07530e+05   -1.61341e+06   -1.92577e+06    2.19654e+02    1.21282e+03

           Step           Time
           2000        4.00000

   Energies (kJ/mol)
           Bond       G96Angle        LJ (SR)   Coulomb (SR)      Potential
    2.70581e+04    1.63068e+04   -1.82468e+06   -5.64188e+03   -1.78696e+06
    Kinetic En.   Total Energy  Conserved En.    Temperature Pressure (bar)
    2.66875e+05   -1.52009e+06   -1.92602e+06    2.82465e+02    1.18389e+03

           Step           Time
           3000        6.00000

   Energies (kJ/mol)
           Bond       G96Angle        LJ (SR)   Coulomb (SR)      Potential
    3.41098e+04    1.79565e+04   -1.79141e+06   -5.44518e+03   -1.74479e+06
    Kinetic En.   Total Energy  Conserved En.    Temperature Pressure (bar)
    2.70496e+05   -1.47429e+06   -1.92636e+06    2.86298e+02    1.46903e+03

           Step           Time
           4000        8.00000

   Energies (kJ/mol)
           Bond       G96Angle        LJ (SR)   Coulomb (SR)      Potential
    3.59977e+04    1.79590e+04   -1.77140e+06   -5.35558e+03   -1.72280e+06
    Kinetic En.   Total Energy  Conserved En.    Temperature Pressure (bar)
    2.83415e+05   -1.43939e+06   -1.92676e+06    2.99972e+02    1.92594e+03

           Step           Time
           5000       10.00000

   Energies (kJ/mol)
           Bond       G96Angle        LJ (SR)   Coulomb (SR)      Potential
    3.58259e+04    1.85035e+04   -1.79232e+06   -5.45288e+03   -1.74344e+06
    Kinetic En.   Total Energy  Conserved En.    Temperature Pressure (bar)
    2.98298e+05   -1.44514e+06   -1.92719e+06    3.15725e+02    1.55716e+03

           Step           Time
           6000       12.00000

   Energies (kJ/mol)
           Bond       G96Angle        LJ (SR)   Coulomb (SR)      Potential
    2.95881e+04    1.70057e+04   -1.79630e+06   -5.38967e+03   -1.75510e+06
    Kinetic En.   Total Energy  Conserved En.    Temperature Pressure (bar)
    2.96512e+05   -1.45858e+06   -1.92761e+06    3.13834e+02    1.10475e+03

           Step           Time
           7000       14.00000

   Energies (kJ/mol)
           Bond       G96Angle        LJ (SR)   Coulomb (SR)      Potential
    2.56557e+04    1.51029e+04   -1.77598e+06   -5.64545e+03   -1.74086e+06
    Kinetic En.   Total Energy  Conserved En.    Temperature Pressure (bar)
    2.84880e+05   -1.45598e+06   -1.92804e+06    3.01523e+02    7.14766e+02

           Step           Time
           8000       16.00000

   Energies (kJ/mol)
           Bond       G96Angle        LJ (SR)   Coulomb (SR)      Potential
    2.56512e+04    1.42653e+04   -1.75601e+06   -5.57562e+03   -1.72166e+06
    Kinetic En.   Total Energy  Conserved En.    Temperature Pressure (bar)
    2.83292e+05   -1.43837e+06   -1.92846e+06    2.99841e+02    3.59796e+02

           Step           Time
           9000       18.00000

   Energies (kJ/mol)
           Bond       G96Angle        LJ (SR)   Coulomb (SR)      Potential
    2.49441e+04    1.43067e+04   -1.74158e+06   -5.63612e+03   -1.70796e+06
    Kinetic En.   Total Energy  Conserved En.    Temperature Pressure (bar)
    2.87244e+05   -1.42072e+06   -1.92887e+06    3.04024e+02    1.89296e+01

           Step           Time
          10000       20.00000

   Energies (kJ/mol)
           Bond       G96Angle        LJ (SR)   Coulomb (SR)      Potential
    2.43951e+04    1.37029e+04   -1.72162e+06   -5.73522e+03   -1.68926e+06
    Kinetic En.   Total Energy  Conserved En.    Temperature Pressure (bar)
    2.83452e+05   -1.40580e+06   -1.92929e+06    3.00010e+02   -2.04921e+02

           Step           Time
          11000       22.00000

   Energies (kJ/mol)
           Bond       G96Angle        LJ (SR)   Coulomb (SR)      Potential
    2.39078e+04    1.32299e+04   -1.70258e+06   -5.74963e+03   -1.67119e+06
    Kinetic En.   Total Energy  Conserved En.    Temperature Pressure (bar)
    2.84188e+05   -1.38700e+06   -1.92972e+06    3.00790e+02   -2.33266e+02

           Step           Time
          12000       24.00000

   Energies (kJ/mol)
           Bond       G96Angle        LJ (SR)   Coulomb (SR)      Potential
    2.48566e+04    1.34850e+04   -1.68770e+06   -5.70843e+03   -1.65507e+06
    Kinetic En.   Total Energy  Conserved En.    Temperature Pressure (bar)
    2.84159e+05   -1.37091e+06   -1.93018e+06    3.00760e+02   -5.41940e+01

           Step           Time
          13000       26.00000

   Energies (kJ/mol)
           Bond       G96Angle        LJ (SR)   Coulomb (SR)      Potential
    2.71373e+04    1.44488e+04   -1.67903e+06   -5.80519e+03   -1.64325e+06
    Kinetic En.   Total Energy  Conserved En.    Temperature Pressure (bar)
    2.87738e+05   -1.35551e+06   -1.93066e+06    3.04547e+02    1.53900e+02

           Step           Time
          14000       28.00000

   Energies (kJ/mol)
           Bond       G96Angle        LJ (SR)   Coulomb (SR)      Potential
    2.76299e+04    1.44651e+04   -1.68196e+06   -5.67025e+03   -1.64553e+06
    Kinetic En.   Total Energy  Conserved En.    Temperature Pressure (bar)
    2.92302e+05   -1.35323e+06   -1.93116e+06    3.09378e+02    1.98410e+02

           Step           Time
          15000       30.00000

   Energies (kJ/mol)
           Bond       G96Angle        LJ (SR)   Coulomb (SR)      Potential
    2.71272e+04    1.43071e+04   -1.68724e+06   -5.67912e+03   -1.65148e+06
    Kinetic En.   Total Energy  Conserved En.    Temperature Pressure (bar)
    2.95716e+05   -1.35577e+06   -1.93168e+06    3.12991e+02    1.74452e+02

           Step           Time
          16000       32.00000

   Energies (kJ/mol)
           Bond       G96Angle        LJ (SR)   Coulomb (SR)      Potential
    2.66980e+04    1.44539e+04   -1.69185e+06   -5.75956e+03   -1.65646e+06
    Kinetic En.   Total Energy  Conserved En.    Temperature Pressure (bar)
    2.94073e+05   -1.36238e+06   -1.93219e+06    3.11253e+02    8.81424e+01

           Step           Time
          17000       34.00000

   Energies (kJ/mol)
           Bond       G96Angle        LJ (SR)   Coulomb (SR)      Potential
    2.63625e+04    1.40694e+04   -1.69306e+06   -5.76783e+03   -1.65840e+06
    Kinetic En.   Total Energy  Conserved En.    Temperature Pressure (bar)
    2.92041e+05   -1.36636e+06   -1.93270e+06    3.09101e+02    1.14820e+01

           Step           Time
          18000       36.00000

   Energies (kJ/mol)
           Bond       G96Angle        LJ (SR)   Coulomb (SR)      Potential
    2.64531e+04    1.43668e+04   -1.68948e+06   -5.72221e+03   -1.65438e+06
    Kinetic En.   Total Energy  Conserved En.    Temperature Pressure (bar)
    2.90402e+05   -1.36398e+06   -1.93320e+06    3.07367e+02   -2.99212e+01

           Step           Time
          19000       38.00000

   Energies (kJ/mol)
           Bond       G96Angle        LJ (SR)   Coulomb (SR)      Potential
    2.76501e+04    1.43120e+04   -1.68347e+06   -5.57244e+03   -1.64708e+06
    Kinetic En.   Total Energy  Conserved En.    Temperature Pressure (bar)
    2.90566e+05   -1.35651e+06   -1.93372e+06    3.07540e+02   -3.48336e+01

           Step           Time
          20000       40.00000

   Energies (kJ/mol)
           Bond       G96Angle        LJ (SR)   Coulomb (SR)      Potential
    2.75733e+04    1.45649e+04   -1.67912e+06   -5.66000e+03   -1.64264e+06
    Kinetic En.   Total Energy  Conserved En.    Temperature Pressure (bar)
    2.90262e+05   -1.35237e+06   -1.93423e+06    3.07219e+02   -5.73202e+01

           Step           Time
          21000       42.00000

   Energies (kJ/mol)
           Bond       G96Angle        LJ (SR)   Coulomb (SR)      Potential
    2.72093e+04    1.46407e+04   -1.67742e+06   -5.44938e+03   -1.64102e+06
    Kinetic En.   Total Energy  Conserved En.    Temperature Pressure (bar)
    2.91275e+05   -1.34974e+06   -1.93476e+06    3.08290e+02   -6.42779e+01

           Step           Time
          22000       44.00000

   Energies (kJ/mol)
           Bond       G96Angle        LJ (SR)   Coulomb (SR)      Potential
    2.75664e+04    1.45166e+04   -1.67617e+06   -5.46461e+03   -1.63956e+06
    Kinetic En.   Total Energy  Conserved En.    Temperature Pressure (bar)
    2.92627e+05   -1.34693e+06   -1.93528e+06    3.09722e+02   -7.72380e+01

           Step           Time
          23000       46.00000

   Energies (kJ/mol)
           Bond       G96Angle        LJ (SR)   Coulomb (SR)      Potential
    2.70586e+04    1.43527e+04   -1.67669e+06   -5.52919e+03   -1.64081e+06
    Kinetic En.   Total Energy  Conserved En.    Temperature Pressure (bar)
    2.94487e+05   -1.34632e+06   -1.93582e+06    3.11691e+02   -7.19734e+01

           Step           Time
          24000       48.00000

   Energies (kJ/mol)
           Bond       G96Angle        LJ (SR)   Coulomb (SR)      Potential
    2.72039e+04    1.41628e+04   -1.67789e+06   -5.61124e+03   -1.64214e+06
    Kinetic En.   Total Energy  Conserved En.    Temperature Pressure (bar)
    2.91441e+05   -1.35070e+06   -1.93634e+06    3.08467e+02   -7.44353e+01

           Step           Time
          25000       50.00000

   Energies (kJ/mol)
           Bond       G96Angle        LJ (SR)   Coulomb (SR)      Potential
    2.67866e+04    1.39953e+04   -1.67681e+06   -5.62860e+03   -1.64166e+06
    Kinetic En.   Total Energy  Conserved En.    Temperature Pressure (bar)
    2.92071e+05   -1.34958e+06   -1.93686e+06    3.09134e+02   -5.58750e+01

           Step           Time
          26000       52.00000

   Energies (kJ/mol)
           Bond       G96Angle        LJ (SR)   Coulomb (SR)      Potential
    2.71318e+04    1.40242e+04   -1.67689e+06   -5.62708e+03   -1.64136e+06
    Kinetic En.   Total Energy  Conserved En.    Temperature Pressure (bar)
    2.92267e+05   -1.34909e+06   -1.93738e+06    3.09341e+02   -4.21246e+01

           Step           Time
          27000       54.00000

   Energies (kJ/mol)
           Bond       G96Angle        LJ (SR)   Coulomb (SR)      Potential
    2.68768e+04    1.40800e+04   -1.67643e+06   -5.57205e+03   -1.64105e+06
    Kinetic En.   Total Energy  Conserved En.    Temperature Pressure (bar)
    2.93962e+05   -1.34709e+06   -1.93792e+06    3.11135e+02   -4.24507e+01

           Step           Time
          28000       56.00000

   Energies (kJ/mol)
           Bond       G96Angle        LJ (SR)   Coulomb (SR)      Potential
    2.71755e+04    1.40611e+04   -1.67861e+06   -5.50743e+03   -1.64288e+06
    Kinetic En.   Total Energy  Conserved En.    Temperature Pressure (bar)
    2.93090e+05   -1.34979e+06   -1.93845e+06    3.10212e+02   -7.76439e+01

           Step           Time
          29000       58.00000

   Energies (kJ/mol)
           Bond       G96Angle        LJ (SR)   Coulomb (SR)      Potential
    2.74874e+04    1.44627e+04   -1.67850e+06   -5.49805e+03   -1.64205e+06
    Kinetic En.   Total Energy  Conserved En.    Temperature Pressure (bar)
    2.93284e+05   -1.34876e+06   -1.93898e+06    3.10418e+02   -7.61799e+01

           Step           Time
          30000       60.00000

   Energies (kJ/mol)
           Bond       G96Angle        LJ (SR)   Coulomb (SR)      Potential
    2.76355e+04    1.41519e+04   -1.67966e+06   -5.52015e+03   -1.64340e+06
    Kinetic En.   Total Energy  Conserved En.    Temperature Pressure (bar)
    2.92586e+05   -1.35081e+06   -1.93950e+06    3.09678e+02   -9.72651e+01

           Step           Time
          31000       62.00000

   Energies (kJ/mol)
           Bond       G96Angle        LJ (SR)   Coulomb (SR)      Potential
    2.74573e+04    1.43202e+04   -1.67822e+06   -5.55271e+03   -1.64199e+06
    Kinetic En.   Total Energy  Conserved En.    Temperature Pressure (bar)
    2.91084e+05   -1.35091e+06   -1.94002e+06    3.08088e+02   -8.27050e+01

           Step           Time
          32000       64.00000

   Energies (kJ/mol)
           Bond       G96Angle        LJ (SR)   Coulomb (SR)      Potential
    2.77120e+04    1.43867e+04   -1.67786e+06   -5.51720e+03   -1.64128e+06
    Kinetic En.   Total Energy  Conserved En.    Temperature Pressure (bar)
    2.93429e+05   -1.34785e+06   -1.94056e+06    3.10571e+02   -8.09479e+01

           Step           Time
          33000       66.00000

   Energies (kJ/mol)
           Bond       G96Angle        LJ (SR)   Coulomb (SR)      Potential
    2.75928e+04    1.44366e+04   -1.67818e+06   -5.55157e+03   -1.64170e+06
    Kinetic En.   Total Energy  Conserved En.    Temperature Pressure (bar)
    2.94338e+05   -1.34736e+06   -1.94109e+06    3.11532e+02   -7.85055e+01

           Step           Time
          34000       68.00000

   Energies (kJ/mol)
           Bond       G96Angle        LJ (SR)   Coulomb (SR)      Potential
    2.74760e+04    1.44868e+04   -1.67804e+06   -5.62768e+03   -1.64170e+06
    Kinetic En.   Total Energy  Conserved En.    Temperature Pressure (bar)
    2.93258e+05   -1.34845e+06   -1.94162e+06    3.10390e+02   -7.94602e+01

           Step           Time
          35000       70.00000

   Energies (kJ/mol)
           Bond       G96Angle        LJ (SR)   Coulomb (SR)      Potential
    2.71111e+04    1.44585e+04   -1.67884e+06   -5.52679e+03   -1.64280e+06
    Kinetic En.   Total Energy  Conserved En.    Temperature Pressure (bar)
    2.92088e+05   -1.35071e+06   -1.94214e+06    3.09151e+02   -9.28333e+01

           Step           Time
          36000       72.00000

   Energies (kJ/mol)
           Bond       G96Angle        LJ (SR)   Coulomb (SR)      Potential
    2.75445e+04    1.44619e+04   -1.67958e+06   -5.53790e+03   -1.64311e+06
    Kinetic En.   Total Energy  Conserved En.    Temperature Pressure (bar)
    2.92446e+05   -1.35066e+06   -1.94267e+06    3.09530e+02   -9.05510e+01

           Step           Time
          37000       74.00000

   Energies (kJ/mol)
           Bond       G96Angle        LJ (SR)   Coulomb (SR)      Potential
    2.68605e+04    1.43188e+04   -1.67920e+06   -5.52147e+03   -1.64354e+06
    Kinetic En.   Total Energy  Conserved En.    Temperature Pressure (bar)
    2.92723e+05   -1.35082e+06   -1.94319e+06    3.09824e+02   -7.97139e+01

           Step           Time
          38000       76.00000

   Energies (kJ/mol)
           Bond       G96Angle        LJ (SR)   Coulomb (SR)      Potential
    2.68945e+04    1.45639e+04   -1.67983e+06   -5.64153e+03   -1.64401e+06
    Kinetic En.   Total Energy  Conserved En.    Temperature Pressure (bar)
    2.91988e+05   -1.35203e+06   -1.94372e+06    3.09045e+02   -8.96503e+01

           Step           Time
          39000       78.00000

   Energies (kJ/mol)
           Bond       G96Angle        LJ (SR)   Coulomb (SR)      Potential
    2.69659e+04    1.42652e+04   -1.67801e+06   -5.58384e+03   -1.64236e+06
    Kinetic En.   Total Energy  Conserved En.    Temperature Pressure (bar)
    2.92130e+05   -1.35023e+06   -1.94425e+06    3.09196e+02   -7.52361e+01

           Step           Time
          40000       80.00000

   Energies (kJ/mol)
           Bond       G96Angle        LJ (SR)   Coulomb (SR)      Potential
    2.71577e+04    1.45142e+04   -1.67976e+06   -5.65157e+03   -1.64374e+06
    Kinetic En.   Total Energy  Conserved En.    Temperature Pressure (bar)
    2.92435e+05   -1.35131e+06   -1.94478e+06    3.09518e+02   -1.01045e+02

           Step           Time
          41000       82.00000

   Energies (kJ/mol)
           Bond       G96Angle        LJ (SR)   Coulomb (SR)      Potential
    2.73092e+04    1.47141e+04   -1.67957e+06   -5.60672e+03   -1.64316e+06
    Kinetic En.   Total Energy  Conserved En.    Temperature Pressure (bar)
    2.92019e+05   -1.35114e+06   -1.94530e+06    3.09078e+02   -1.01266e+02

           Step           Time
          42000       84.00000

   Energies (kJ/mol)
           Bond       G96Angle        LJ (SR)   Coulomb (SR)      Potential
    2.72544e+04    1.44586e+04   -1.67934e+06   -5.56678e+03   -1.64319e+06
    Kinetic En.   Total Energy  Conserved En.    Temperature Pressure (bar)
    2.91215e+05   -1.35198e+06   -1.94584e+06    3.08227e+02   -8.79590e+01

           Step           Time
          43000       86.00000

   Energies (kJ/mol)
           Bond       G96Angle        LJ (SR)   Coulomb (SR)      Potential
    2.74332e+04    1.41459e+04   -1.67973e+06   -5.36797e+03   -1.64352e+06
    Kinetic En.   Total Energy  Conserved En.    Temperature Pressure (bar)
    2.91885e+05   -1.35164e+06   -1.94636e+06    3.08936e+02   -9.43863e+01

           Step           Time
          44000       88.00000

   Energies (kJ/mol)
           Bond       G96Angle        LJ (SR)   Coulomb (SR)      Potential
    2.74271e+04    1.43847e+04   -1.67892e+06   -5.37933e+03   -1.64248e+06
    Kinetic En.   Total Energy  Conserved En.    Temperature Pressure (bar)
    2.91084e+05   -1.35140e+06   -1.94689e+06    3.08089e+02   -8.26539e+01

           Step           Time
          45000       90.00000

   Energies (kJ/mol)
           Bond       G96Angle        LJ (SR)   Coulomb (SR)      Potential
    2.72236e+04    1.47098e+04   -1.67980e+06   -5.30705e+03   -1.64317e+06
    Kinetic En.   Total Energy  Conserved En.    Temperature Pressure (bar)
    2.92832e+05   -1.35034e+06   -1.94742e+06    3.09939e+02   -8.84876e+01

           Step           Time
          46000       92.00000

   Energies (kJ/mol)
           Bond       G96Angle        LJ (SR)   Coulomb (SR)      Potential
    2.71565e+04    1.42812e+04   -1.67919e+06   -5.44472e+03   -1.64320e+06
    Kinetic En.   Total Energy  Conserved En.    Temperature Pressure (bar)
    2.94420e+05   -1.34878e+06   -1.94797e+06    3.11620e+02   -9.35426e+01

           Step           Time
          47000       94.00000

   Energies (kJ/mol)
           Bond       G96Angle        LJ (SR)   Coulomb (SR)      Potential
    2.72861e+04    1.42289e+04   -1.67888e+06   -5.37253e+03   -1.64274e+06
    Kinetic En.   Total Energy  Conserved En.    Temperature Pressure (bar)
    2.93581e+05   -1.34916e+06   -1.94850e+06    3.10732e+02   -7.94065e+01

           Step           Time
          48000       96.00000

   Energies (kJ/mol)
           Bond       G96Angle        LJ (SR)   Coulomb (SR)      Potential
    2.69877e+04    1.40312e+04   -1.68007e+06   -5.47100e+03   -1.64452e+06
    Kinetic En.   Total Energy  Conserved En.    Temperature Pressure (bar)
    2.91987e+05   -1.35253e+06   -1.94902e+06    3.09045e+02   -9.67195e+01

           Step           Time
          49000       98.00000

   Energies (kJ/mol)
           Bond       G96Angle        LJ (SR)   Coulomb (SR)      Potential
    2.70969e+04    1.40849e+04   -1.68019e+06   -5.45653e+03   -1.64446e+06
    Kinetic En.   Total Energy  Conserved En.    Temperature Pressure (bar)
    2.91557e+05   -1.35290e+06   -1.94955e+06    3.08590e+02   -9.18775e+01

           Step           Time
          50000      100.00000

Writing checkpoint, step 50000 at Fri Dec  8 14:38:55 2023


   Energies (kJ/mol)
           Bond       G96Angle        LJ (SR)   Coulomb (SR)      Potential
    2.73662e+04    1.42239e+04   -1.68056e+06   -5.40096e+03   -1.64437e+06
    Kinetic En.   Total Energy  Conserved En.    Temperature Pressure (bar)
    2.92762e+05   -1.35161e+06   -1.95007e+06    3.09864e+02   -9.47878e+01


Energy conservation over simulation part #1 of length 100 ps, time 0 to 100 ps
  Conserved energy drift: -3.23e-03 kJ/mol/ps per atom


	<======  ###############  ==>
	<====  A V E R A G E S  ====>
	<==  ###############  ======>

	Statistics over 50001 steps using 501 frames

   Energies (kJ/mol)
           Bond       G96Angle        LJ (SR)   Coulomb (SR)      Potential
    2.69781e+04    1.45667e+04   -1.70380e+06   -5.56246e+03   -1.66782e+06
    Kinetic En.   Total Energy  Conserved En.    Temperature Pressure (bar)
    2.86391e+05   -1.38143e+06   -1.93708e+06    3.03122e+02    1.25202e+02

   Total Virial (kJ/mol)
    6.36012e+04    7.62628e+01    7.48898e+02
    7.62620e+01    5.99693e+04   -3.16966e+02
    7.48898e+02   -3.16961e+02    6.10329e+04

   Pressure (bar)
    1.16318e+02   -5.86324e-01   -2.62932e+00
   -5.86321e-01    1.42588e+02    1.05703e+00
   -2.62932e+00    1.05701e+00    1.16700e+02


	M E G A - F L O P S   A C C O U N T I N G

 NB=Group-cutoff nonbonded kernels    NxN=N-by-N cluster Verlet kernels
 RF=Reaction-Field  VdW=Van der Waals  QSTab=quadratic-spline table
 W3=SPC/TIP3p  W4=TIP4p (single or pairs)
 V&F=Potential and force  V=Potential only  F=Force only

 Computing:                               M-Number         M-Flops  % Flops
-----------------------------------------------------------------------------
 Pair Search distance check            3918.484456       35266.360     0.3
 NxN RF Elec. + LJ [F]                49062.380400     1864370.455    13.2
 NxN RF Elec. + LJ [V&F]                496.594176       26816.086     0.2
 NxN LJ [F]                          357295.235616    11790742.775    83.7
 NxN LJ [V&F]                          3616.176512      155495.590     1.1
 NxN RF Electrostatics [F]              281.329488        8721.214     0.1
 NxN RF Electrostatics [V&F]              2.847808         102.521     0.0
 Shift-X                                 37.954257         227.726     0.0
 Bonds                                  985.619712       58151.563     0.4
 Angles                                 716.814336      120424.808     0.9
 Virial                                  37.976802         683.582     0.0
 Stop-CM                                 38.030014         380.300     0.0
 Calc-Ekin                              757.721514       20458.481     0.1
-----------------------------------------------------------------------------
 Total                                                14081841.462   100.0
-----------------------------------------------------------------------------


     R E A L   C Y C L E   A N D   T I M E   A C C O U N T I N G

On 1 MPI rank, each using 16 OpenMP threads

 Computing:          Num   Num      Call    Wall time         Giga-Cycles
                     Ranks Threads  Count      (s)         total sum    %
-----------------------------------------------------------------------------
 Neighbor search        1   16        501       2.108         80.747   3.5
 Force                  1   16      50001      45.864       1757.064  75.2
 NB X/F buffer ops.     1   16      99501       9.919        379.998  16.3
 Write traj.            1   16          6       0.270         10.356   0.4
 Update                 1   16      50001       2.239         85.772   3.7
 Rest                                           0.584         22.367   1.0
-----------------------------------------------------------------------------
 Total                                         60.984       2336.304 100.0
-----------------------------------------------------------------------------

               Core t (s)   Wall t (s)        (%)
       Time:      975.743       60.984     1600.0
                 (ns/day)    (hour/ns)
Performance:      141.679        0.169
Finished mdrun on rank 0 Fri Dec  8 14:38:55 2023

