                      :-) GROMACS - gmx mdrun, 2022.5 (-:

Copyright 1991-2022 The GROMACS Authors.
GROMACS is free software; you can redistribute it and/or modify it
under the terms of the GNU Lesser General Public License
as published by the Free Software Foundation; either version 2.1
of the License, or (at your option) any later version.

                         Current GROMACS contributors:
       Mark Abraham           Andrey Alekseenko           Cathrine Bergh      
      Christian Blau            Eliane Briand               Kevin Boyd        
     Oliver Fleetwood         Stefan Fleischmann           Vytas Gapsys       
       Gaurav Garg           Gilles Gouaillardet            Alan Gray         
      Victor Holanda           M. Eric Irrgang              Joe Jordan        
    Christoph Junghans        Prashanth Kanduri           Sebastian Kehl      
     Sebastian Keller          Carsten Kutzner           Magnus Lundborg      
       Pascal Merz              Dmitry Morozov             Szilard Pall       
      Roland Schulz             Michael Shirts         David van der Spoel    
     Alessandra Villa      Sebastian Wingbermuehle        Artem Zhmurov       

                         Previous GROMACS contributors:
        Emile Apol             Rossen Apostolov           James Barnett       
  Herman J.C. Berendsen          Par Bjelkmar           Viacheslav Bolnykh    
    Aldert van Buuren          Carlo Camilloni           Rudi van Drunen      
      Anton Feenstra           Gerrit Groenhof            Bert de Groot       
      Anca Hamuraru           Vincent Hindriksen         Aleksei Iupinov      
   Dimitrios Karkoulis           Peter Kasson               Jiri Kraus        
       Per Larsson             Justin A. Lemkul           Viveca Lindahl      
      Erik Marklund           Pieter Meulenhoff           Vedran Miletic      
      Teemu Murtola              Sander Pronk            Alexey Shvetsov      
      Alfons Sijbers            Peter Tieleman             Jon Vincent        
     Teemu Virolainen         Christian Wennberg           Maarten Wolf       

                  Coordinated by the GROMACS project leaders:
                    Paul Bauer, Berk Hess, and Erik Lindahl

GROMACS:      gmx mdrun, version 2022.5
Executable:   /softwares/gromacs/2022.5/bin/gmx
Data prefix:  /softwares/gromacs/2022.5
Working dir:  /data2/jackson/lipid_sorting/lipid_sorting_in_tubules/Tutorial/1.initial/work/8b/143657bf49c0d070c86b2682bfd0b3
Process ID:   1509079
Command line:
  gmx mdrun -s em.tpr -c em.gro -nt 16 -rdd 1.6

GROMACS version:    2022.5
Precision:          mixed
Memory model:       64 bit
MPI library:        thread_mpi
OpenMP support:     enabled (GMX_OPENMP_MAX_THREADS = 128)
GPU support:        disabled
SIMD instructions:  AVX2_256
CPU FFT library:    fftw-3.3.8-sse2-avx-avx2-avx2_128
GPU FFT library:    none
RDTSCP usage:       enabled
TNG support:        enabled
Hwloc support:      disabled
Tracing support:    disabled
C compiler:         /usr/bin/cc GNU 9.4.0
C compiler flags:   -mavx2 -mfma -pthread -Wno-missing-field-initializers -fexcess-precision=fast -funroll-all-loops -O3 -DNDEBUG
C++ compiler:       /usr/bin/c++ GNU 9.4.0
C++ compiler flags: -mavx2 -mfma -pthread -Wno-missing-field-initializers -fexcess-precision=fast -funroll-all-loops -fopenmp -O3 -DNDEBUG


Running on 1 node with total 20 cores, 40 processing units
Hardware detected:
  CPU info:
    Vendor: Intel
    Brand:  Intel(R) Xeon(R) Silver 4210R CPU @ 2.40GHz
    Family: 6   Model: 85   Stepping: 7
    Features: aes apic avx avx2 avx512f avx512cd avx512bw avx512vl clfsh cmov cx8 cx16 f16c fma htt intel lahf mmx msr nonstop_tsc pcid pclmuldq pdcm pdpe1gb popcnt pse rdrnd rdtscp sse2 sse3 sse4.1 sse4.2 ssse3 tdt x2apic
    Number of AVX-512 FMA units: 1 (AVX2 is faster w/o 2 AVX-512 FMA units)
  Hardware topology: Basic
    Packages, cores, and logical processors:
    [indices refer to OS logical processors]
      Package  0: [   0  20] [   1  21] [   2  22] [   3  23] [   4  24] [   5  25] [   6  26] [   7  27] [   8  28] [   9  29]
      Package  1: [  10  30] [  11  31] [  12  32] [  13  33] [  14  34] [  15  35] [  16  36] [  17  37] [  18  38] [  19  39]
    CPU limit set by OS: -1   Recommended max number of threads: 40


++++ PLEASE READ AND CITE THE FOLLOWING REFERENCE ++++
M. J. Abraham, T. Murtola, R. Schulz, S. Páll, J. C. Smith, B. Hess, E.
Lindahl
GROMACS: High performance molecular simulations through multi-level
parallelism from laptops to supercomputers
SoftwareX 1 (2015) pp. 19-25
-------- -------- --- Thank You --- -------- --------


++++ PLEASE READ AND CITE THE FOLLOWING REFERENCE ++++
S. Páll, M. J. Abraham, C. Kutzner, B. Hess, E. Lindahl
Tackling Exascale Software Challenges in Molecular Dynamics Simulations with
GROMACS
In S. Markidis & E. Laure (Eds.), Solving Software Challenges for Exascale 8759 (2015) pp. 3-27
-------- -------- --- Thank You --- -------- --------


++++ PLEASE READ AND CITE THE FOLLOWING REFERENCE ++++
S. Pronk, S. Páll, R. Schulz, P. Larsson, P. Bjelkmar, R. Apostolov, M. R.
Shirts, J. C. Smith, P. M. Kasson, D. van der Spoel, B. Hess, and E. Lindahl
GROMACS 4.5: a high-throughput and highly parallel open source molecular
simulation toolkit
Bioinformatics 29 (2013) pp. 845-54
-------- -------- --- Thank You --- -------- --------


++++ PLEASE READ AND CITE THE FOLLOWING REFERENCE ++++
B. Hess and C. Kutzner and D. van der Spoel and E. Lindahl
GROMACS 4: Algorithms for highly efficient, load-balanced, and scalable
molecular simulation
J. Chem. Theory Comput. 4 (2008) pp. 435-447
-------- -------- --- Thank You --- -------- --------


++++ PLEASE READ AND CITE THE FOLLOWING REFERENCE ++++
D. van der Spoel, E. Lindahl, B. Hess, G. Groenhof, A. E. Mark and H. J. C.
Berendsen
GROMACS: Fast, Flexible and Free
J. Comp. Chem. 26 (2005) pp. 1701-1719
-------- -------- --- Thank You --- -------- --------


++++ PLEASE READ AND CITE THE FOLLOWING REFERENCE ++++
E. Lindahl and B. Hess and D. van der Spoel
GROMACS 3.0: A package for molecular simulation and trajectory analysis
J. Mol. Mod. 7 (2001) pp. 306-317
-------- -------- --- Thank You --- -------- --------


++++ PLEASE READ AND CITE THE FOLLOWING REFERENCE ++++
H. J. C. Berendsen, D. van der Spoel and R. van Drunen
GROMACS: A message-passing parallel molecular dynamics implementation
Comp. Phys. Comm. 91 (1995) pp. 43-56
-------- -------- --- Thank You --- -------- --------


++++ PLEASE CITE THE DOI FOR THIS VERSION OF GROMACS ++++
https://doi.org/10.5281/zenodo.7586780
-------- -------- --- Thank You --- -------- --------

Input Parameters:
   integrator                     = steep
   tinit                          = 0
   dt                             = 0.001
   nsteps                         = 500
   init-step                      = 0
   simulation-part                = 1
   mts                            = false
   comm-mode                      = Linear
   nstcomm                        = 100
   bd-fric                        = 0
   ld-seed                        = -27293765
   emtol                          = 10
   emstep                         = 0.01
   niter                          = 20
   fcstep                         = 0
   nstcgsteep                     = 1000
   nbfgscorr                      = 10
   rtpi                           = 0.05
   nstxout                        = 0
   nstvout                        = 0
   nstfout                        = 0
   nstlog                         = 100
   nstcalcenergy                  = 100
   nstenergy                      = 1000
   nstxout-compressed             = 0
   compressed-x-precision         = 1000
   cutoff-scheme                  = Verlet
   nstlist                        = 20
   pbc                            = xyz
   periodic-molecules             = false
   verlet-buffer-tolerance        = 0.005
   rlist                          = 1.155
   coulombtype                    = Cut-off
   coulomb-modifier               = Potential-shift
   rcoulomb-switch                = 0
   rcoulomb                       = 1.1
   epsilon-r                      = 15
   epsilon-rf                     = inf
   vdw-type                       = Cut-off
   vdw-modifier                   = Potential-shift
   rvdw-switch                    = 0
   rvdw                           = 1.1
   DispCorr                       = No
   table-extension                = 1
   fourierspacing                 = 0.12
   fourier-nx                     = 0
   fourier-ny                     = 0
   fourier-nz                     = 0
   pme-order                      = 4
   ewald-rtol                     = 1e-05
   ewald-rtol-lj                  = 0.001
   lj-pme-comb-rule               = Geometric
   ewald-geometry                 = 3d
   epsilon-surface                = 0
   tcoupl                         = No
   nsttcouple                     = -1
   nh-chain-length                = 0
   print-nose-hoover-chain-variables = false
   pcoupl                         = No
   pcoupltype                     = Isotropic
   nstpcouple                     = -1
   tau-p                          = 1
   compressibility (3x3):
      compressibility[    0]={ 0.00000e+00,  0.00000e+00,  0.00000e+00}
      compressibility[    1]={ 0.00000e+00,  0.00000e+00,  0.00000e+00}
      compressibility[    2]={ 0.00000e+00,  0.00000e+00,  0.00000e+00}
   ref-p (3x3):
      ref-p[    0]={ 0.00000e+00,  0.00000e+00,  0.00000e+00}
      ref-p[    1]={ 0.00000e+00,  0.00000e+00,  0.00000e+00}
      ref-p[    2]={ 0.00000e+00,  0.00000e+00,  0.00000e+00}
   refcoord-scaling               = No
   posres-com (3):
      posres-com[0]= 0.00000e+00
      posres-com[1]= 0.00000e+00
      posres-com[2]= 0.00000e+00
   posres-comB (3):
      posres-comB[0]= 0.00000e+00
      posres-comB[1]= 0.00000e+00
      posres-comB[2]= 0.00000e+00
   QMMM                           = false
qm-opts:
   ngQM                           = 0
   constraint-algorithm           = Lincs
   continuation                   = false
   Shake-SOR                      = false
   shake-tol                      = 0.0001
   lincs-order                    = 4
   lincs-iter                     = 1
   lincs-warnangle                = 30
   nwall                          = 0
   wall-type                      = 9-3
   wall-r-linpot                  = -1
   wall-atomtype[0]               = -1
   wall-atomtype[1]               = -1
   wall-density[0]                = 0
   wall-density[1]                = 0
   wall-ewald-zfac                = 3
   pull                           = false
   awh                            = false
   rotation                       = false
   interactiveMD                  = false
   disre                          = No
   disre-weighting                = Conservative
   disre-mixed                    = false
   dr-fc                          = 1000
   dr-tau                         = 0
   nstdisreout                    = 100
   orire-fc                       = 0
   orire-tau                      = 0
   nstorireout                    = 100
   free-energy                    = yes
   init-lambda                    = 0.01
   init-lambda-state              = -1
   delta-lambda                   = 0
   nstdhdl                        = 0
   n-lambdas                      = 0
   calc-lambda-neighbors          = 1
   dhdl-print-energy              = no
   sc-alpha                       = 4
   sc-power                       = 2
   sc-r-power                     = 6
   sc-sigma                       = 0.3
   sc-sigma-min                   = 0.3
   sc-coul                        = true
   dh-hist-size                   = 0
   dh-hist-spacing                = 0.1
   separate-dhdl-file             = yes
   dhdl-derivatives               = yes
   sc-function                    = beutler
   sc-gapsys-scale-linpoint-lj    = 0.85
   sc-gapsys-scale-linpoint-q     = 0.3
   sc-gapsys-sigma-lj             = 0.3
   cos-acceleration               = 0
   deform (3x3):
      deform[    0]={ 0.00000e+00,  0.00000e+00,  0.00000e+00}
      deform[    1]={ 0.00000e+00,  0.00000e+00,  0.00000e+00}
      deform[    2]={ 0.00000e+00,  0.00000e+00,  0.00000e+00}
   simulated-tempering            = false
   swapcoords                     = no
   userint1                       = 0
   userint2                       = 0
   userint3                       = 0
   userint4                       = 0
   userreal1                      = 0
   userreal2                      = 0
   userreal3                      = 0
   userreal4                      = 0
   applied-forces:
     electric-field:
       x:
         E0                       = 0
         omega                    = 0
         t0                       = 0
         sigma                    = 0
       y:
         E0                       = 0
         omega                    = 0
         t0                       = 0
         sigma                    = 0
       z:
         E0                       = 0
         omega                    = 0
         t0                       = 0
         sigma                    = 0
     density-guided-simulation:
       active                     = false
       group                      = protein
       similarity-measure         = inner-product
       atom-spreading-weight      = unity
       force-constant             = 1e+09
       gaussian-transform-spreading-width = 0.2
       gaussian-transform-spreading-range-in-multiples-of-width = 4
       reference-density-filename = reference.mrc
       nst                        = 1
       normalize-densities        = true
       adaptive-force-scaling     = false
       adaptive-force-scaling-time-constant = 4
       shift-vector               = 
       transformation-matrix      = 
     qmmm-cp2k:
       active                     = false
       qmgroup                    = System
       qmmethod                   = PBE
       qmfilenames                = 
       qmcharge                   = 0
       qmmultiplicity             = 1
grpopts:
   nrdf:       64509
   ref-t:           0
   tau-t:           0
annealing:          No
annealing-npoints:           0
   acc:	           0           0           0
   nfreeze:           N           N           N
   energygrp-flags[  0]: 0

When checking whether update groups are usable:
  Domain decomposition is not active, so there is no need for update groups
  No constraints or virtual sites are in use, so it is best not to use update groups
Using 1 MPI thread
Using 16 OpenMP threads 


NOTE: The number of threads is not equal to the number of (logical) cpus
      and the -pin option is set to auto: will not pin threads to cpus.
      This can lead to significant performance degradation.
      Consider using -pin on (and -pinoffset in case you run multiple jobs).
System total charge, top. A: 0.000 top. B: 0.000
Potential shift: LJ r^-12: -3.186e-01 r^-6: -5.645e-01, Coulomb -9e-01


Using SIMD 4x8 nonbonded short-range kernels

Using a 4x8 pair-list setup:
  updated every 20 steps, buffer 0.055 nm, rlist 1.155 nm

Using full Lennard-Jones parameter combination matrix
There are 48 atoms and 3584 charges for free energy perturbation
Removing pbc first time

Note that activating steepest-descent energy minimization via the integrator .mdp option and the command gmx mdrun may be available in a different form in a future version of GROMACS, e.g. gmx minimize and an .mdp option.
Initiating Steepest Descents
Initial vector of lambda components:[     0.0100     0.0100     0.0100     0.0100     0.0100     0.0100     0.0100 ]
Started Steepest Descents on rank 0 Thu Feb  1 13:47:06 2024


Steepest Descents:
   Tolerance (Fmax)   =  1.00000e+01
   Number of steps    =          500
           Step           Time
              0        0.00000

   Energies (kJ/mol)
           Bond       G96Angle        LJ (SR)   Coulomb (SR)      Potential
    2.29779e+06    1.32603e+04    3.43037e+10    3.28550e+03    3.43060e+10
 Pressure (bar)    dVremain/dl
    3.94745e+07    0.00000e+00

           Step           Time
              1        1.00000

   Energies (kJ/mol)
           Bond       G96Angle        LJ (SR)   Coulomb (SR)      Potential
    2.29776e+06    1.32606e+04    3.22707e+10    3.28408e+03    3.22730e+10
 Pressure (bar)    dVremain/dl
    3.75497e+07    0.00000e+00

           Step           Time
              2        2.00000

   Energies (kJ/mol)
           Bond       G96Angle        LJ (SR)   Coulomb (SR)      Potential
    2.29765e+06    1.32609e+04    3.03537e+10    3.28236e+03    3.03560e+10
 Pressure (bar)    dVremain/dl
    3.53153e+07    0.00000e+00

           Step           Time
              3        3.00000

   Energies (kJ/mol)
           Bond       G96Angle        LJ (SR)   Coulomb (SR)      Potential
    2.29746e+06    1.32614e+04    2.86580e+10    3.28025e+03    2.86603e+10
 Pressure (bar)    dVremain/dl
    3.33272e+07    0.00000e+00

           Step           Time
              4        4.00000

   Energies (kJ/mol)
           Bond       G96Angle        LJ (SR)   Coulomb (SR)      Potential
    2.29723e+06    1.32621e+04    2.72048e+10    3.27777e+03    2.72071e+10
 Pressure (bar)    dVremain/dl
    3.21402e+07    0.00000e+00

           Step           Time
              5        5.00000

   Energies (kJ/mol)
           Bond       G96Angle        LJ (SR)   Coulomb (SR)      Potential
    2.29694e+06    1.32633e+04    2.57860e+10    3.27472e+03    2.57883e+10
 Pressure (bar)    dVremain/dl
    3.05780e+07    0.00000e+00

           Step           Time
              6        6.00000

   Energies (kJ/mol)
           Bond       G96Angle        LJ (SR)   Coulomb (SR)      Potential
    2.29660e+06    1.32651e+04    2.41790e+10    3.27066e+03    2.41813e+10
 Pressure (bar)    dVremain/dl
    2.97870e+07    0.00000e+00

           Step           Time
              7        7.00000

   Energies (kJ/mol)
           Bond       G96Angle        LJ (SR)   Coulomb (SR)      Potential
    2.29624e+06    1.32676e+04    2.28948e+10    3.26657e+03    2.28971e+10
 Pressure (bar)    dVremain/dl
    2.74769e+07    0.00000e+00

           Step           Time
              8        8.00000

   Energies (kJ/mol)
           Bond       G96Angle        LJ (SR)   Coulomb (SR)      Potential
    2.29583e+06    1.32710e+04    2.19206e+10    3.26129e+03    2.19229e+10
 Pressure (bar)    dVremain/dl
    2.49395e+07    0.00000e+00

           Step           Time
              9        9.00000

   Energies (kJ/mol)
           Bond       G96Angle        LJ (SR)   Coulomb (SR)      Potential
    2.29524e+06    1.32780e+04    2.13114e+10    3.25055e+03    2.13137e+10
 Pressure (bar)    dVremain/dl
    2.29131e+07    0.00000e+00

           Step           Time
             10       10.00000

   Energies (kJ/mol)
           Bond       G96Angle        LJ (SR)   Coulomb (SR)      Potential
    2.29497e+06    1.32821e+04    1.99818e+10    3.24390e+03    1.99842e+10
 Pressure (bar)    dVremain/dl
    2.00165e+07    0.00000e+00

           Step           Time
             11       11.00000

   Energies (kJ/mol)
           Bond       G96Angle        LJ (SR)   Coulomb (SR)      Potential
    2.29502e+06    1.32834e+04    1.91736e+10    3.23594e+03    1.91759e+10
 Pressure (bar)    dVremain/dl
    1.82364e+07    0.00000e+00

           Step           Time
             12       12.00000

   Energies (kJ/mol)
           Bond       G96Angle        LJ (SR)   Coulomb (SR)      Potential
    2.29500e+06    1.32863e+04    1.89085e+10    3.22160e+03    1.89108e+10
 Pressure (bar)    dVremain/dl
    1.67386e+07    0.00000e+00

           Step           Time
             13       13.00000

   Energies (kJ/mol)
           Bond       G96Angle        LJ (SR)   Coulomb (SR)      Potential
    2.29554e+06    1.32976e+04    1.80446e+10    3.20889e+03    1.80469e+10
 Pressure (bar)    dVremain/dl
    1.53555e+07    0.00000e+00

           Step           Time
             14       14.00000

           Step           Time
             15       15.00000

   Energies (kJ/mol)
           Bond       G96Angle        LJ (SR)   Coulomb (SR)      Potential
    2.29577e+06    1.32949e+04    1.76731e+10    3.20059e+03    1.76755e+10
 Pressure (bar)    dVremain/dl
    1.44864e+07    0.00000e+00

           Step           Time
             16       16.00000

   Energies (kJ/mol)
           Bond       G96Angle        LJ (SR)   Coulomb (SR)      Potential
    2.29591e+06    1.32962e+04    1.74685e+10    3.19100e+03    1.74708e+10
 Pressure (bar)    dVremain/dl
    1.33622e+07    0.00000e+00

           Step           Time
             17       17.00000

   Energies (kJ/mol)
           Bond       G96Angle        LJ (SR)   Coulomb (SR)      Potential
    2.29615e+06    1.32970e+04    1.72025e+10    3.18156e+03    1.72048e+10
 Pressure (bar)    dVremain/dl
    1.22706e+07    0.00000e+00

           Step           Time
             18       18.00000

   Energies (kJ/mol)
           Bond       G96Angle        LJ (SR)   Coulomb (SR)      Potential
    2.29676e+06    1.32714e+04    1.63238e+10    3.14102e+03    1.63261e+10
 Pressure (bar)    dVremain/dl
    1.02078e+07    0.00000e+00

           Step           Time
             19       19.00000

   Energies (kJ/mol)
           Bond       G96Angle        LJ (SR)   Coulomb (SR)      Potential
    2.29826e+06    1.32636e+04    1.52196e+10    3.12564e+03    1.52219e+10
 Pressure (bar)    dVremain/dl
    1.11270e+07    0.00000e+00

           Step           Time
             20       20.00000

   Energies (kJ/mol)
           Bond       G96Angle        LJ (SR)   Coulomb (SR)      Potential
    2.30082e+06    1.34720e+04    1.40866e+10    3.11444e+03    1.40889e+10
 Pressure (bar)    dVremain/dl
    8.88663e+06    0.00000e+00

           Step           Time
             21       21.00000

   Energies (kJ/mol)
           Bond       G96Angle        LJ (SR)   Coulomb (SR)      Potential
    2.30102e+06    1.33538e+04    1.37522e+10    3.05990e+03    1.37545e+10
 Pressure (bar)    dVremain/dl
    6.78503e+06    0.00000e+00

           Step           Time
             22       22.00000

   Energies (kJ/mol)
           Bond       G96Angle        LJ (SR)   Coulomb (SR)      Potential
    2.30572e+06    1.33233e+04    1.21078e+10    2.94479e+03    1.21101e+10
 Pressure (bar)    dVremain/dl
    7.60572e+06    0.00000e+00

           Step           Time
             23       23.00000

   Energies (kJ/mol)
           Bond       G96Angle        LJ (SR)   Coulomb (SR)      Potential
    2.32027e+06    1.43827e+04    6.28425e+09    2.93434e+03    6.28659e+09
 Pressure (bar)    dVremain/dl
    1.20996e+07    0.00000e+00

           Step           Time
             24       24.00000

           Step           Time
             25       25.00000

   Energies (kJ/mol)
           Bond       G96Angle        LJ (SR)   Coulomb (SR)      Potential
    2.34995e+06    1.45644e+04    1.52834e+09    2.92829e+03    1.53071e+09
 Pressure (bar)    dVremain/dl
    5.60380e+06    0.00000e+00

           Step           Time
             26       26.00000

   Energies (kJ/mol)
           Bond       G96Angle        LJ (SR)   Coulomb (SR)      Potential
    2.35504e+06    1.40835e+04    5.65542e+08    2.92007e+03    5.67914e+08
 Pressure (bar)    dVremain/dl
    4.11744e+06    0.00000e+00

           Step           Time
             27       27.00000

   Energies (kJ/mol)
           Bond       G96Angle        LJ (SR)   Coulomb (SR)      Potential
    2.34992e+06    1.48589e+04    4.50373e+08    2.55218e+03    4.52741e+08
 Pressure (bar)    dVremain/dl
    2.03522e+06    0.00000e+00

           Step           Time
             28       28.00000

           Step           Time
             29       29.00000

           Step           Time
             30       30.00000

   Energies (kJ/mol)
           Bond       G96Angle        LJ (SR)   Coulomb (SR)      Potential
    2.35007e+06    1.48490e+04    3.79916e+08    2.55141e+03    3.82284e+08
 Pressure (bar)    dVremain/dl
    2.19739e+06    0.00000e+00

           Step           Time
             31       31.00000

   Energies (kJ/mol)
           Bond       G96Angle        LJ (SR)   Coulomb (SR)      Potential
    2.35037e+06    1.48307e+04    3.05304e+08    2.54988e+03    3.07672e+08
 Pressure (bar)    dVremain/dl
    1.81576e+06    0.00000e+00

           Step           Time
             32       32.00000

   Energies (kJ/mol)
           Bond       G96Angle        LJ (SR)   Coulomb (SR)      Potential
    2.35136e+06    1.48145e+04    1.74065e+08    2.54836e+03    1.76434e+08
 Pressure (bar)    dVremain/dl
    1.29892e+06    0.00000e+00

           Step           Time
             33       33.00000

   Energies (kJ/mol)
           Bond       G96Angle        LJ (SR)   Coulomb (SR)      Potential
    2.35191e+06    1.31239e+04    1.17967e+08    2.42201e+03    1.20335e+08
 Pressure (bar)    dVremain/dl
    8.90000e+05    0.00000e+00

           Step           Time
             34       34.00000

   Energies (kJ/mol)
           Bond       G96Angle        LJ (SR)   Coulomb (SR)      Potential
    2.35566e+06    1.30356e+04    8.09902e+07    2.27921e+03    8.33612e+07
 Pressure (bar)    dVremain/dl
    6.17211e+05    0.00000e+00

           Step           Time
             35       35.00000

   Energies (kJ/mol)
           Bond       G96Angle        LJ (SR)   Coulomb (SR)      Potential
    2.35685e+06    1.29699e+04    7.40893e+07    2.23506e+03    7.64613e+07
 Pressure (bar)    dVremain/dl
    5.65279e+05    0.00000e+00

           Step           Time
             36       36.00000

   Energies (kJ/mol)
           Bond       G96Angle        LJ (SR)   Coulomb (SR)      Potential
    2.35711e+06    1.28829e+04    6.58001e+07    2.21182e+03    6.81723e+07
 Pressure (bar)    dVremain/dl
    5.05818e+05    0.00000e+00

           Step           Time
             37       37.00000

   Energies (kJ/mol)
           Bond       G96Angle        LJ (SR)   Coulomb (SR)      Potential
    2.36696e+06    1.25647e+04    3.48333e+07    1.69020e+03    3.72145e+07
 Pressure (bar)    dVremain/dl
    2.49835e+05    0.00000e+00

           Step           Time
             38       38.00000

   Energies (kJ/mol)
           Bond       G96Angle        LJ (SR)   Coulomb (SR)      Potential
    2.36586e+06    1.27855e+04    3.04498e+07    1.68947e+03    3.28302e+07
 Pressure (bar)    dVremain/dl
    2.21438e+05    0.00000e+00

           Step           Time
             39       39.00000

   Energies (kJ/mol)
           Bond       G96Angle        LJ (SR)   Coulomb (SR)      Potential
    2.36562e+06    1.25734e+04    1.90285e+07    1.68895e+03    2.14084e+07
 Pressure (bar)    dVremain/dl
    1.56554e+05    0.00000e+00

           Step           Time
             40       40.00000

   Energies (kJ/mol)
           Bond       G96Angle        LJ (SR)   Coulomb (SR)      Potential
    2.36508e+06    1.26675e+04    1.86051e+07    1.64758e+03    2.09845e+07
 Pressure (bar)    dVremain/dl
    1.51764e+05    0.00000e+00

           Step           Time
             41       41.00000

           Step           Time
             42       42.00000

           Step           Time
             43       43.00000

   Energies (kJ/mol)
           Bond       G96Angle        LJ (SR)   Coulomb (SR)      Potential
    2.36555e+06    1.25887e+04    1.59870e+07    1.64603e+03    1.83668e+07
 Pressure (bar)    dVremain/dl
    1.33768e+05    0.00000e+00

           Step           Time
             44       44.00000

   Energies (kJ/mol)
           Bond       G96Angle        LJ (SR)   Coulomb (SR)      Potential
    2.36469e+06    1.24624e+04    1.39328e+07    1.60402e+03    1.63115e+07
 Pressure (bar)    dVremain/dl
    1.18188e+05    0.00000e+00

           Step           Time
             45       45.00000

   Energies (kJ/mol)
           Bond       G96Angle        LJ (SR)   Coulomb (SR)      Potential
    2.36384e+06    1.24141e+04    1.28040e+07    1.57768e+03    1.51818e+07
 Pressure (bar)    dVremain/dl
    1.09605e+05    0.00000e+00

           Step           Time
             46       46.00000

   Energies (kJ/mol)
           Bond       G96Angle        LJ (SR)   Coulomb (SR)      Potential
    2.35886e+06    1.23182e+04    9.17350e+06    1.46233e+03    1.15461e+07
 Pressure (bar)    dVremain/dl
    8.17819e+04    0.00000e+00

           Step           Time
             47       47.00000

           Step           Time
             48       48.00000

   Energies (kJ/mol)
           Bond       G96Angle        LJ (SR)   Coulomb (SR)      Potential
    2.35366e+06    1.23549e+04    7.86335e+06    1.41215e+03    1.02308e+07
 Pressure (bar)    dVremain/dl
    7.16522e+04    0.00000e+00

           Step           Time
             49       49.00000

   Energies (kJ/mol)
           Bond       G96Angle        LJ (SR)   Coulomb (SR)      Potential
    2.34824e+06    1.23770e+04    7.09484e+06    1.37727e+03    9.45684e+06
 Pressure (bar)    dVremain/dl
    6.56482e+04    0.00000e+00

           Step           Time
             50       50.00000

   Energies (kJ/mol)
           Bond       G96Angle        LJ (SR)   Coulomb (SR)      Potential
    2.34664e+06    1.24046e+04    6.83977e+06    1.37002e+03    9.20018e+06
 Pressure (bar)    dVremain/dl
    6.37000e+04    0.00000e+00

           Step           Time
             51       51.00000

   Energies (kJ/mol)
           Bond       G96Angle        LJ (SR)   Coulomb (SR)      Potential
    2.34409e+06    1.24126e+04    6.50809e+06    1.35702e+03    8.86595e+06
 Pressure (bar)    dVremain/dl
    6.11354e+04    0.00000e+00

           Step           Time
             52       52.00000

   Energies (kJ/mol)
           Bond       G96Angle        LJ (SR)   Coulomb (SR)      Potential
    2.27174e+06    1.39883e+04    3.30896e+06    1.08688e+03    5.59577e+06
 Pressure (bar)    dVremain/dl
    3.55520e+04    0.00000e+00

           Step           Time
             53       53.00000

           Step           Time
             54       54.00000

           Step           Time
             55       55.00000

   Energies (kJ/mol)
           Bond       G96Angle        LJ (SR)   Coulomb (SR)      Potential
    2.27124e+06    1.39798e+04    3.12485e+06    1.08767e+03    5.41116e+06
 Pressure (bar)    dVremain/dl
    3.41916e+04    0.00000e+00

           Step           Time
             56       56.00000

   Energies (kJ/mol)
           Bond       G96Angle        LJ (SR)   Coulomb (SR)      Potential
    2.26881e+06    1.39572e+04    2.98564e+06    1.09087e+03    5.26951e+06
 Pressure (bar)    dVremain/dl
    3.31142e+04    0.00000e+00

           Step           Time
             57       57.00000

   Energies (kJ/mol)
           Bond       G96Angle        LJ (SR)   Coulomb (SR)      Potential
    2.26536e+06    1.39414e+04    2.88091e+06    1.09513e+03    5.16130e+06
 Pressure (bar)    dVremain/dl
    3.22878e+04    0.00000e+00

           Step           Time
             58       58.00000

   Energies (kJ/mol)
           Bond       G96Angle        LJ (SR)   Coulomb (SR)      Potential
    2.26033e+06    1.39395e+04    2.78622e+06    1.10118e+03    5.06159e+06
 Pressure (bar)    dVremain/dl
    3.15210e+04    0.00000e+00

           Step           Time
             59       59.00000

   Energies (kJ/mol)
           Bond       G96Angle        LJ (SR)   Coulomb (SR)      Potential
    2.25732e+06    1.39453e+04    2.71762e+06    1.10481e+03    4.98999e+06
 Pressure (bar)    dVremain/dl
    3.09792e+04    0.00000e+00

           Step           Time
             60       60.00000

   Energies (kJ/mol)
           Bond       G96Angle        LJ (SR)   Coulomb (SR)      Potential
    2.25349e+06    1.39563e+04    2.64523e+06    1.10933e+03    4.91378e+06
 Pressure (bar)    dVremain/dl
    3.04038e+04    0.00000e+00

           Step           Time
             61       61.00000

   Energies (kJ/mol)
           Bond       G96Angle        LJ (SR)   Coulomb (SR)      Potential
    2.24099e+06    1.40125e+04    2.46033e+06    1.12440e+03    4.71646e+06
 Pressure (bar)    dVremain/dl
    2.89070e+04    0.00000e+00

           Step           Time
             62       62.00000

   Energies (kJ/mol)
           Bond       G96Angle        LJ (SR)   Coulomb (SR)      Potential
    2.17624e+06    1.45784e+04    1.95137e+06    1.20074e+03    4.14339e+06
 Pressure (bar)    dVremain/dl
    2.45699e+04    0.00000e+00

           Step           Time
             63       63.00000

           Step           Time
             64       64.00000

   Energies (kJ/mol)
           Bond       G96Angle        LJ (SR)   Coulomb (SR)      Potential
    2.17548e+06    1.46391e+04    1.83503e+06    1.20159e+03    4.02635e+06
 Pressure (bar)    dVremain/dl
    2.37208e+04    0.00000e+00

           Step           Time
             65       65.00000

           Step           Time
             66       66.00000

   Energies (kJ/mol)
           Bond       G96Angle        LJ (SR)   Coulomb (SR)      Potential
    2.17363e+06    1.46397e+04    1.82048e+06    1.20394e+03    4.00995e+06
 Pressure (bar)    dVremain/dl
    2.35996e+04    0.00000e+00

           Step           Time
             67       67.00000

   Energies (kJ/mol)
           Bond       G96Angle        LJ (SR)   Coulomb (SR)      Potential
    2.17147e+06    1.46285e+04    1.78868e+06    1.20653e+03    3.97599e+06
 Pressure (bar)    dVremain/dl
    2.33510e+04    0.00000e+00

           Step           Time
             68       68.00000

   Energies (kJ/mol)
           Bond       G96Angle        LJ (SR)   Coulomb (SR)      Potential
    2.13107e+06    1.50483e+04    1.53567e+06    1.25843e+03    3.68305e+06
 Pressure (bar)    dVremain/dl
    2.12111e+04    0.00000e+00

           Step           Time
             69       69.00000

   Energies (kJ/mol)
           Bond       G96Angle        LJ (SR)   Coulomb (SR)      Potential
    2.11309e+06    1.52266e+04    1.43904e+06    1.28185e+03    3.56865e+06
 Pressure (bar)    dVremain/dl
    2.03880e+04    0.00000e+00

           Step           Time
             70       70.00000

   Energies (kJ/mol)
           Bond       G96Angle        LJ (SR)   Coulomb (SR)      Potential
    2.10043e+06    1.53741e+04    1.38069e+06    1.29813e+03    3.49779e+06
 Pressure (bar)    dVremain/dl
    1.98855e+04    0.00000e+00

           Step           Time
             71       71.00000

   Energies (kJ/mol)
           Bond       G96Angle        LJ (SR)   Coulomb (SR)      Potential
    2.08796e+06    1.54911e+04    1.30868e+06    1.31501e+03    3.41345e+06
 Pressure (bar)    dVremain/dl
    1.92790e+04    0.00000e+00

           Step           Time
             72       72.00000

   Energies (kJ/mol)
           Bond       G96Angle        LJ (SR)   Coulomb (SR)      Potential
    1.74493e+06    2.13329e+04    6.98913e+05    1.65434e+03    2.46683e+06
 Pressure (bar)    dVremain/dl
    1.32612e+04    0.00000e+00

           Step           Time
             73       73.00000

           Step           Time
             74       74.00000

   Energies (kJ/mol)
           Bond       G96Angle        LJ (SR)   Coulomb (SR)      Potential
    1.74513e+06    2.13243e+04    4.55894e+05    1.65417e+03    2.22400e+06
 Pressure (bar)    dVremain/dl
    1.14721e+04    0.00000e+00

           Step           Time
             75       75.00000

   Energies (kJ/mol)
           Bond       G96Angle        LJ (SR)   Coulomb (SR)      Potential
    1.74052e+06    2.13816e+04    3.75219e+05    1.65228e+03    2.13877e+06
 Pressure (bar)    dVremain/dl
    1.08415e+04    0.00000e+00

           Step           Time
             76       76.00000

   Energies (kJ/mol)
           Bond       G96Angle        LJ (SR)   Coulomb (SR)      Potential
    1.71886e+06    2.17035e+04    3.25367e+05    1.64476e+03    2.06758e+06
 Pressure (bar)    dVremain/dl
    1.03950e+04    0.00000e+00

           Step           Time
             77       77.00000

           Step           Time
             78       78.00000

   Energies (kJ/mol)
           Bond       G96Angle        LJ (SR)   Coulomb (SR)      Potential
    1.71579e+06    2.17533e+04    3.12659e+05    1.64375e+03    2.05184e+06
 Pressure (bar)    dVremain/dl
    1.02912e+04    0.00000e+00

           Step           Time
             79       79.00000

   Energies (kJ/mol)
           Bond       G96Angle        LJ (SR)   Coulomb (SR)      Potential
    1.71098e+06    2.18332e+04    3.02513e+05    1.64215e+03    2.03697e+06
 Pressure (bar)    dVremain/dl
    1.02025e+04    0.00000e+00

           Step           Time
             80       80.00000

           Step           Time
             81       81.00000

   Energies (kJ/mol)
           Bond       G96Angle        LJ (SR)   Coulomb (SR)      Potential
    1.70720e+06    2.18963e+04    2.93428e+05    1.64085e+03    2.02416e+06
 Pressure (bar)    dVremain/dl
    1.01248e+04    0.00000e+00

           Step           Time
             82       82.00000

   Energies (kJ/mol)
           Bond       G96Angle        LJ (SR)   Coulomb (SR)      Potential
    1.69403e+06    2.21242e+04    2.71912e+05    1.63599e+03    1.98970e+06
 Pressure (bar)    dVremain/dl
    9.92946e+03    0.00000e+00

           Step           Time
             83       83.00000

   Energies (kJ/mol)
           Bond       G96Angle        LJ (SR)   Coulomb (SR)      Potential
    1.63733e+06    2.32169e+04    2.11105e+05    1.60898e+03    1.87326e+06
 Pressure (bar)    dVremain/dl
    9.33639e+03    0.00000e+00

           Step           Time
             84       84.00000

   Energies (kJ/mol)
           Bond       G96Angle        LJ (SR)   Coulomb (SR)      Potential
    1.63183e+06    2.33314e+04    1.99051e+05    1.60534e+03    1.85581e+06
 Pressure (bar)    dVremain/dl
    9.23340e+03    0.00000e+00

           Step           Time
             85       85.00000

   Energies (kJ/mol)
           Bond       G96Angle        LJ (SR)   Coulomb (SR)      Potential
    1.61969e+06    2.36059e+04    1.83944e+05    1.59682e+03    1.82883e+06
 Pressure (bar)    dVremain/dl
    9.09301e+03    0.00000e+00

           Step           Time
             86       86.00000

   Energies (kJ/mol)
           Bond       G96Angle        LJ (SR)   Coulomb (SR)      Potential
    1.53422e+06    2.56523e+04    1.86008e+05    1.52253e+03    1.74740e+06
 Pressure (bar)    dVremain/dl
    8.90994e+03    0.00000e+00

           Step           Time
             87       87.00000

   Energies (kJ/mol)
           Bond       G96Angle        LJ (SR)   Coulomb (SR)      Potential
    1.53267e+06    2.56819e+04    1.21643e+05    1.52085e+03    1.68152e+06
 Pressure (bar)    dVremain/dl
    8.43812e+03    0.00000e+00

           Step           Time
             88       88.00000

           Step           Time
             89       89.00000

   Energies (kJ/mol)
           Bond       G96Angle        LJ (SR)   Coulomb (SR)      Potential
    1.52674e+06    2.58369e+04    1.05731e+05    1.51325e+03    1.65982e+06
 Pressure (bar)    dVremain/dl
    8.30621e+03    0.00000e+00

           Step           Time
             90       90.00000

   Energies (kJ/mol)
           Bond       G96Angle        LJ (SR)   Coulomb (SR)      Potential
    1.51046e+06    2.62966e+04    9.51763e+04    1.49241e+03    1.63342e+06
 Pressure (bar)    dVremain/dl
    8.19381e+03    0.00000e+00

           Step           Time
             91       91.00000

   Energies (kJ/mol)
           Bond       G96Angle        LJ (SR)   Coulomb (SR)      Potential
    1.49864e+06    2.66248e+04    1.02403e+05    1.47666e+03    1.62914e+06
 Pressure (bar)    dVremain/dl
    8.22075e+03    0.00000e+00

           Step           Time
             92       92.00000

   Energies (kJ/mol)
           Bond       G96Angle        LJ (SR)   Coulomb (SR)      Potential
    1.49630e+06    2.66971e+04    8.34925e+04    1.47345e+03    1.60797e+06
 Pressure (bar)    dVremain/dl
    8.07699e+03    0.00000e+00

           Step           Time
             93       93.00000

           Step           Time
             94       94.00000

   Energies (kJ/mol)
           Bond       G96Angle        LJ (SR)   Coulomb (SR)      Potential
    1.48583e+06    2.69885e+04    8.60246e+04    1.45843e+03    1.60030e+06
 Pressure (bar)    dVremain/dl
    8.07292e+03    0.00000e+00

           Step           Time
             95       95.00000

   Energies (kJ/mol)
           Bond       G96Angle        LJ (SR)   Coulomb (SR)      Potential
    1.48357e+06    2.70498e+04    8.31519e+04    1.45511e+03    1.59523e+06
 Pressure (bar)    dVremain/dl
    8.04711e+03    0.00000e+00

           Step           Time
             96       96.00000

   Energies (kJ/mol)
           Bond       G96Angle        LJ (SR)   Coulomb (SR)      Potential
    1.48029e+06    2.71566e+04    8.38812e+04    1.45031e+03    1.59278e+06
 Pressure (bar)    dVremain/dl
    8.04674e+03    0.00000e+00

           Step           Time
             97       97.00000

   Energies (kJ/mol)
           Bond       G96Angle        LJ (SR)   Coulomb (SR)      Potential
    1.47651e+06    2.72798e+04    6.71206e+04    1.44460e+03    1.57236e+06
 Pressure (bar)    dVremain/dl
    7.91500e+03    0.00000e+00

           Step           Time
             98       98.00000

           Step           Time
             99       99.00000

   Energies (kJ/mol)
           Bond       G96Angle        LJ (SR)   Coulomb (SR)      Potential
    1.45801e+06    2.77980e+04    5.72670e+04    1.41588e+03    1.54449e+06
 Pressure (bar)    dVremain/dl
    7.80297e+03    0.00000e+00

           Step           Time
            100      100.00000

   Energies (kJ/mol)
           Bond       G96Angle        LJ (SR)   Coulomb (SR)      Potential
    1.45132e+06    2.80205e+04    5.50292e+04    1.40529e+03    1.53577e+06
 Pressure (bar)    dVremain/dl
    7.77372e+03    0.00000e+00

           Step           Time
            101      101.00000

           Step           Time
            102      102.00000

   Energies (kJ/mol)
           Bond       G96Angle        LJ (SR)   Coulomb (SR)      Potential
    1.44246e+06    2.82599e+04    4.22751e+04    1.39056e+03    1.51438e+06
 Pressure (bar)    dVremain/dl
    7.65927e+03    0.00000e+00

           Step           Time
            103      103.00000

   Energies (kJ/mol)
           Bond       G96Angle        LJ (SR)   Coulomb (SR)      Potential
    1.42746e+06    2.87141e+04    3.21747e+04    1.36530e+03    1.48972e+06
 Pressure (bar)    dVremain/dl
    7.55356e+03    0.00000e+00

           Step           Time
            104      104.00000

   Energies (kJ/mol)
           Bond       G96Angle        LJ (SR)   Coulomb (SR)      Potential
    1.41363e+06    2.91468e+04    2.06287e+04    1.34092e+03    1.46474e+06
 Pressure (bar)    dVremain/dl
    7.43903e+03    0.00000e+00

           Step           Time
            105      105.00000

   Energies (kJ/mol)
           Bond       G96Angle        LJ (SR)   Coulomb (SR)      Potential
    1.11808e+06    4.09637e+04   -7.61221e+04    6.14710e+02    1.08354e+06
 Pressure (bar)    dVremain/dl
    6.14617e+03    0.00000e+00

           Step           Time
            106      106.00000

   Energies (kJ/mol)
           Bond       G96Angle        LJ (SR)   Coulomb (SR)      Potential
    1.11634e+06    4.10293e+04   -9.15407e+04    6.07950e+02    1.06644e+06
 Pressure (bar)    dVremain/dl
    6.02622e+03    0.00000e+00

           Step           Time
            107      107.00000

           Step           Time
            108      108.00000

   Energies (kJ/mol)
           Bond       G96Angle        LJ (SR)   Coulomb (SR)      Potential
    1.10372e+06    4.15406e+04   -1.09333e+05    5.58547e+02    1.03649e+06
 Pressure (bar)    dVremain/dl
    5.85530e+03    0.00000e+00

           Step           Time
            109      109.00000

   Energies (kJ/mol)
           Bond       G96Angle        LJ (SR)   Coulomb (SR)      Potential
    1.08993e+06    4.21842e+04   -1.02476e+05    5.11124e+02    1.03015e+06
 Pressure (bar)    dVremain/dl
    5.87387e+03    0.00000e+00

           Step           Time
            110      110.00000

           Step           Time
            111      111.00000

   Energies (kJ/mol)
           Bond       G96Angle        LJ (SR)   Coulomb (SR)      Potential
    1.08937e+06    4.22029e+04   -1.17278e+05    5.09186e+02    1.01481e+06
 Pressure (bar)    dVremain/dl
    5.76360e+03    0.00000e+00

           Step           Time
            112      112.00000

   Energies (kJ/mol)
           Bond       G96Angle        LJ (SR)   Coulomb (SR)      Potential
    1.07856e+06    4.27095e+04   -1.22710e+05    4.72653e+02    9.99029e+05
 Pressure (bar)    dVremain/dl
    5.69986e+03    0.00000e+00

           Step           Time
            113      113.00000

   Energies (kJ/mol)
           Bond       G96Angle        LJ (SR)   Coulomb (SR)      Potential
    1.06362e+06    4.34268e+04   -1.20369e+05    4.23411e+02    9.87099e+05
 Pressure (bar)    dVremain/dl
    5.68600e+03    0.00000e+00

           Step           Time
            114      114.00000

   Energies (kJ/mol)
           Bond       G96Angle        LJ (SR)   Coulomb (SR)      Potential
    1.06195e+06    4.34985e+04   -1.28647e+05    4.18276e+02    9.77218e+05
 Pressure (bar)    dVremain/dl
    5.62168e+03    0.00000e+00

           Step           Time
            115      115.00000

   Energies (kJ/mol)
           Bond       G96Angle        LJ (SR)   Coulomb (SR)      Potential
    1.04765e+06    4.42148e+04   -1.35434e+05    3.71827e+02    9.56807e+05
 Pressure (bar)    dVremain/dl
    5.54221e+03    0.00000e+00

           Step           Time
            116      116.00000

   Energies (kJ/mol)
           Bond       G96Angle        LJ (SR)   Coulomb (SR)      Potential
    1.02310e+06    4.54560e+04   -1.24139e+05    2.93796e+02    9.44711e+05
 Pressure (bar)    dVremain/dl
    5.57821e+03    0.00000e+00

           Step           Time
            117      117.00000

           Step           Time
            118      118.00000

   Energies (kJ/mol)
           Bond       G96Angle        LJ (SR)   Coulomb (SR)      Potential
    1.02227e+06    4.55055e+04   -1.34659e+05    2.90939e+02    9.33407e+05
 Pressure (bar)    dVremain/dl
    5.49911e+03    0.00000e+00

           Step           Time
            119      119.00000

   Energies (kJ/mol)
           Bond       G96Angle        LJ (SR)   Coulomb (SR)      Potential
    1.02014e+06    4.56195e+04   -1.42761e+05    2.84220e+02    9.23279e+05
 Pressure (bar)    dVremain/dl
    5.43420e+03    0.00000e+00

           Step           Time
            120      120.00000

   Energies (kJ/mol)
           Bond       G96Angle        LJ (SR)   Coulomb (SR)      Potential
    1.01004e+06    4.61543e+04   -1.42681e+05    2.52047e+02    9.13762e+05
 Pressure (bar)    dVremain/dl
    5.41482e+03    0.00000e+00

           Step           Time
            121      121.00000

           Step           Time
            122      122.00000

   Energies (kJ/mol)
           Bond       G96Angle        LJ (SR)   Coulomb (SR)      Potential
    1.00716e+06    4.63077e+04   -1.48514e+05    2.43358e+02    9.05193e+05
 Pressure (bar)    dVremain/dl
    5.36558e+03    0.00000e+00

           Step           Time
            123      123.00000

   Energies (kJ/mol)
           Bond       G96Angle        LJ (SR)   Coulomb (SR)      Potential
    9.83938e+05    4.75201e+04   -1.56530e+05    1.66183e+02    8.75094e+05
 Pressure (bar)    dVremain/dl
    5.26085e+03    0.00000e+00

           Step           Time
            124      124.00000

   Energies (kJ/mol)
           Bond       G96Angle        LJ (SR)   Coulomb (SR)      Potential
    8.54574e+05    5.50955e+04   -1.60559e+05   -2.31387e+02    7.48878e+05
 Pressure (bar)    dVremain/dl
    4.99059e+03    0.00000e+00

           Step           Time
            125      125.00000

   Energies (kJ/mol)
           Bond       G96Angle        LJ (SR)   Coulomb (SR)      Potential
    8.53751e+05    5.51446e+04   -1.78149e+05   -2.33290e+02    7.30513e+05
 Pressure (bar)    dVremain/dl
    4.86001e+03    0.00000e+00

           Step           Time
            126      126.00000

           Step           Time
            127      127.00000

   Energies (kJ/mol)
           Bond       G96Angle        LJ (SR)   Coulomb (SR)      Potential
    8.48683e+05    5.54312e+04   -1.82988e+05   -2.46825e+02    7.20880e+05
 Pressure (bar)    dVremain/dl
    4.81293e+03    0.00000e+00

           Step           Time
            128      128.00000

   Energies (kJ/mol)
           Bond       G96Angle        LJ (SR)   Coulomb (SR)      Potential
    8.37937e+05    5.60165e+04   -1.85887e+05   -2.74524e+02    7.07793e+05
 Pressure (bar)    dVremain/dl
    4.77035e+03    0.00000e+00

           Step           Time
            129      129.00000

   Energies (kJ/mol)
           Bond       G96Angle        LJ (SR)   Coulomb (SR)      Potential
    8.25965e+05    5.66915e+04   -1.89047e+05   -3.05605e+02    6.93304e+05
 Pressure (bar)    dVremain/dl
    4.72346e+03    0.00000e+00

           Step           Time
            130      130.00000

   Energies (kJ/mol)
           Bond       G96Angle        LJ (SR)   Coulomb (SR)      Potential
    8.02331e+05    5.80878e+04   -1.91646e+05   -3.65924e+02    6.68407e+05
 Pressure (bar)    dVremain/dl
    4.65883e+03    0.00000e+00

           Step           Time
            131      131.00000

   Energies (kJ/mol)
           Bond       G96Angle        LJ (SR)   Coulomb (SR)      Potential
    7.96039e+05    5.84690e+04   -1.92010e+05   -3.81992e+02    6.62116e+05
 Pressure (bar)    dVremain/dl
    4.64499e+03    0.00000e+00

           Step           Time
            132      132.00000

           Step           Time
            133      133.00000

   Energies (kJ/mol)
           Bond       G96Angle        LJ (SR)   Coulomb (SR)      Potential
    7.87108e+05    5.90012e+04   -1.94211e+05   -4.04411e+02    6.51494e+05
 Pressure (bar)    dVremain/dl
    4.61156e+03    0.00000e+00

           Step           Time
            134      134.00000

   Energies (kJ/mol)
           Bond       G96Angle        LJ (SR)   Coulomb (SR)      Potential
    7.77466e+05    5.95785e+04   -1.86746e+05   -4.28506e+02    6.49871e+05
 Pressure (bar)    dVremain/dl
    4.64823e+03    0.00000e+00

           Step           Time
            135      135.00000

           Step           Time
            136      136.00000

   Energies (kJ/mol)
           Bond       G96Angle        LJ (SR)   Coulomb (SR)      Potential
    7.76774e+05    5.96180e+04   -1.96060e+05   -4.30166e+02    6.39902e+05
 Pressure (bar)    dVremain/dl
    4.57829e+03    0.00000e+00

           Step           Time
            137      137.00000

   Energies (kJ/mol)
           Bond       G96Angle        LJ (SR)   Coulomb (SR)      Potential
    7.72067e+05    5.98994e+04   -1.98256e+05   -4.41739e+02    6.33268e+05
 Pressure (bar)    dVremain/dl
    4.55275e+03    0.00000e+00

           Step           Time
            138      138.00000

   Energies (kJ/mol)
           Bond       G96Angle        LJ (SR)   Coulomb (SR)      Potential
    7.63664e+05    6.04008e+04   -1.98130e+05   -4.62533e+02    6.25472e+05
 Pressure (bar)    dVremain/dl
    4.53795e+03    0.00000e+00

           Step           Time
            139      139.00000

   Energies (kJ/mol)
           Bond       G96Angle        LJ (SR)   Coulomb (SR)      Potential
    7.57568e+05    6.07607e+04   -2.00191e+05   -4.77801e+02    6.17660e+05
 Pressure (bar)    dVremain/dl
    4.51087e+03    0.00000e+00

           Step           Time
            140      140.00000

   Energies (kJ/mol)
           Bond       G96Angle        LJ (SR)   Coulomb (SR)      Potential
    7.41677e+05    6.17381e+04   -1.93382e+05   -5.16594e+02    6.09517e+05
 Pressure (bar)    dVremain/dl
    4.53333e+03    0.00000e+00

           Step           Time
            141      141.00000

           Step           Time
            142      142.00000

   Energies (kJ/mol)
           Bond       G96Angle        LJ (SR)   Coulomb (SR)      Potential
    7.39578e+05    6.18640e+04   -2.03693e+05   -5.21895e+02    5.97227e+05
 Pressure (bar)    dVremain/dl
    4.45156e+03    0.00000e+00

           Step           Time
            143      143.00000

   Energies (kJ/mol)
           Bond       G96Angle        LJ (SR)   Coulomb (SR)      Potential
    7.00919e+05    6.42741e+04   -2.04592e+05   -6.17341e+02    5.59984e+05
 Pressure (bar)    dVremain/dl
    4.37324e+03    0.00000e+00

           Step           Time
            144      144.00000

   Energies (kJ/mol)
           Bond       G96Angle        LJ (SR)   Coulomb (SR)      Potential
    6.96376e+05    6.45385e+04   -2.10931e+05   -6.28855e+02    5.49355e+05
 Pressure (bar)    dVremain/dl
    4.31561e+03    0.00000e+00

           Step           Time
            145      145.00000

   Energies (kJ/mol)
           Bond       G96Angle        LJ (SR)   Coulomb (SR)      Potential
    6.29564e+05    6.88931e+04   -2.07300e+05   -7.95242e+02    4.90361e+05
 Pressure (bar)    dVremain/dl
    4.21807e+03    0.00000e+00

           Step           Time
            146      146.00000

           Step           Time
            147      147.00000

   Energies (kJ/mol)
           Bond       G96Angle        LJ (SR)   Coulomb (SR)      Potential
    6.28382e+05    6.89686e+04   -2.16681e+05   -7.98292e+02    4.79872e+05
 Pressure (bar)    dVremain/dl
    4.14475e+03    0.00000e+00

           Step           Time
            148      148.00000

   Energies (kJ/mol)
           Bond       G96Angle        LJ (SR)   Coulomb (SR)      Potential
    6.19593e+05    6.95133e+04   -2.19164e+05   -8.20552e+02    4.69122e+05
 Pressure (bar)    dVremain/dl
    4.10839e+03    0.00000e+00

           Step           Time
            149      149.00000

           Step           Time
            150      150.00000

   Energies (kJ/mol)
           Bond       G96Angle        LJ (SR)   Coulomb (SR)      Potential
    6.11978e+05    6.99806e+04   -2.21116e+05   -8.40092e+02    4.60003e+05
 Pressure (bar)    dVremain/dl
    4.07801e+03    0.00000e+00

           Step           Time
            151      151.00000

   Energies (kJ/mol)
           Bond       G96Angle        LJ (SR)   Coulomb (SR)      Potential
    6.01093e+05    7.06509e+04   -2.22416e+05   -8.68197e+02    4.48460e+05
 Pressure (bar)    dVremain/dl
    4.04670e+03    0.00000e+00

           Step           Time
            152      152.00000

   Energies (kJ/mol)
           Bond       G96Angle        LJ (SR)   Coulomb (SR)      Potential
    5.89144e+05    7.13833e+04   -2.16113e+05   -8.99200e+02    4.43516e+05
 Pressure (bar)    dVremain/dl
    4.06930e+03    0.00000e+00

           Step           Time
            153      153.00000

   Energies (kJ/mol)
           Bond       G96Angle        LJ (SR)   Coulomb (SR)      Potential
    5.88249e+05    7.14486e+04   -2.18204e+05   -9.01544e+02    4.40592e+05
 Pressure (bar)    dVremain/dl
    4.05275e+03    0.00000e+00

           Step           Time
            154      154.00000

   Energies (kJ/mol)
           Bond       G96Angle        LJ (SR)   Coulomb (SR)      Potential
    5.85893e+05    7.15940e+04   -2.19533e+05   -9.07839e+02    4.37047e+05
 Pressure (bar)    dVremain/dl
    4.03830e+03    0.00000e+00

           Step           Time
            155      155.00000

           Step           Time
            156      156.00000

   Energies (kJ/mol)
           Bond       G96Angle        LJ (SR)   Coulomb (SR)      Potential
    5.84093e+05    7.17083e+04   -2.24075e+05   -9.12568e+02    4.30814e+05
 Pressure (bar)    dVremain/dl
    4.00019e+03    0.00000e+00

           Step           Time
            157      157.00000

   Energies (kJ/mol)
           Bond       G96Angle        LJ (SR)   Coulomb (SR)      Potential
    5.68401e+05    7.26949e+04   -2.26345e+05   -9.54025e+02    4.13797e+05
 Pressure (bar)    dVremain/dl
    3.95124e+03    0.00000e+00

           Step           Time
            158      158.00000

   Energies (kJ/mol)
           Bond       G96Angle        LJ (SR)   Coulomb (SR)      Potential
    5.44242e+05    7.42338e+04   -2.07913e+05   -1.01875e+03    4.09544e+05
 Pressure (bar)    dVremain/dl
    4.03819e+03    0.00000e+00

           Step           Time
            159      159.00000

           Step           Time
            160      160.00000

   Energies (kJ/mol)
           Bond       G96Angle        LJ (SR)   Coulomb (SR)      Potential
    5.44038e+05    7.42467e+04   -2.27229e+05   -1.01934e+03    3.90036e+05
 Pressure (bar)    dVremain/dl
    3.89520e+03    0.00000e+00

           Step           Time
            161      161.00000

   Energies (kJ/mol)
           Bond       G96Angle        LJ (SR)   Coulomb (SR)      Potential
    5.38403e+05    7.45598e+04   -2.26347e+05   -1.03490e+03    3.85581e+05
 Pressure (bar)    dVremain/dl
    3.89010e+03    0.00000e+00

           Step           Time
            162      162.00000

   Energies (kJ/mol)
           Bond       G96Angle        LJ (SR)   Coulomb (SR)      Potential
    5.36101e+05    7.47137e+04   -2.26829e+05   -1.04097e+03    3.82945e+05
 Pressure (bar)    dVremain/dl
    3.88129e+03    0.00000e+00

           Step           Time
            163      163.00000

   Energies (kJ/mol)
           Bond       G96Angle        LJ (SR)   Coulomb (SR)      Potential
    5.33038e+05    7.49074e+04   -2.26657e+05   -1.04967e+03    3.80239e+05
 Pressure (bar)    dVremain/dl
    3.87594e+03    0.00000e+00

           Step           Time
            164      164.00000

   Energies (kJ/mol)
           Bond       G96Angle        LJ (SR)   Coulomb (SR)      Potential
    5.30420e+05    7.50546e+04   -2.29372e+05   -1.05669e+03    3.75046e+05
 Pressure (bar)    dVremain/dl
    3.85044e+03    0.00000e+00

           Step           Time
            165      165.00000

           Step           Time
            166      166.00000

   Energies (kJ/mol)
           Bond       G96Angle        LJ (SR)   Coulomb (SR)      Potential
    5.22350e+05    7.55598e+04   -2.31579e+05   -1.07904e+03    3.65253e+05
 Pressure (bar)    dVremain/dl
    3.81647e+03    0.00000e+00

           Step           Time
            167      167.00000

   Energies (kJ/mol)
           Bond       G96Angle        LJ (SR)   Coulomb (SR)      Potential
    5.00007e+05    7.69225e+04   -2.27229e+05   -1.14199e+03    3.48558e+05
 Pressure (bar)    dVremain/dl
    3.80154e+03    0.00000e+00

           Step           Time
            168      168.00000

   Energies (kJ/mol)
           Bond       G96Angle        LJ (SR)   Coulomb (SR)      Potential
    4.98909e+05    7.70120e+04   -2.34263e+05   -1.14603e+03    3.40512e+05
 Pressure (bar)    dVremain/dl
    3.74488e+03    0.00000e+00

