                      :-) GROMACS - gmx grompp, 2022.5 (-:

Executable:   /softwares/gromacs/2022.5/bin/gmx
Data prefix:  /softwares/gromacs/2022.5
Working dir:  /data2/jackson/lipid_sorting/lipid_sorting_in_tubules/Tutorial/1.initial/work/61/6f803f970faae83b0a79b3e010556f
Command line:
  gmx grompp -c input.gro -p input.top -f eq.mdp -o eq.tpr -maxwarn 1

Ignoring obsolete mdp entry 'title'
Ignoring obsolete mdp entry 'ns_type'
Number of degrees of freedom in T-Coupling group System is 227370.00

GROMACS reminds you: "Make the Floor Burn" (2 Unlimited)

                      :-) GROMACS - gmx mdrun, 2022.5 (-:

Executable:   /softwares/gromacs/2022.5/bin/gmx
Data prefix:  /softwares/gromacs/2022.5
Working dir:  /data2/jackson/lipid_sorting/lipid_sorting_in_tubules/Tutorial/1.initial/work/61/6f803f970faae83b0a79b3e010556f
Command line:
  gmx mdrun -s eq.tpr -c eq.gro -nt 16

Reading file eq.tpr, VERSION 2022.5 (single precision)
Changing nstlist from 20 to 100, rlist from 1.1 to 1.138

Using 1 MPI thread
Using 16 OpenMP threads 


NOTE: The number of threads is not equal to the number of (logical) cpus
      and the -pin option is set to auto: will not pin threads to cpus.
      This can lead to significant performance degradation.
      Consider using -pin on (and -pinoffset in case you run multiple jobs).
starting mdrun 'Expect a large membrane in water'
125000 steps,    250.0 ps.

Writing final coordinates.

               Core t (s)   Wall t (s)        (%)
       Time:     2532.830      158.302     1600.0
                 (ns/day)    (hour/ns)
Performance:      136.449        0.176

GROMACS reminds you: "Encountered Subspace Anomaly" (Star Trek)

