                      :-) GROMACS - gmx mdrun, 2022.5 (-:

Copyright 1991-2022 The GROMACS Authors.
GROMACS is free software; you can redistribute it and/or modify it
under the terms of the GNU Lesser General Public License
as published by the Free Software Foundation; either version 2.1
of the License, or (at your option) any later version.

                         Current GROMACS contributors:
       Mark Abraham           Andrey Alekseenko           Cathrine Bergh      
      Christian Blau            Eliane Briand               Kevin Boyd        
     Oliver Fleetwood         Stefan Fleischmann           Vytas Gapsys       
       Gaurav Garg           Gilles Gouaillardet            Alan Gray         
      Victor Holanda           M. Eric Irrgang              Joe Jordan        
    Christoph Junghans        Prashanth Kanduri           Sebastian Kehl      
     Sebastian Keller          Carsten Kutzner           Magnus Lundborg      
       Pascal Merz              Dmitry Morozov             Szilard Pall       
      Roland Schulz             Michael Shirts         David van der Spoel    
     Alessandra Villa      Sebastian Wingbermuehle        Artem Zhmurov       

                         Previous GROMACS contributors:
        Emile Apol             Rossen Apostolov           James Barnett       
  Herman J.C. Berendsen          Par Bjelkmar           Viacheslav Bolnykh    
    Aldert van Buuren          Carlo Camilloni           Rudi van Drunen      
      Anton Feenstra           Gerrit Groenhof            Bert de Groot       
      Anca Hamuraru           Vincent Hindriksen         Aleksei Iupinov      
   Dimitrios Karkoulis           Peter Kasson               Jiri Kraus        
       Per Larsson             Justin A. Lemkul           Viveca Lindahl      
      Erik Marklund           Pieter Meulenhoff           Vedran Miletic      
      Teemu Murtola              Sander Pronk            Alexey Shvetsov      
      Alfons Sijbers            Peter Tieleman             Jon Vincent        
     Teemu Virolainen         Christian Wennberg           Maarten Wolf       

                  Coordinated by the GROMACS project leaders:
                    Paul Bauer, Berk Hess, and Erik Lindahl

GROMACS:      gmx mdrun, version 2022.5
Executable:   /softwares/gromacs/2022.5/bin/gmx
Data prefix:  /softwares/gromacs/2022.5
Working dir:  /data2/jackson/lipid_sorting/lipid_sorting_in_tubules/Tutorial/1.initial/work/56/aa50131db1e47c621d2e0a713cb898
Process ID:   1513602
Command line:
  gmx mdrun -s eq.tpr -c eq.gro -nt 16

GROMACS version:    2022.5
Precision:          mixed
Memory model:       64 bit
MPI library:        thread_mpi
OpenMP support:     enabled (GMX_OPENMP_MAX_THREADS = 128)
GPU support:        disabled
SIMD instructions:  AVX2_256
CPU FFT library:    fftw-3.3.8-sse2-avx-avx2-avx2_128
GPU FFT library:    none
RDTSCP usage:       enabled
TNG support:        enabled
Hwloc support:      disabled
Tracing support:    disabled
C compiler:         /usr/bin/cc GNU 9.4.0
C compiler flags:   -mavx2 -mfma -pthread -Wno-missing-field-initializers -fexcess-precision=fast -funroll-all-loops -O3 -DNDEBUG
C++ compiler:       /usr/bin/c++ GNU 9.4.0
C++ compiler flags: -mavx2 -mfma -pthread -Wno-missing-field-initializers -fexcess-precision=fast -funroll-all-loops -fopenmp -O3 -DNDEBUG


Running on 1 node with total 20 cores, 40 processing units
Hardware detected:
  CPU info:
    Vendor: Intel
    Brand:  Intel(R) Xeon(R) Silver 4210R CPU @ 2.40GHz
    Family: 6   Model: 85   Stepping: 7
    Features: aes apic avx avx2 avx512f avx512cd avx512bw avx512vl clfsh cmov cx8 cx16 f16c fma htt intel lahf mmx msr nonstop_tsc pcid pclmuldq pdcm pdpe1gb popcnt pse rdrnd rdtscp sse2 sse3 sse4.1 sse4.2 ssse3 tdt x2apic
    Number of AVX-512 FMA units: 1 (AVX2 is faster w/o 2 AVX-512 FMA units)
  Hardware topology: Basic
    Packages, cores, and logical processors:
    [indices refer to OS logical processors]
      Package  0: [   0  20] [   1  21] [   2  22] [   3  23] [   4  24] [   5  25] [   6  26] [   7  27] [   8  28] [   9  29]
      Package  1: [  10  30] [  11  31] [  12  32] [  13  33] [  14  34] [  15  35] [  16  36] [  17  37] [  18  38] [  19  39]
    CPU limit set by OS: -1   Recommended max number of threads: 40


++++ PLEASE READ AND CITE THE FOLLOWING REFERENCE ++++
M. J. Abraham, T. Murtola, R. Schulz, S. Páll, J. C. Smith, B. Hess, E.
Lindahl
GROMACS: High performance molecular simulations through multi-level
parallelism from laptops to supercomputers
SoftwareX 1 (2015) pp. 19-25
-------- -------- --- Thank You --- -------- --------


++++ PLEASE READ AND CITE THE FOLLOWING REFERENCE ++++
S. Páll, M. J. Abraham, C. Kutzner, B. Hess, E. Lindahl
Tackling Exascale Software Challenges in Molecular Dynamics Simulations with
GROMACS
In S. Markidis & E. Laure (Eds.), Solving Software Challenges for Exascale 8759 (2015) pp. 3-27
-------- -------- --- Thank You --- -------- --------


++++ PLEASE READ AND CITE THE FOLLOWING REFERENCE ++++
S. Pronk, S. Páll, R. Schulz, P. Larsson, P. Bjelkmar, R. Apostolov, M. R.
Shirts, J. C. Smith, P. M. Kasson, D. van der Spoel, B. Hess, and E. Lindahl
GROMACS 4.5: a high-throughput and highly parallel open source molecular
simulation toolkit
Bioinformatics 29 (2013) pp. 845-54
-------- -------- --- Thank You --- -------- --------


++++ PLEASE READ AND CITE THE FOLLOWING REFERENCE ++++
B. Hess and C. Kutzner and D. van der Spoel and E. Lindahl
GROMACS 4: Algorithms for highly efficient, load-balanced, and scalable
molecular simulation
J. Chem. Theory Comput. 4 (2008) pp. 435-447
-------- -------- --- Thank You --- -------- --------


++++ PLEASE READ AND CITE THE FOLLOWING REFERENCE ++++
D. van der Spoel, E. Lindahl, B. Hess, G. Groenhof, A. E. Mark and H. J. C.
Berendsen
GROMACS: Fast, Flexible and Free
J. Comp. Chem. 26 (2005) pp. 1701-1719
-------- -------- --- Thank You --- -------- --------


++++ PLEASE READ AND CITE THE FOLLOWING REFERENCE ++++
E. Lindahl and B. Hess and D. van der Spoel
GROMACS 3.0: A package for molecular simulation and trajectory analysis
J. Mol. Mod. 7 (2001) pp. 306-317
-------- -------- --- Thank You --- -------- --------


++++ PLEASE READ AND CITE THE FOLLOWING REFERENCE ++++
H. J. C. Berendsen, D. van der Spoel and R. van Drunen
GROMACS: A message-passing parallel molecular dynamics implementation
Comp. Phys. Comm. 91 (1995) pp. 43-56
-------- -------- --- Thank You --- -------- --------


++++ PLEASE CITE THE DOI FOR THIS VERSION OF GROMACS ++++
https://doi.org/10.5281/zenodo.7586780
-------- -------- --- Thank You --- -------- --------

Input Parameters:
   integrator                     = md
   tinit                          = 0
   dt                             = 0.002
   nsteps                         = 125000
   init-step                      = 0
   simulation-part                = 1
   mts                            = false
   comm-mode                      = Linear
   nstcomm                        = 100
   bd-fric                        = 0
   ld-seed                        = -1368069
   emtol                          = 10
   emstep                         = 0.01
   niter                          = 20
   fcstep                         = 0
   nstcgsteep                     = 1000
   nbfgscorr                      = 10
   rtpi                           = 0.05
   nstxout                        = 0
   nstvout                        = 0
   nstfout                        = 0
   nstlog                         = 1000
   nstcalcenergy                  = 100
   nstenergy                      = 1000
   nstxout-compressed             = 10000
   compressed-x-precision         = 100
   cutoff-scheme                  = Verlet
   nstlist                        = 20
   pbc                            = xyz
   periodic-molecules             = false
   verlet-buffer-tolerance        = 0.005
   rlist                          = 1.1
   coulombtype                    = Reaction-Field
   coulomb-modifier               = Potential-shift
   rcoulomb-switch                = 0
   rcoulomb                       = 1.1
   epsilon-r                      = 15
   epsilon-rf                     = inf
   vdw-type                       = Cut-off
   vdw-modifier                   = Potential-shift
   rvdw-switch                    = 0
   rvdw                           = 1.1
   DispCorr                       = No
   table-extension                = 1
   fourierspacing                 = 0.12
   fourier-nx                     = 0
   fourier-ny                     = 0
   fourier-nz                     = 0
   pme-order                      = 4
   ewald-rtol                     = 1e-05
   ewald-rtol-lj                  = 0.001
   lj-pme-comb-rule               = Geometric
   ewald-geometry                 = 3d
   epsilon-surface                = 0
   tcoupl                         = V-rescale
   nsttcouple                     = 10
   nh-chain-length                = 0
   print-nose-hoover-chain-variables = false
   pcoupl                         = No
   pcoupltype                     = Isotropic
   nstpcouple                     = -1
   tau-p                          = 4
   compressibility (3x3):
      compressibility[    0]={ 0.00000e+00,  0.00000e+00,  0.00000e+00}
      compressibility[    1]={ 0.00000e+00,  0.00000e+00,  0.00000e+00}
      compressibility[    2]={ 0.00000e+00,  0.00000e+00,  0.00000e+00}
   ref-p (3x3):
      ref-p[    0]={ 0.00000e+00,  0.00000e+00,  0.00000e+00}
      ref-p[    1]={ 0.00000e+00,  0.00000e+00,  0.00000e+00}
      ref-p[    2]={ 0.00000e+00,  0.00000e+00,  0.00000e+00}
   refcoord-scaling               = COM
   posres-com (3):
      posres-com[0]= 0.00000e+00
      posres-com[1]= 0.00000e+00
      posres-com[2]= 0.00000e+00
   posres-comB (3):
      posres-comB[0]= 0.00000e+00
      posres-comB[1]= 0.00000e+00
      posres-comB[2]= 0.00000e+00
   QMMM                           = false
qm-opts:
   ngQM                           = 0
   constraint-algorithm           = Lincs
   continuation                   = false
   Shake-SOR                      = false
   shake-tol                      = 0.0001
   lincs-order                    = 4
   lincs-iter                     = 1
   lincs-warnangle                = 90
   nwall                          = 0
   wall-type                      = 9-3
   wall-r-linpot                  = -1
   wall-atomtype[0]               = -1
   wall-atomtype[1]               = -1
   wall-density[0]                = 0
   wall-density[1]                = 0
   wall-ewald-zfac                = 3
   pull                           = false
   awh                            = false
   rotation                       = false
   interactiveMD                  = false
   disre                          = No
   disre-weighting                = Conservative
   disre-mixed                    = false
   dr-fc                          = 1000
   dr-tau                         = 0
   nstdisreout                    = 100
   orire-fc                       = 0
   orire-tau                      = 0
   nstorireout                    = 100
   free-energy                    = no
   cos-acceleration               = 0
   deform (3x3):
      deform[    0]={ 0.00000e+00,  0.00000e+00,  0.00000e+00}
      deform[    1]={ 0.00000e+00,  0.00000e+00,  0.00000e+00}
      deform[    2]={ 0.00000e+00,  0.00000e+00,  0.00000e+00}
   simulated-tempering            = false
   swapcoords                     = no
   userint1                       = 0
   userint2                       = 0
   userint3                       = 0
   userint4                       = 0
   userreal1                      = 0
   userreal2                      = 0
   userreal3                      = 0
   userreal4                      = 0
   applied-forces:
     electric-field:
       x:
         E0                       = 0
         omega                    = 0
         t0                       = 0
         sigma                    = 0
       y:
         E0                       = 0
         omega                    = 0
         t0                       = 0
         sigma                    = 0
       z:
         E0                       = 0
         omega                    = 0
         t0                       = 0
         sigma                    = 0
     density-guided-simulation:
       active                     = false
       group                      = protein
       similarity-measure         = inner-product
       atom-spreading-weight      = unity
       force-constant             = 1e+09
       gaussian-transform-spreading-width = 0.2
       gaussian-transform-spreading-range-in-multiples-of-width = 4
       reference-density-filename = reference.mrc
       nst                        = 1
       normalize-densities        = true
       adaptive-force-scaling     = false
       adaptive-force-scaling-time-constant = 4
       shift-vector               = 
       transformation-matrix      = 
     qmmm-cp2k:
       active                     = false
       qmgroup                    = System
       qmmethod                   = PBE
       qmfilenames                = 
       qmcharge                   = 0
       qmmultiplicity             = 1
grpopts:
   nrdf:       64509
   ref-t:         310
   tau-t:           1
annealing:          No
annealing-npoints:           0
   acc:	           0           0           0
   nfreeze:           N           N           N
   energygrp-flags[  0]: 0

Changing nstlist from 20 to 100, rlist from 1.1 to 1.111

When checking whether update groups are usable:
  Domain decomposition is not active, so there is no need for update groups
  No constraints or virtual sites are in use, so it is best not to use update groups
Using 1 MPI thread
Using 16 OpenMP threads 


NOTE: The number of threads is not equal to the number of (logical) cpus
      and the -pin option is set to auto: will not pin threads to cpus.
      This can lead to significant performance degradation.
      Consider using -pin on (and -pinoffset in case you run multiple jobs).
System total charge: 0.000
Reaction-Field:
epsRF = 0, rc = 1.1, krf = 0.375657, crf = 1.36364, epsfac = 9.26236
The electrostatics potential has its minimum at r = 1.1
Potential shift: LJ r^-12: -3.186e-01 r^-6: -5.645e-01


Using SIMD 4x8 nonbonded short-range kernels

Using a 4x8 pair-list setup:
  updated every 100 steps, buffer 0.011 nm, rlist 1.111 nm
At tolerance 0.005 kJ/mol/ps per atom, equivalent classical 1x1 list would be:
  updated every 100 steps, buffer 0.057 nm, rlist 1.157 nm

Using full Lennard-Jones parameter combination matrix
Removing pbc first time

++++ PLEASE READ AND CITE THE FOLLOWING REFERENCE ++++
G. Bussi, D. Donadio and M. Parrinello
Canonical sampling through velocity rescaling
J. Chem. Phys. 126 (2007) pp. 014101
-------- -------- --- Thank You --- -------- --------

There are: 21504 Atoms
Center of mass motion removal mode is Linear
We have the following groups for center of mass motion removal:
  0:  rest
Initial temperature: 0 K

Started mdrun on rank 0 Thu Feb  1 13:52:17 2024

           Step           Time
              0        0.00000

   Energies (kJ/mol)
           Bond       G96Angle        LJ (SR)   Coulomb (SR)      Potential
    1.03176e+04    3.74371e+04   -3.51748e+05   -4.91964e+03   -3.08914e+05
    Kinetic En.   Total Energy  Conserved En.    Temperature Pressure (bar)
    7.03350e-02   -3.08913e+05   -3.08913e+05    2.62269e-04    2.50786e+02

           Step           Time
           1000        2.00000

   Energies (kJ/mol)
           Bond       G96Angle        LJ (SR)   Coulomb (SR)      Potential
    1.51633e+04    1.61190e+04   -3.19615e+05   -4.90227e+03   -2.93235e+05
    Kinetic En.   Total Energy  Conserved En.    Temperature Pressure (bar)
    6.17457e+04   -2.31490e+05   -3.08966e+05    2.30241e+02   -3.78686e+01

           Step           Time
           2000        4.00000

   Energies (kJ/mol)
           Bond       G96Angle        LJ (SR)   Coulomb (SR)      Potential
    2.29431e+04    1.70532e+04   -3.17484e+05   -4.93751e+03   -2.82425e+05
    Kinetic En.   Total Energy  Conserved En.    Temperature Pressure (bar)
    7.71800e+04   -2.05245e+05   -3.09136e+05    2.87793e+02    3.19484e+01

           Step           Time
           3000        6.00000

   Energies (kJ/mol)
           Bond       G96Angle        LJ (SR)   Coulomb (SR)      Potential
    2.60016e+04    1.68501e+04   -3.17962e+05   -4.99755e+03   -2.80108e+05
    Kinetic En.   Total Energy  Conserved En.    Temperature Pressure (bar)
    8.05182e+04   -1.99589e+05   -3.09336e+05    3.00241e+02   -5.45988e+00

           Step           Time
           4000        8.00000

   Energies (kJ/mol)
           Bond       G96Angle        LJ (SR)   Coulomb (SR)      Potential
    2.60832e+04    1.65221e+04   -3.17672e+05   -5.09535e+03   -2.80162e+05
    Kinetic En.   Total Energy  Conserved En.    Temperature Pressure (bar)
    8.26778e+04   -1.97485e+05   -3.09539e+05    3.08294e+02   -1.68345e+01

           Step           Time
           5000       10.00000

   Energies (kJ/mol)
           Bond       G96Angle        LJ (SR)   Coulomb (SR)      Potential
    2.65956e+04    1.63848e+04   -3.17890e+05   -5.09882e+03   -2.80009e+05
    Kinetic En.   Total Energy  Conserved En.    Temperature Pressure (bar)
    8.32893e+04   -1.96720e+05   -3.09743e+05    3.10574e+02   -1.19758e+01

           Step           Time
           6000       12.00000

   Energies (kJ/mol)
           Bond       G96Angle        LJ (SR)   Coulomb (SR)      Potential
    2.64770e+04    1.63753e+04   -3.18926e+05   -5.03501e+03   -2.81109e+05
    Kinetic En.   Total Energy  Conserved En.    Temperature Pressure (bar)
    8.36863e+04   -1.97423e+05   -3.09962e+05    3.12054e+02   -1.43915e+01

           Step           Time
           7000       14.00000

   Energies (kJ/mol)
           Bond       G96Angle        LJ (SR)   Coulomb (SR)      Potential
    2.67405e+04    1.60138e+04   -3.19792e+05   -4.97150e+03   -2.82009e+05
    Kinetic En.   Total Energy  Conserved En.    Temperature Pressure (bar)
    8.38819e+04   -1.98127e+05   -3.10176e+05    3.12784e+02   -2.53367e+01

           Step           Time
           8000       16.00000

   Energies (kJ/mol)
           Bond       G96Angle        LJ (SR)   Coulomb (SR)      Potential
    2.68930e+04    1.58517e+04   -3.19341e+05   -5.29197e+03   -2.81889e+05
    Kinetic En.   Total Energy  Conserved En.    Temperature Pressure (bar)
    8.34455e+04   -1.98443e+05   -3.10391e+05    3.11156e+02   -1.22241e+01

           Step           Time
           9000       18.00000

   Energies (kJ/mol)
           Bond       G96Angle        LJ (SR)   Coulomb (SR)      Potential
    2.69739e+04    1.57751e+04   -3.20339e+05   -5.20410e+03   -2.82794e+05
    Kinetic En.   Total Energy  Conserved En.    Temperature Pressure (bar)
    8.27249e+04   -2.00069e+05   -3.10607e+05    3.08469e+02   -3.06198e+01

           Step           Time
          10000       20.00000

   Energies (kJ/mol)
           Bond       G96Angle        LJ (SR)   Coulomb (SR)      Potential
    2.68979e+04    1.58162e+04   -3.20743e+05   -5.46782e+03   -2.83497e+05
    Kinetic En.   Total Energy  Conserved En.    Temperature Pressure (bar)
    8.27253e+04   -2.00771e+05   -3.10830e+05    3.08471e+02   -2.92610e+01

           Step           Time
          11000       22.00000

   Energies (kJ/mol)
           Bond       G96Angle        LJ (SR)   Coulomb (SR)      Potential
    2.72060e+04    1.56289e+04   -3.21762e+05   -5.39214e+03   -2.84319e+05
    Kinetic En.   Total Energy  Conserved En.    Temperature Pressure (bar)
    8.26945e+04   -2.01624e+05   -3.11043e+05    3.08356e+02   -2.60660e+01

           Step           Time
          12000       24.00000

   Energies (kJ/mol)
           Bond       G96Angle        LJ (SR)   Coulomb (SR)      Potential
    2.66998e+04    1.55741e+04   -3.22042e+05   -5.41363e+03   -2.85181e+05
    Kinetic En.   Total Energy  Conserved En.    Temperature Pressure (bar)
    8.35128e+04   -2.01668e+05   -3.11260e+05    3.11407e+02   -1.71726e+01

           Step           Time
          13000       26.00000

   Energies (kJ/mol)
           Bond       G96Angle        LJ (SR)   Coulomb (SR)      Potential
    2.70887e+04    1.59248e+04   -3.22637e+05   -5.31214e+03   -2.84936e+05
    Kinetic En.   Total Energy  Conserved En.    Temperature Pressure (bar)
    8.28111e+04   -2.02125e+05   -3.11476e+05    3.08790e+02   -2.18926e+01

           Step           Time
          14000       28.00000

   Energies (kJ/mol)
           Bond       G96Angle        LJ (SR)   Coulomb (SR)      Potential
    2.70498e+04    1.52899e+04   -3.22478e+05   -5.37221e+03   -2.85511e+05
    Kinetic En.   Total Energy  Conserved En.    Temperature Pressure (bar)
    8.33233e+04   -2.02188e+05   -3.11692e+05    3.10701e+02   -2.45967e+01

           Step           Time
          15000       30.00000

   Energies (kJ/mol)
           Bond       G96Angle        LJ (SR)   Coulomb (SR)      Potential
    2.71545e+04    1.54458e+04   -3.23440e+05   -5.37374e+03   -2.86213e+05
    Kinetic En.   Total Energy  Conserved En.    Temperature Pressure (bar)
    8.27269e+04   -2.03486e+05   -3.11907e+05    3.08477e+02   -2.32378e+01

           Step           Time
          16000       32.00000

   Energies (kJ/mol)
           Bond       G96Angle        LJ (SR)   Coulomb (SR)      Potential
    2.65038e+04    1.55086e+04   -3.23887e+05   -5.29064e+03   -2.87165e+05
    Kinetic En.   Total Energy  Conserved En.    Temperature Pressure (bar)
    8.32646e+04   -2.03901e+05   -3.12125e+05    3.10482e+02   -2.01102e+01

           Step           Time
          17000       34.00000

   Energies (kJ/mol)
           Bond       G96Angle        LJ (SR)   Coulomb (SR)      Potential
    2.69469e+04    1.55973e+04   -3.24591e+05   -5.38795e+03   -2.87435e+05
    Kinetic En.   Total Energy  Conserved En.    Temperature Pressure (bar)
    8.39730e+04   -2.03462e+05   -3.12344e+05    3.13123e+02   -8.49239e+00

           Step           Time
          18000       36.00000

   Energies (kJ/mol)
           Bond       G96Angle        LJ (SR)   Coulomb (SR)      Potential
    2.77828e+04    1.55931e+04   -3.25363e+05   -5.47162e+03   -2.87459e+05
    Kinetic En.   Total Energy  Conserved En.    Temperature Pressure (bar)
    8.32710e+04   -2.04188e+05   -3.12567e+05    3.10505e+02   -3.27351e+01

           Step           Time
          19000       38.00000

   Energies (kJ/mol)
           Bond       G96Angle        LJ (SR)   Coulomb (SR)      Potential
    2.68862e+04    1.52953e+04   -3.25732e+05   -5.35643e+03   -2.88907e+05
    Kinetic En.   Total Energy  Conserved En.    Temperature Pressure (bar)
    8.32686e+04   -2.05638e+05   -3.12784e+05    3.10497e+02   -2.06814e+01

           Step           Time
          20000       40.00000

   Energies (kJ/mol)
           Bond       G96Angle        LJ (SR)   Coulomb (SR)      Potential
    2.73096e+04    1.54708e+04   -3.26287e+05   -5.40279e+03   -2.88910e+05
    Kinetic En.   Total Energy  Conserved En.    Temperature Pressure (bar)
    8.33955e+04   -2.05514e+05   -3.13003e+05    3.10970e+02   -2.00887e+01

           Step           Time
          21000       42.00000

   Energies (kJ/mol)
           Bond       G96Angle        LJ (SR)   Coulomb (SR)      Potential
    2.77662e+04    1.53829e+04   -3.26519e+05   -5.37391e+03   -2.88743e+05
    Kinetic En.   Total Energy  Conserved En.    Temperature Pressure (bar)
    8.32273e+04   -2.05516e+05   -3.13227e+05    3.10343e+02   -2.48009e+01

           Step           Time
          22000       44.00000

   Energies (kJ/mol)
           Bond       G96Angle        LJ (SR)   Coulomb (SR)      Potential
    2.71652e+04    1.52581e+04   -3.27254e+05   -5.45783e+03   -2.90289e+05
    Kinetic En.   Total Energy  Conserved En.    Temperature Pressure (bar)
    8.27391e+04   -2.07550e+05   -3.13443e+05    3.08522e+02   -2.09826e+01

           Step           Time
          23000       46.00000

   Energies (kJ/mol)
           Bond       G96Angle        LJ (SR)   Coulomb (SR)      Potential
    2.69871e+04    1.52721e+04   -3.27817e+05   -5.40565e+03   -2.90963e+05
    Kinetic En.   Total Energy  Conserved En.    Temperature Pressure (bar)
    8.33682e+04   -2.07595e+05   -3.13663e+05    3.10868e+02   -2.70257e+01

           Step           Time
          24000       48.00000

   Energies (kJ/mol)
           Bond       G96Angle        LJ (SR)   Coulomb (SR)      Potential
    2.77138e+04    1.51256e+04   -3.28371e+05   -5.51277e+03   -2.91044e+05
    Kinetic En.   Total Energy  Conserved En.    Temperature Pressure (bar)
    8.26281e+04   -2.08416e+05   -3.13886e+05    3.08108e+02   -1.79138e+01

           Step           Time
          25000       50.00000

   Energies (kJ/mol)
           Bond       G96Angle        LJ (SR)   Coulomb (SR)      Potential
    2.72070e+04    1.52807e+04   -3.28673e+05   -5.43927e+03   -2.91624e+05
    Kinetic En.   Total Energy  Conserved En.    Temperature Pressure (bar)
    8.37211e+04   -2.07903e+05   -3.14105e+05    3.12184e+02   -1.20357e+01

           Step           Time
          26000       52.00000

   Energies (kJ/mol)
           Bond       G96Angle        LJ (SR)   Coulomb (SR)      Potential
    2.70927e+04    1.48031e+04   -3.29396e+05   -5.22003e+03   -2.92720e+05
    Kinetic En.   Total Energy  Conserved En.    Temperature Pressure (bar)
    8.32022e+04   -2.09518e+05   -3.14327e+05    3.10249e+02   -2.24222e+01

           Step           Time
          27000       54.00000

   Energies (kJ/mol)
           Bond       G96Angle        LJ (SR)   Coulomb (SR)      Potential
    2.69322e+04    1.48787e+04   -3.29673e+05   -5.20818e+03   -2.93070e+05
    Kinetic En.   Total Energy  Conserved En.    Temperature Pressure (bar)
    8.34284e+04   -2.09642e+05   -3.14548e+05    3.11092e+02   -1.52020e+01

           Step           Time
          28000       56.00000

   Energies (kJ/mol)
           Bond       G96Angle        LJ (SR)   Coulomb (SR)      Potential
    2.66594e+04    1.51734e+04   -3.30457e+05   -5.29289e+03   -2.93917e+05
    Kinetic En.   Total Energy  Conserved En.    Temperature Pressure (bar)
    8.37584e+04   -2.10159e+05   -3.14768e+05    3.12323e+02   -1.21193e+01

           Step           Time
          29000       58.00000

   Energies (kJ/mol)
           Bond       G96Angle        LJ (SR)   Coulomb (SR)      Potential
    2.76621e+04    1.52437e+04   -3.31015e+05   -5.39400e+03   -2.93503e+05
    Kinetic En.   Total Energy  Conserved En.    Temperature Pressure (bar)
    8.37232e+04   -2.09780e+05   -3.14989e+05    3.12192e+02   -2.32190e+00

           Step           Time
          30000       60.00000

   Energies (kJ/mol)
           Bond       G96Angle        LJ (SR)   Coulomb (SR)      Potential
    2.72423e+04    1.53180e+04   -3.31873e+05   -5.41026e+03   -2.94722e+05
    Kinetic En.   Total Energy  Conserved En.    Temperature Pressure (bar)
    8.41272e+04   -2.10595e+05   -3.15209e+05    3.13698e+02   -5.01911e+00

           Step           Time
          31000       62.00000

   Energies (kJ/mol)
           Bond       G96Angle        LJ (SR)   Coulomb (SR)      Potential
    2.73697e+04    1.52027e+04   -3.32084e+05   -5.34400e+03   -2.94855e+05
    Kinetic En.   Total Energy  Conserved En.    Temperature Pressure (bar)
    8.34156e+04   -2.11440e+05   -3.15426e+05    3.11045e+02   -1.36534e+01

           Step           Time
          32000       64.00000

   Energies (kJ/mol)
           Bond       G96Angle        LJ (SR)   Coulomb (SR)      Potential
    2.69594e+04    1.52131e+04   -3.32656e+05   -5.34467e+03   -2.95828e+05
    Kinetic En.   Total Energy  Conserved En.    Temperature Pressure (bar)
    8.35637e+04   -2.12265e+05   -3.15648e+05    3.11597e+02   -9.15641e-01

           Step           Time
          33000       66.00000

   Energies (kJ/mol)
           Bond       G96Angle        LJ (SR)   Coulomb (SR)      Potential
    2.70811e+04    1.53948e+04   -3.33193e+05   -5.44643e+03   -2.96163e+05
    Kinetic En.   Total Energy  Conserved En.    Temperature Pressure (bar)
    8.32309e+04   -2.12932e+05   -3.15872e+05    3.10356e+02   -7.23164e+00

           Step           Time
          34000       68.00000

   Energies (kJ/mol)
           Bond       G96Angle        LJ (SR)   Coulomb (SR)      Potential
    2.69144e+04    1.52329e+04   -3.34295e+05   -5.44726e+03   -2.97595e+05
    Kinetic En.   Total Energy  Conserved En.    Temperature Pressure (bar)
    8.30200e+04   -2.14575e+05   -3.16093e+05    3.09570e+02   -7.39744e+00

           Step           Time
          35000       70.00000

   Energies (kJ/mol)
           Bond       G96Angle        LJ (SR)   Coulomb (SR)      Potential
    2.73148e+04    1.52243e+04   -3.33615e+05   -5.40071e+03   -2.96477e+05
    Kinetic En.   Total Energy  Conserved En.    Temperature Pressure (bar)
    8.36799e+04   -2.12797e+05   -3.16313e+05    3.12030e+02    9.93957e-01

           Step           Time
          36000       72.00000

   Energies (kJ/mol)
           Bond       G96Angle        LJ (SR)   Coulomb (SR)      Potential
    2.71858e+04    1.52327e+04   -3.34038e+05   -5.48666e+03   -2.97106e+05
    Kinetic En.   Total Energy  Conserved En.    Temperature Pressure (bar)
    8.31449e+04   -2.13961e+05   -3.16535e+05    3.10035e+02    2.78715e+00

           Step           Time
          37000       74.00000

   Energies (kJ/mol)
           Bond       G96Angle        LJ (SR)   Coulomb (SR)      Potential
    2.72068e+04    1.49587e+04   -3.34472e+05   -5.54152e+03   -2.97848e+05
    Kinetic En.   Total Energy  Conserved En.    Temperature Pressure (bar)
    8.39398e+04   -2.13908e+05   -3.16760e+05    3.12999e+02   -3.50132e+00

           Step           Time
          38000       76.00000

   Energies (kJ/mol)
           Bond       G96Angle        LJ (SR)   Coulomb (SR)      Potential
    2.71923e+04    1.53247e+04   -3.36625e+05   -5.44327e+03   -2.99552e+05
    Kinetic En.   Total Energy  Conserved En.    Temperature Pressure (bar)
    8.33524e+04   -2.16199e+05   -3.16984e+05    3.10809e+02    3.94152e-01

           Step           Time
          39000       78.00000

   Energies (kJ/mol)
           Bond       G96Angle        LJ (SR)   Coulomb (SR)      Potential
    2.70726e+04    1.50580e+04   -3.35677e+05   -5.43861e+03   -2.98985e+05
    Kinetic En.   Total Energy  Conserved En.    Temperature Pressure (bar)
    8.32034e+04   -2.15782e+05   -3.17211e+05    3.10253e+02   -1.40239e+00

           Step           Time
          40000       80.00000

   Energies (kJ/mol)
           Bond       G96Angle        LJ (SR)   Coulomb (SR)      Potential
    2.74038e+04    1.51755e+04   -3.37197e+05   -5.54464e+03   -3.00162e+05
    Kinetic En.   Total Energy  Conserved En.    Temperature Pressure (bar)
    8.35592e+04   -2.16603e+05   -3.17433e+05    3.11580e+02   -2.71994e+00

           Step           Time
          41000       82.00000

   Energies (kJ/mol)
           Bond       G96Angle        LJ (SR)   Coulomb (SR)      Potential
    2.70711e+04    1.50931e+04   -3.36974e+05   -5.45756e+03   -3.00268e+05
    Kinetic En.   Total Energy  Conserved En.    Temperature Pressure (bar)
    8.34866e+04   -2.16781e+05   -3.17654e+05    3.11310e+02   -9.42221e-02

           Step           Time
          42000       84.00000

   Energies (kJ/mol)
           Bond       G96Angle        LJ (SR)   Coulomb (SR)      Potential
    2.74044e+04    1.51309e+04   -3.37416e+05   -5.52602e+03   -3.00406e+05
    Kinetic En.   Total Energy  Conserved En.    Temperature Pressure (bar)
    8.32943e+04   -2.17112e+05   -3.17874e+05    3.10592e+02   -4.18527e+00

           Step           Time
          43000       86.00000

   Energies (kJ/mol)
           Bond       G96Angle        LJ (SR)   Coulomb (SR)      Potential
    2.69431e+04    1.51684e+04   -3.37088e+05   -5.39836e+03   -3.00375e+05
    Kinetic En.   Total Energy  Conserved En.    Temperature Pressure (bar)
    8.33780e+04   -2.16997e+05   -3.18095e+05    3.10905e+02    2.33307e+00

           Step           Time
          44000       88.00000

   Energies (kJ/mol)
           Bond       G96Angle        LJ (SR)   Coulomb (SR)      Potential
    2.70774e+04    1.53141e+04   -3.37544e+05   -5.54271e+03   -3.00695e+05
    Kinetic En.   Total Energy  Conserved En.    Temperature Pressure (bar)
    8.40713e+04   -2.16623e+05   -3.18320e+05    3.13490e+02    7.65644e+00

           Step           Time
          45000       90.00000

   Energies (kJ/mol)
           Bond       G96Angle        LJ (SR)   Coulomb (SR)      Potential
    2.72858e+04    1.52488e+04   -3.37450e+05   -5.59092e+03   -3.00506e+05
    Kinetic En.   Total Energy  Conserved En.    Temperature Pressure (bar)
    8.32631e+04   -2.17243e+05   -3.18550e+05    3.10476e+02    5.48359e+00

           Step           Time
          46000       92.00000

   Energies (kJ/mol)
           Bond       G96Angle        LJ (SR)   Coulomb (SR)      Potential
    2.77592e+04    1.52684e+04   -3.38201e+05   -5.55275e+03   -3.00727e+05
    Kinetic En.   Total Energy  Conserved En.    Temperature Pressure (bar)
    8.30229e+04   -2.17704e+05   -3.18773e+05    3.09580e+02    1.47607e+01



Received the INT signal, stopping within 100 steps



Received the second INT/TERM signal, stopping within 11 steps

           Step           Time
          46081       92.16200

Writing checkpoint, step 46081 at Thu Feb  1 13:52:44 2024


   Energies (kJ/mol)
           Bond       G96Angle        LJ (SR)   Coulomb (SR)      Potential
    2.72167e+04    1.53528e+04   -3.38664e+05   -5.63448e+03   -3.01729e+05
    Kinetic En.   Total Energy  Conserved En.    Temperature Pressure (bar)
    8.41236e+04   -2.17606e+05   -3.18780e+05    3.13685e+02    9.89669e+00


Energy conservation over simulation part #1 of length 92.162 ps, time 0 to 92.162 ps
  Conserved energy drift: -4.98e-03 kJ/mol/ps per atom


	<======  ###############  ==>
	<====  A V E R A G E S  ====>
	<==  ###############  ======>

	Statistics over 46082 steps using 461 frames

   Energies (kJ/mol)
           Bond       G96Angle        LJ (SR)   Coulomb (SR)      Potential
    2.64659e+04    1.56984e+04   -3.28126e+05   -5.34302e+03   -2.91305e+05
    Kinetic En.   Total Energy  Conserved En.    Temperature Pressure (bar)
    8.19972e+04   -2.09308e+05   -3.13688e+05    3.05756e+02   -1.01901e+01

   Total Virial (kJ/mol)
    2.96740e+04   -4.45071e+00   -9.08946e+01
   -4.45101e+00    2.96948e+04   -8.08967e+01
   -9.08976e+01   -8.08998e+01    3.09128e+04

   Pressure (bar)
   -8.25273e+00    2.31451e-02    3.31590e-01
    2.31462e-02   -8.38737e+00    2.72624e-01
    3.31601e-01    2.72636e-01   -1.39303e+01


	M E G A - F L O P S   A C C O U N T I N G

 NB=Group-cutoff nonbonded kernels    NxN=N-by-N cluster Verlet kernels
 RF=Reaction-Field  VdW=Van der Waals  QSTab=quadratic-spline table
 W3=SPC/TIP3p  W4=TIP4p (single or pairs)
 V&F=Potential and force  V=Potential only  F=Force only

 Computing:                               M-Number         M-Flops  % Flops
-----------------------------------------------------------------------------
 Pair Search distance check            1219.367804       10974.310     0.3
 NxN RF Elec. + LJ [F]                37261.383280     1415932.565    33.6
 NxN RF Elec. + LJ [V&F]                377.396080       20379.388     0.5
 NxN LJ [F]                           77360.727424     2552904.005    60.6
 NxN LJ [V&F]                           783.516864       33691.225     0.8
 NxN RF Electrostatics [F]              236.073136        7318.267     0.2
 NxN RF Electrostatics [V&F]              2.389936          86.038     0.0
 Shift-X                                  9.913344          59.480     0.0
 Bonds                                  908.368384       53593.735     1.3
 Angles                                 660.631552      110986.101     2.6
 Virial                                   9.955638         179.201     0.0
 Stop-CM                                  9.934848          99.348     0.0
 Calc-Ekin                              198.245376        5352.625     0.1
-----------------------------------------------------------------------------
 Total                                                 4211556.289   100.0
-----------------------------------------------------------------------------


     R E A L   C Y C L E   A N D   T I M E   A C C O U N T I N G

On 1 MPI rank, each using 16 OpenMP threads

 Computing:          Num   Num      Call    Wall time         Giga-Cycles
                     Ranks Threads  Count      (s)         total sum    %
-----------------------------------------------------------------------------
 Neighbor search        1   16        461       0.673         25.776   2.5
 Force                  1   16      46082      22.234        851.778  82.9
 NB X/F buffer ops.     1   16      91703       2.819        108.011  10.5
 Write traj.            1   16          6       0.058          2.219   0.2
 Update                 1   16      46082       0.747         28.624   2.8
 Rest                                           0.302         11.552   1.1
-----------------------------------------------------------------------------
 Total                                         26.833       1027.961 100.0
-----------------------------------------------------------------------------

               Core t (s)   Wall t (s)        (%)
       Time:      429.315       26.833     1600.0
                 (ns/day)    (hour/ns)
Performance:      296.763        0.081
Finished mdrun on rank 0 Thu Feb  1 13:52:44 2024

